2026-02-21T05:55:19.294481Z  INFO tailwindcss_oxide::scanner: Provided sources:
2026-02-21T05:55:19.294601Z  INFO tailwindcss_oxide::scanner: Source: PublicSourceEntry { base: "C:\\Users\\Administrator\\Documents\\Project g-labs\\web-oven", pattern: "**/*", negated: false }
2026-02-21T05:55:19.294926Z  INFO tailwindcss_oxide::scanner: Optimized sources:
2026-02-21T05:55:19.294986Z  INFO tailwindcss_oxide::scanner: Source: Auto { base: "C:\\Users\\Administrator\\Documents\\Project g-labs\\web-oven" }
2026-02-21T05:55:19.297327Z  INFO scan_sources: tailwindcss_oxide::scanner: enter
2026-02-21T05:55:19.299001Z  INFO scan_sources: tailwindcss_oxide::scanner: Discovering "C:\\Users\\Administrator\\Documents\\Project g-labs\\web-oven\\.dockerignore"
2026-02-21T05:55:19.299085Z  INFO scan_sources: tailwindcss_oxide::scanner: Discovering "C:\\Users\\Administrator\\Documents\\Project g-labs\\web-oven\\.env.example"
2026-02-21T05:55:19.299449Z  INFO scan_sources: tailwindcss_oxide::scanner: Discovering "C:\\Users\\Administrator\\Documents\\Project g-labs\\web-oven\\docker-compose.yml"
2026-02-21T05:55:19.299520Z  INFO scan_sources: tailwindcss_oxide::scanner: Discovering "C:\\Users\\Administrator\\Documents\\Project g-labs\\web-oven\\docker-entrypoint.sh"
2026-02-21T05:55:19.299582Z  INFO scan_sources: tailwindcss_oxide::scanner: Discovering "C:\\Users\\Administrator\\Documents\\Project g-labs\\web-oven\\Dockerfile"
2026-02-21T05:55:19.299645Z  INFO scan_sources: tailwindcss_oxide::scanner: Discovering "C:\\Users\\Administrator\\Documents\\Project g-labs\\web-oven\\infra.md"
2026-02-21T05:55:19.299714Z  INFO scan_sources: tailwindcss_oxide::scanner: Discovering "C:\\Users\\Administrator\\Documents\\Project g-labs\\web-oven\\next.config.ts"
2026-02-21T05:55:19.299934Z  INFO scan_sources: tailwindcss_oxide::scanner: Discovering "C:\\Users\\Administrator\\Documents\\Project g-labs\\web-oven\\package.json"
2026-02-21T05:55:19.299997Z  INFO scan_sources: tailwindcss_oxide::scanner: Discovering "C:\\Users\\Administrator\\Documents\\Project g-labs\\web-oven\\postcss.config.mjs"
2026-02-21T05:55:19.300108Z  INFO scan_sources: tailwindcss_oxide::scanner: Discovering "C:\\Users\\Administrator\\Documents\\Project g-labs\\web-oven\\prisma"
2026-02-21T05:55:19.300235Z  INFO scan_sources: tailwindcss_oxide::scanner: Discovering "C:\\Users\\Administrator\\Documents\\Project g-labs\\web-oven\\prisma\\schema.prisma"
2026-02-21T05:55:19.300305Z  INFO scan_sources: tailwindcss_oxide::scanner: Discovering "C:\\Users\\Administrator\\Documents\\Project g-labs\\web-oven\\prisma\\seed.ts"
2026-02-21T05:55:19.300384Z  INFO scan_sources: tailwindcss_oxide::scanner: Discovering "C:\\Users\\Administrator\\Documents\\Project g-labs\\web-oven\\prisma.config.ts"
2026-02-21T05:55:19.300484Z  INFO scan_sources: tailwindcss_oxide::scanner: Discovering "C:\\Users\\Administrator\\Documents\\Project g-labs\\web-oven\\public"
2026-02-21T05:55:19.300611Z  INFO scan_sources: tailwindcss_oxide::scanner: Discovering "C:\\Users\\Administrator\\Documents\\Project g-labs\\web-oven\\public\\file.svg"
2026-02-21T05:55:19.300716Z  INFO scan_sources: tailwindcss_oxide::scanner: Discovering "C:\\Users\\Administrator\\Documents\\Project g-labs\\web-oven\\public\\globe.svg"
2026-02-21T05:55:19.300809Z  INFO scan_sources: tailwindcss_oxide::scanner: Discovering "C:\\Users\\Administrator\\Documents\\Project g-labs\\web-oven\\public\\next.svg"
2026-02-21T05:55:19.300891Z  INFO scan_sources: tailwindcss_oxide::scanner: Discovering "C:\\Users\\Administrator\\Documents\\Project g-labs\\web-oven\\public\\vercel.svg"
2026-02-21T05:55:19.300968Z  INFO scan_sources: tailwindcss_oxide::scanner: Discovering "C:\\Users\\Administrator\\Documents\\Project g-labs\\web-oven\\public\\window.svg"
2026-02-21T05:55:19.301079Z  INFO scan_sources: tailwindcss_oxide::scanner: Discovering "C:\\Users\\Administrator\\Documents\\Project g-labs\\web-oven\\README.md"
2026-02-21T05:55:19.301225Z  INFO scan_sources: tailwindcss_oxide::scanner: Discovering "C:\\Users\\Administrator\\Documents\\Project g-labs\\web-oven\\src"
2026-02-21T05:55:19.301536Z  INFO scan_sources: tailwindcss_oxide::scanner: Discovering "C:\\Users\\Administrator\\Documents\\Project g-labs\\web-oven\\src\\app"
2026-02-21T05:55:19.301769Z  INFO scan_sources: tailwindcss_oxide::scanner: Discovering "C:\\Users\\Administrator\\Documents\\Project g-labs\\web-oven\\src\\app\\(auth)"
2026-02-21T05:55:19.302028Z  INFO scan_sources: tailwindcss_oxide::scanner: Discovering "C:\\Users\\Administrator\\Documents\\Project g-labs\\web-oven\\src\\app\\(auth)\\login"
2026-02-21T05:55:19.302216Z  INFO scan_sources: tailwindcss_oxide::scanner: Discovering "C:\\Users\\Administrator\\Documents\\Project g-labs\\web-oven\\src\\app\\(auth)\\login\\page.tsx"
2026-02-21T05:55:19.302388Z  INFO scan_sources: tailwindcss_oxide::scanner: Discovering "C:\\Users\\Administrator\\Documents\\Project g-labs\\web-oven\\src\\app\\(auth)\\pending"
2026-02-21T05:55:19.302531Z  INFO scan_sources: tailwindcss_oxide::scanner: Discovering "C:\\Users\\Administrator\\Documents\\Project g-labs\\web-oven\\src\\app\\(auth)\\pending\\page.tsx"
2026-02-21T05:55:19.302650Z  INFO scan_sources: tailwindcss_oxide::scanner: Discovering "C:\\Users\\Administrator\\Documents\\Project g-labs\\web-oven\\src\\app\\(auth)\\register"
2026-02-21T05:55:19.302772Z  INFO scan_sources: tailwindcss_oxide::scanner: Discovering "C:\\Users\\Administrator\\Documents\\Project g-labs\\web-oven\\src\\app\\(auth)\\register\\page.tsx"
2026-02-21T05:55:19.302917Z  INFO scan_sources: tailwindcss_oxide::scanner: Discovering "C:\\Users\\Administrator\\Documents\\Project g-labs\\web-oven\\src\\app\\(dashboard)"
2026-02-21T05:55:19.303076Z  INFO scan_sources: tailwindcss_oxide::scanner: Discovering "C:\\Users\\Administrator\\Documents\\Project g-labs\\web-oven\\src\\app\\(dashboard)\\admin"
2026-02-21T05:55:19.303237Z  INFO scan_sources: tailwindcss_oxide::scanner: Discovering "C:\\Users\\Administrator\\Documents\\Project g-labs\\web-oven\\src\\app\\(dashboard)\\admin\\bookings"
2026-02-21T05:55:19.303373Z  INFO scan_sources: tailwindcss_oxide::scanner: Discovering "C:\\Users\\Administrator\\Documents\\Project g-labs\\web-oven\\src\\app\\(dashboard)\\admin\\bookings\\action-buttons.tsx"
2026-02-21T05:55:19.303433Z  INFO scan_sources: tailwindcss_oxide::scanner: Discovering "C:\\Users\\Administrator\\Documents\\Project g-labs\\web-oven\\src\\app\\(dashboard)\\admin\\bookings\\booking-management-form.tsx"
2026-02-21T05:55:19.303499Z  INFO scan_sources: tailwindcss_oxide::scanner: Discovering "C:\\Users\\Administrator\\Documents\\Project g-labs\\web-oven\\src\\app\\(dashboard)\\admin\\bookings\\page.tsx"
2026-02-21T05:55:19.303635Z  INFO scan_sources: tailwindcss_oxide::scanner: Discovering "C:\\Users\\Administrator\\Documents\\Project g-labs\\web-oven\\src\\app\\(dashboard)\\admin\\bookings\\[id]"
2026-02-21T05:55:19.303759Z  INFO scan_sources: tailwindcss_oxide::scanner: Discovering "C:\\Users\\Administrator\\Documents\\Project g-labs\\web-oven\\src\\app\\(dashboard)\\admin\\bookings\\[id]\\page.tsx"
2026-02-21T05:55:19.303894Z  INFO scan_sources: tailwindcss_oxide::scanner: Discovering "C:\\Users\\Administrator\\Documents\\Project g-labs\\web-oven\\src\\app\\(dashboard)\\admin\\ovens"
2026-02-21T05:55:19.304018Z  INFO scan_sources: tailwindcss_oxide::scanner: Discovering "C:\\Users\\Administrator\\Documents\\Project g-labs\\web-oven\\src\\app\\(dashboard)\\admin\\ovens\\action-buttons.tsx"
2026-02-21T05:55:19.304077Z  INFO scan_sources: tailwindcss_oxide::scanner: Discovering "C:\\Users\\Administrator\\Documents\\Project g-labs\\web-oven\\src\\app\\(dashboard)\\admin\\ovens\\add-oven-modal.tsx"
2026-02-21T05:55:19.304140Z  INFO scan_sources: tailwindcss_oxide::scanner: Discovering "C:\\Users\\Administrator\\Documents\\Project g-labs\\web-oven\\src\\app\\(dashboard)\\admin\\ovens\\edit-oven-modal.tsx"
2026-02-21T05:55:19.304212Z  INFO scan_sources: tailwindcss_oxide::scanner: Discovering "C:\\Users\\Administrator\\Documents\\Project g-labs\\web-oven\\src\\app\\(dashboard)\\admin\\ovens\\page.tsx"
2026-02-21T05:55:19.304332Z  INFO scan_sources: tailwindcss_oxide::scanner: Discovering "C:\\Users\\Administrator\\Documents\\Project g-labs\\web-oven\\src\\app\\(dashboard)\\admin\\users"
2026-02-21T05:55:19.304503Z  INFO scan_sources: tailwindcss_oxide::scanner: Discovering "C:\\Users\\Administrator\\Documents\\Project g-labs\\web-oven\\src\\app\\(dashboard)\\admin\\users\\action-buttons.tsx"
2026-02-21T05:55:19.304564Z  INFO scan_sources: tailwindcss_oxide::scanner: Discovering "C:\\Users\\Administrator\\Documents\\Project g-labs\\web-oven\\src\\app\\(dashboard)\\admin\\users\\add-user-modal.tsx"
2026-02-21T05:55:19.304622Z  INFO scan_sources: tailwindcss_oxide::scanner: Discovering "C:\\Users\\Administrator\\Documents\\Project g-labs\\web-oven\\src\\app\\(dashboard)\\admin\\users\\page.tsx"
2026-02-21T05:55:19.304680Z  INFO scan_sources: tailwindcss_oxide::scanner: Discovering "C:\\Users\\Administrator\\Documents\\Project g-labs\\web-oven\\src\\app\\(dashboard)\\admin\\users\\role-buttons.tsx"
2026-02-21T05:55:19.304778Z  INFO scan_sources: tailwindcss_oxide::scanner: Discovering "C:\\Users\\Administrator\\Documents\\Project g-labs\\web-oven\\src\\app\\(dashboard)\\admin\\users\\[id]"
2026-02-21T05:55:19.304907Z  INFO scan_sources: tailwindcss_oxide::scanner: Discovering "C:\\Users\\Administrator\\Documents\\Project g-labs\\web-oven\\src\\app\\(dashboard)\\admin\\users\\[id]\\page.tsx"
2026-02-21T05:55:19.305053Z  INFO scan_sources: tailwindcss_oxide::scanner: Discovering "C:\\Users\\Administrator\\Documents\\Project g-labs\\web-oven\\src\\app\\(dashboard)\\book"
2026-02-21T05:55:19.305172Z  INFO scan_sources: tailwindcss_oxide::scanner: Discovering "C:\\Users\\Administrator\\Documents\\Project g-labs\\web-oven\\src\\app\\(dashboard)\\book\\page.tsx"
2026-02-21T05:55:19.305251Z  INFO scan_sources: tailwindcss_oxide::scanner: Discovering "C:\\Users\\Administrator\\Documents\\Project g-labs\\web-oven\\src\\app\\(dashboard)\\layout.tsx"
2026-02-21T05:55:19.305357Z  INFO scan_sources: tailwindcss_oxide::scanner: Discovering "C:\\Users\\Administrator\\Documents\\Project g-labs\\web-oven\\src\\app\\(dashboard)\\my-bookings"
2026-02-21T05:55:19.305481Z  INFO scan_sources: tailwindcss_oxide::scanner: Discovering "C:\\Users\\Administrator\\Documents\\Project g-labs\\web-oven\\src\\app\\(dashboard)\\my-bookings\\cancel-button.tsx"
2026-02-21T05:55:19.305540Z  INFO scan_sources: tailwindcss_oxide::scanner: Discovering "C:\\Users\\Administrator\\Documents\\Project g-labs\\web-oven\\src\\app\\(dashboard)\\my-bookings\\page.tsx"
2026-02-21T05:55:19.305635Z  INFO scan_sources: tailwindcss_oxide::scanner: Discovering "C:\\Users\\Administrator\\Documents\\Project g-labs\\web-oven\\src\\app\\(dashboard)\\my-bookings\\[id]"
2026-02-21T05:55:19.305755Z  INFO scan_sources: tailwindcss_oxide::scanner: Discovering "C:\\Users\\Administrator\\Documents\\Project g-labs\\web-oven\\src\\app\\(dashboard)\\my-bookings\\[id]\\page.tsx"
2026-02-21T05:55:19.305849Z  INFO scan_sources: tailwindcss_oxide::scanner: Discovering "C:\\Users\\Administrator\\Documents\\Project g-labs\\web-oven\\src\\app\\(dashboard)\\page.tsx"
2026-02-21T05:55:19.305942Z  INFO scan_sources: tailwindcss_oxide::scanner: Discovering "C:\\Users\\Administrator\\Documents\\Project g-labs\\web-oven\\src\\app\\(dashboard)\\profile"
2026-02-21T05:55:19.306058Z  INFO scan_sources: tailwindcss_oxide::scanner: Discovering "C:\\Users\\Administrator\\Documents\\Project g-labs\\web-oven\\src\\app\\(dashboard)\\profile\\page.tsx"
2026-02-21T05:55:19.306191Z  INFO scan_sources: tailwindcss_oxide::scanner: Discovering "C:\\Users\\Administrator\\Documents\\Project g-labs\\web-oven\\src\\app\\actions"
2026-02-21T05:55:19.306309Z  INFO scan_sources: tailwindcss_oxide::scanner: Discovering "C:\\Users\\Administrator\\Documents\\Project g-labs\\web-oven\\src\\app\\actions\\admin.ts"
2026-02-21T05:55:19.306365Z  INFO scan_sources: tailwindcss_oxide::scanner: Discovering "C:\\Users\\Administrator\\Documents\\Project g-labs\\web-oven\\src\\app\\actions\\auth.ts"
2026-02-21T05:55:19.306420Z  INFO scan_sources: tailwindcss_oxide::scanner: Discovering "C:\\Users\\Administrator\\Documents\\Project g-labs\\web-oven\\src\\app\\actions\\booking.ts"
2026-02-21T05:55:19.306479Z  INFO scan_sources: tailwindcss_oxide::scanner: Discovering "C:\\Users\\Administrator\\Documents\\Project g-labs\\web-oven\\src\\app\\actions\\profile.ts"
2026-02-21T05:55:19.306593Z  INFO scan_sources: tailwindcss_oxide::scanner: Discovering "C:\\Users\\Administrator\\Documents\\Project g-labs\\web-oven\\src\\app\\api"
2026-02-21T05:55:19.306744Z  INFO scan_sources: tailwindcss_oxide::scanner: Discovering "C:\\Users\\Administrator\\Documents\\Project g-labs\\web-oven\\src\\app\\api\\auth"
2026-02-21T05:55:19.306897Z  INFO scan_sources: tailwindcss_oxide::scanner: Discovering "C:\\Users\\Administrator\\Documents\\Project g-labs\\web-oven\\src\\app\\api\\auth\\[...nextauth]"
2026-02-21T05:55:19.307018Z  INFO scan_sources: tailwindcss_oxide::scanner: Discovering "C:\\Users\\Administrator\\Documents\\Project g-labs\\web-oven\\src\\app\\api\\auth\\[...nextauth]\\route.ts"
2026-02-21T05:55:19.307146Z  INFO scan_sources: tailwindcss_oxide::scanner: Discovering "C:\\Users\\Administrator\\Documents\\Project g-labs\\web-oven\\src\\app\\api\\bookings"
2026-02-21T05:55:19.307263Z  INFO scan_sources: tailwindcss_oxide::scanner: Discovering "C:\\Users\\Administrator\\Documents\\Project g-labs\\web-oven\\src\\app\\api\\bookings\\route.ts"
2026-02-21T05:55:19.307384Z  INFO scan_sources: tailwindcss_oxide::scanner: Discovering "C:\\Users\\Administrator\\Documents\\Project g-labs\\web-oven\\src\\app\\api\\ovens"
2026-02-21T05:55:19.307501Z  INFO scan_sources: tailwindcss_oxide::scanner: Discovering "C:\\Users\\Administrator\\Documents\\Project g-labs\\web-oven\\src\\app\\api\\ovens\\route.ts"
2026-02-21T05:55:19.307601Z  INFO scan_sources: tailwindcss_oxide::scanner: Discovering "C:\\Users\\Administrator\\Documents\\Project g-labs\\web-oven\\src\\app\\globals.css"
2026-02-21T05:55:19.307657Z  INFO scan_sources: tailwindcss_oxide::scanner: Discovering "C:\\Users\\Administrator\\Documents\\Project g-labs\\web-oven\\src\\app\\layout.tsx"
2026-02-21T05:55:19.307771Z  INFO scan_sources: tailwindcss_oxide::scanner: Discovering "C:\\Users\\Administrator\\Documents\\Project g-labs\\web-oven\\src\\components"
2026-02-21T05:55:19.307895Z  INFO scan_sources: tailwindcss_oxide::scanner: Discovering "C:\\Users\\Administrator\\Documents\\Project g-labs\\web-oven\\src\\components\\booking-calendar.tsx"
2026-02-21T05:55:19.307953Z  INFO scan_sources: tailwindcss_oxide::scanner: Discovering "C:\\Users\\Administrator\\Documents\\Project g-labs\\web-oven\\src\\components\\confirm-dialog.tsx"
2026-02-21T05:55:19.308010Z  INFO scan_sources: tailwindcss_oxide::scanner: Discovering "C:\\Users\\Administrator\\Documents\\Project g-labs\\web-oven\\src\\components\\dashboard-calendar.tsx"
2026-02-21T05:55:19.308065Z  INFO scan_sources: tailwindcss_oxide::scanner: Discovering "C:\\Users\\Administrator\\Documents\\Project g-labs\\web-oven\\src\\components\\date-time-picker.tsx"
2026-02-21T05:55:19.308120Z  INFO scan_sources: tailwindcss_oxide::scanner: Discovering "C:\\Users\\Administrator\\Documents\\Project g-labs\\web-oven\\src\\components\\dialog.tsx"
2026-02-21T05:55:19.308175Z  INFO scan_sources: tailwindcss_oxide::scanner: Discovering "C:\\Users\\Administrator\\Documents\\Project g-labs\\web-oven\\src\\components\\flap-slider.tsx"
2026-02-21T05:55:19.308242Z  INFO scan_sources: tailwindcss_oxide::scanner: Discovering "C:\\Users\\Administrator\\Documents\\Project g-labs\\web-oven\\src\\components\\profile-editor.tsx"
2026-02-21T05:55:19.308299Z  INFO scan_sources: tailwindcss_oxide::scanner: Discovering "C:\\Users\\Administrator\\Documents\\Project g-labs\\web-oven\\src\\components\\providers.tsx"
2026-02-21T05:55:19.308354Z  INFO scan_sources: tailwindcss_oxide::scanner: Discovering "C:\\Users\\Administrator\\Documents\\Project g-labs\\web-oven\\src\\components\\sidebar.tsx"
2026-02-21T05:55:19.308415Z  INFO scan_sources: tailwindcss_oxide::scanner: Discovering "C:\\Users\\Administrator\\Documents\\Project g-labs\\web-oven\\src\\components\\time-picker.tsx"
2026-02-21T05:55:19.308499Z  INFO scan_sources: tailwindcss_oxide::scanner: Discovering "C:\\Users\\Administrator\\Documents\\Project g-labs\\web-oven\\src\\components\\toast.tsx"
2026-02-21T05:55:19.308724Z  INFO scan_sources: tailwindcss_oxide::scanner: Discovering "C:\\Users\\Administrator\\Documents\\Project g-labs\\web-oven\\src\\lib"
2026-02-21T05:55:19.308841Z  INFO scan_sources: tailwindcss_oxide::scanner: Discovering "C:\\Users\\Administrator\\Documents\\Project g-labs\\web-oven\\src\\lib\\auth.ts"
2026-02-21T05:55:19.308899Z  INFO scan_sources: tailwindcss_oxide::scanner: Discovering "C:\\Users\\Administrator\\Documents\\Project g-labs\\web-oven\\src\\lib\\prisma.ts"
2026-02-21T05:55:19.308954Z  INFO scan_sources: tailwindcss_oxide::scanner: Discovering "C:\\Users\\Administrator\\Documents\\Project g-labs\\web-oven\\src\\lib\\utils.ts"
2026-02-21T05:55:19.309029Z  INFO scan_sources: tailwindcss_oxide::scanner: Discovering "C:\\Users\\Administrator\\Documents\\Project g-labs\\web-oven\\src\\middleware.ts"
2026-02-21T05:55:19.309122Z  INFO scan_sources: tailwindcss_oxide::scanner: Discovering "C:\\Users\\Administrator\\Documents\\Project g-labs\\web-oven\\src\\types"
2026-02-21T05:55:19.309239Z  INFO scan_sources: tailwindcss_oxide::scanner: Discovering "C:\\Users\\Administrator\\Documents\\Project g-labs\\web-oven\\src\\types\\next-auth.d.ts"
2026-02-21T05:55:19.309395Z  INFO scan_sources: tailwindcss_oxide::scanner: Discovering "C:\\Users\\Administrator\\Documents\\Project g-labs\\web-oven\\tsconfig.json"
2026-02-21T05:55:19.309490Z  INFO scan_sources: tailwindcss_oxide::scanner: exit
2026-02-21T05:55:19.309501Z  INFO extract_candidates: tailwindcss_oxide::scanner: enter
2026-02-21T05:55:19.309507Z  INFO extract_candidates:read_all_files: tailwindcss_oxide::scanner: enter
2026-02-21T05:55:19.309512Z  INFO extract_candidates:read_all_files: tailwindcss_oxide::scanner: Reading 66 file(s)
2026-02-21T05:55:19.309954Z  INFO tailwindcss_oxide::scanner: Reading "C:\\Users\\Administrator\\Documents\\Project g-labs\\web-oven\\.dockerignore"
2026-02-21T05:55:19.310006Z  INFO tailwindcss_oxide::scanner: Reading "C:\\Users\\Administrator\\Documents\\Project g-labs\\web-oven\\public\\window.svg"
2026-02-21T05:55:19.310029Z  INFO tailwindcss_oxide::scanner: Reading "C:\\Users\\Administrator\\Documents\\Project g-labs\\web-oven\\src\\app\\(dashboard)\\admin\\users\\[id]\\page.tsx"
2026-02-21T05:55:19.310068Z  INFO tailwindcss_oxide::scanner: Reading "C:\\Users\\Administrator\\Documents\\Project g-labs\\web-oven\\.env.example"
2026-02-21T05:55:19.310117Z  INFO tailwindcss_oxide::scanner: Reading "C:\\Users\\Administrator\\Documents\\Project g-labs\\web-oven\\README.md"
2026-02-21T05:55:19.310134Z  INFO tailwindcss_oxide::scanner: Reading "C:\\Users\\Administrator\\Documents\\Project g-labs\\web-oven\\src\\app\\(dashboard)\\admin\\bookings\\[id]\\page.tsx"
2026-02-21T05:55:19.310168Z  INFO tailwindcss_oxide::scanner: Reading "C:\\Users\\Administrator\\Documents\\Project g-labs\\web-oven\\src\\app\\(dashboard)\\book\\page.tsx"
2026-02-21T05:55:19.310176Z  INFO tailwindcss_oxide::scanner: Reading "C:\\Users\\Administrator\\Documents\\Project g-labs\\web-oven\\docker-compose.yml"
2026-02-21T05:55:19.310185Z  INFO tailwindcss_oxide::scanner: Reading "C:\\Users\\Administrator\\Documents\\Project g-labs\\web-oven\\postcss.config.mjs"
2026-02-21T05:55:19.310242Z  INFO tailwindcss_oxide::scanner: Reading "C:\\Users\\Administrator\\Documents\\Project g-labs\\web-oven\\src\\app\\(auth)\\login\\page.tsx"
2026-02-21T05:55:19.310255Z  INFO tailwindcss_oxide::scanner: Reading "C:\\Users\\Administrator\\Documents\\Project g-labs\\web-oven\\src\\app\\(dashboard)\\admin\\ovens\\action-buttons.tsx"
2026-02-21T05:55:19.310287Z  INFO tailwindcss_oxide::scanner: Reading "C:\\Users\\Administrator\\Documents\\Project g-labs\\web-oven\\src\\app\\(dashboard)\\layout.tsx"
2026-02-21T05:55:19.310292Z  INFO tailwindcss_oxide::scanner: Reading "C:\\Users\\Administrator\\Documents\\Project g-labs\\web-oven\\Dockerfile"
2026-02-21T05:55:19.310310Z  INFO tailwindcss_oxide::scanner: Reading "C:\\Users\\Administrator\\Documents\\Project g-labs\\web-oven\\docker-entrypoint.sh"
2026-02-21T05:55:19.310341Z  INFO tailwindcss_oxide::scanner: Reading "C:\\Users\\Administrator\\Documents\\Project g-labs\\web-oven\\prisma\\schema.prisma"
2026-02-21T05:55:19.310356Z  INFO tailwindcss_oxide::scanner: Reading "C:\\Users\\Administrator\\Documents\\Project g-labs\\web-oven\\src\\app\\(auth)\\pending\\page.tsx"
2026-02-21T05:55:19.310356Z  INFO tailwindcss_oxide::scanner: Reading "C:\\Users\\Administrator\\Documents\\Project g-labs\\web-oven\\src\\components\\booking-calendar.tsx"
2026-02-21T05:55:19.310407Z  INFO tailwindcss_oxide::scanner: Reading "C:\\Users\\Administrator\\Documents\\Project g-labs\\web-oven\\src\\app\\(dashboard)\\my-bookings\\cancel-button.tsx"
2026-02-21T05:55:19.310430Z  INFO tailwindcss_oxide::scanner: Reading "C:\\Users\\Administrator\\Documents\\Project g-labs\\web-oven\\src\\app\\(dashboard)\\admin\\ovens\\add-oven-modal.tsx"
2026-02-21T05:55:19.310433Z  INFO tailwindcss_oxide::scanner: Reading "C:\\Users\\Administrator\\Documents\\Project g-labs\\web-oven\\infra.md"
2026-02-21T05:55:19.310437Z  INFO tailwindcss_oxide::scanner: Reading "C:\\Users\\Administrator\\Documents\\Project g-labs\\web-oven\\src\\components\\sidebar.tsx"
2026-02-21T05:55:19.310482Z  INFO tailwindcss_oxide::scanner: Reading "C:\\Users\\Administrator\\Documents\\Project g-labs\\web-oven\\src\\app\\(auth)\\register\\page.tsx"
2026-02-21T05:55:19.310475Z  INFO tailwindcss_oxide::scanner: Reading "C:\\Users\\Administrator\\Documents\\Project g-labs\\web-oven\\public\\file.svg"
2026-02-21T05:55:19.310515Z  INFO tailwindcss_oxide::scanner: Reading "C:\\Users\\Administrator\\Documents\\Project g-labs\\web-oven\\prisma\\seed.ts"
2026-02-21T05:55:19.310502Z  INFO tailwindcss_oxide::scanner: Reading "C:\\Users\\Administrator\\Documents\\Project g-labs\\web-oven\\src\\components\\confirm-dialog.tsx"
2026-02-21T05:55:19.310553Z  INFO tailwindcss_oxide::scanner: Reading "C:\\Users\\Administrator\\Documents\\Project g-labs\\web-oven\\src\\app\\(dashboard)\\admin\\ovens\\edit-oven-modal.tsx"
2026-02-21T05:55:19.310484Z  INFO tailwindcss_oxide::scanner: Reading "C:\\Users\\Administrator\\Documents\\Project g-labs\\web-oven\\public\\next.svg"
2026-02-21T05:55:19.310570Z  INFO tailwindcss_oxide::scanner: Reading "C:\\Users\\Administrator\\Documents\\Project g-labs\\web-oven\\next.config.ts"
2026-02-21T05:55:19.310544Z  INFO tailwindcss_oxide::scanner: Reading "C:\\Users\\Administrator\\Documents\\Project g-labs\\web-oven\\src\\app\\(dashboard)\\my-bookings\\page.tsx"
2026-02-21T05:55:19.310599Z  INFO tailwindcss_oxide::scanner: Reading "C:\\Users\\Administrator\\Documents\\Project g-labs\\web-oven\\src\\components\\time-picker.tsx"
2026-02-21T05:55:19.310553Z  INFO tailwindcss_oxide::scanner: Reading "C:\\Users\\Administrator\\Documents\\Project g-labs\\web-oven\\src\\components\\dialog.tsx"
2026-02-21T05:55:19.310605Z  INFO tailwindcss_oxide::scanner: Reading "C:\\Users\\Administrator\\Documents\\Project g-labs\\web-oven\\src\\app\\(dashboard)\\admin\\bookings\\action-buttons.tsx"
2026-02-21T05:55:19.310656Z  INFO tailwindcss_oxide::scanner: Reading "C:\\Users\\Administrator\\Documents\\Project g-labs\\web-oven\\prisma.config.ts"
2026-02-21T05:55:19.310666Z  INFO tailwindcss_oxide::scanner: Reading "C:\\Users\\Administrator\\Documents\\Project g-labs\\web-oven\\src\\app\\(dashboard)\\admin\\ovens\\page.tsx"
2026-02-21T05:55:19.310676Z  INFO tailwindcss_oxide::scanner: Reading "C:\\Users\\Administrator\\Documents\\Project g-labs\\web-oven\\package.json"
2026-02-21T05:55:19.310610Z  INFO tailwindcss_oxide::scanner: Reading "C:\\Users\\Administrator\\Documents\\Project g-labs\\web-oven\\public\\globe.svg"
2026-02-21T05:55:19.310737Z  INFO tailwindcss_oxide::scanner: Reading "C:\\Users\\Administrator\\Documents\\Project g-labs\\web-oven\\src\\app\\(dashboard)\\my-bookings\\[id]\\page.tsx"
2026-02-21T05:55:19.310683Z  INFO tailwindcss_oxide::scanner: Reading "C:\\Users\\Administrator\\Documents\\Project g-labs\\web-oven\\public\\vercel.svg"
2026-02-21T05:55:19.310742Z  INFO tailwindcss_oxide::scanner: Reading "C:\\Users\\Administrator\\Documents\\Project g-labs\\web-oven\\src\\components\\flap-slider.tsx"
2026-02-21T05:55:19.310789Z  INFO tailwindcss_oxide::scanner: Reading "C:\\Users\\Administrator\\Documents\\Project g-labs\\web-oven\\src\\components\\dashboard-calendar.tsx"
2026-02-21T05:55:19.310836Z  INFO tailwindcss_oxide::scanner: Reading "C:\\Users\\Administrator\\Documents\\Project g-labs\\web-oven\\src\\app\\(dashboard)\\admin\\users\\action-buttons.tsx"
2026-02-21T05:55:19.310846Z  INFO tailwindcss_oxide::scanner: Reading "C:\\Users\\Administrator\\Documents\\Project g-labs\\web-oven\\src\\components\\profile-editor.tsx"
2026-02-21T05:55:19.310874Z  INFO tailwindcss_oxide::scanner: Reading "C:\\Users\\Administrator\\Documents\\Project g-labs\\web-oven\\src\\app\\api\\auth\\[...nextauth]\\route.ts"
2026-02-21T05:55:19.310889Z  INFO tailwindcss_oxide::scanner: Reading "C:\\Users\\Administrator\\Documents\\Project g-labs\\web-oven\\src\\components\\date-time-picker.tsx"
2026-02-21T05:55:19.310897Z  INFO tailwindcss_oxide::scanner: Reading "C:\\Users\\Administrator\\Documents\\Project g-labs\\web-oven\\src\\app\\actions\\booking.ts"
2026-02-21T05:55:19.310748Z  INFO tailwindcss_oxide::scanner: Reading "C:\\Users\\Administrator\\Documents\\Project g-labs\\web-oven\\src\\app\\actions\\admin.ts"
2026-02-21T05:55:19.310953Z  INFO tailwindcss_oxide::scanner: Reading "C:\\Users\\Administrator\\Documents\\Project g-labs\\web-oven\\src\\components\\providers.tsx"
2026-02-21T05:55:19.310787Z  INFO tailwindcss_oxide::scanner: Reading "C:\\Users\\Administrator\\Documents\\Project g-labs\\web-oven\\src\\app\\(dashboard)\\admin\\bookings\\booking-management-form.tsx"
2026-02-21T05:55:19.310956Z  INFO tailwindcss_oxide::scanner: Reading "C:\\Users\\Administrator\\Documents\\Project g-labs\\web-oven\\src\\app\\(dashboard)\\admin\\users\\add-user-modal.tsx"
2026-02-21T05:55:19.311003Z  INFO tailwindcss_oxide::scanner: Reading "C:\\Users\\Administrator\\Documents\\Project g-labs\\web-oven\\src\\app\\actions\\profile.ts"
2026-02-21T05:55:19.311014Z  INFO tailwindcss_oxide::scanner: Reading "C:\\Users\\Administrator\\Documents\\Project g-labs\\web-oven\\src\\lib\\auth.ts"
2026-02-21T05:55:19.310876Z  INFO tailwindcss_oxide::scanner: Reading "C:\\Users\\Administrator\\Documents\\Project g-labs\\web-oven\\src\\components\\toast.tsx"
2026-02-21T05:55:19.311043Z  INFO tailwindcss_oxide::scanner: Reading "C:\\Users\\Administrator\\Documents\\Project g-labs\\web-oven\\src\\app\\actions\\auth.ts"
2026-02-21T05:55:19.310882Z  INFO tailwindcss_oxide::scanner: Reading "C:\\Users\\Administrator\\Documents\\Project g-labs\\web-oven\\src\\app\\(dashboard)\\page.tsx"
2026-02-21T05:55:19.311084Z  INFO tailwindcss_oxide::scanner: Reading "C:\\Users\\Administrator\\Documents\\Project g-labs\\web-oven\\src\\app\\(dashboard)\\admin\\bookings\\page.tsx"
2026-02-21T05:55:19.311087Z  INFO tailwindcss_oxide::scanner: Reading "C:\\Users\\Administrator\\Documents\\Project g-labs\\web-oven\\src\\app\\(dashboard)\\admin\\users\\page.tsx"
2026-02-21T05:55:19.311028Z  INFO tailwindcss_oxide::scanner: Reading "C:\\Users\\Administrator\\Documents\\Project g-labs\\web-oven\\src\\middleware.ts"
2026-02-21T05:55:19.311006Z  INFO tailwindcss_oxide::scanner: Reading "C:\\Users\\Administrator\\Documents\\Project g-labs\\web-oven\\src\\app\\api\\bookings\\route.ts"
2026-02-21T05:55:19.311129Z  INFO tailwindcss_oxide::scanner: Reading "C:\\Users\\Administrator\\Documents\\Project g-labs\\web-oven\\src\\app\\api\\ovens\\route.ts"
2026-02-21T05:55:19.311085Z  INFO tailwindcss_oxide::scanner: Reading "C:\\Users\\Administrator\\Documents\\Project g-labs\\web-oven\\src\\lib\\utils.ts"
2026-02-21T05:55:19.310917Z  INFO tailwindcss_oxide::scanner: Reading "C:\\Users\\Administrator\\Documents\\Project g-labs\\web-oven\\src\\lib\\prisma.ts"
2026-02-21T05:55:19.311108Z  INFO tailwindcss_oxide::scanner: Reading "C:\\Users\\Administrator\\Documents\\Project g-labs\\web-oven\\src\\app\\(dashboard)\\profile\\page.tsx"
2026-02-21T05:55:19.311141Z  INFO tailwindcss_oxide::scanner: Reading "C:\\Users\\Administrator\\Documents\\Project g-labs\\web-oven\\src\\app\\(dashboard)\\admin\\users\\role-buttons.tsx"
2026-02-21T05:55:19.311156Z  INFO tailwindcss_oxide::scanner: Reading "C:\\Users\\Administrator\\Documents\\Project g-labs\\web-oven\\src\\types\\next-auth.d.ts"
2026-02-21T05:55:19.311223Z  INFO tailwindcss_oxide::scanner: Reading "C:\\Users\\Administrator\\Documents\\Project g-labs\\web-oven\\tsconfig.json"
2026-02-21T05:55:19.311185Z  INFO tailwindcss_oxide::scanner: Reading "C:\\Users\\Administrator\\Documents\\Project g-labs\\web-oven\\src\\app\\layout.tsx"
2026-02-21T05:55:19.311371Z  INFO extract_candidates:read_all_files: tailwindcss_oxide::scanner: exit
2026-02-21T05:55:19.311392Z  INFO extract_candidates:parse_all_blobs: tailwindcss_oxide::scanner: enter
2026-02-21T05:55:19.311399Z  INFO extract_candidates:parse_all_blobs:extract: tailwindcss_oxide::scanner: enter
2026-02-21T05:55:19.313165Z  INFO extract_candidates:parse_all_blobs:extract: tailwindcss_oxide::scanner: exit
2026-02-21T05:55:19.313260Z  INFO extract_candidates:parse_all_blobs: tailwindcss_oxide::scanner: exit
2026-02-21T05:55:19.313268Z  INFO extract_candidates:read_all_files: tailwindcss_oxide::scanner: enter
2026-02-21T05:55:19.313272Z  INFO extract_candidates:read_all_files: tailwindcss_oxide::scanner: Reading 1 file(s)
2026-02-21T05:55:19.313357Z  INFO extract_candidates:read_all_files: tailwindcss_oxide::scanner: Reading "C:\\Users\\Administrator\\Documents\\Project g-labs\\web-oven\\src\\app\\globals.css"
2026-02-21T05:55:19.313368Z  INFO extract_candidates:read_all_files: tailwindcss_oxide::scanner: exit
2026-02-21T05:55:19.313377Z  INFO extract_candidates:extract_css_variables: tailwindcss_oxide::scanner: enter
2026-02-21T05:55:19.313382Z  INFO extract_candidates:extract_css_variables:extract: tailwindcss_oxide::scanner: enter
2026-02-21T05:55:19.313517Z  INFO extract_candidates:extract_css_variables:extract: tailwindcss_oxide::scanner: exit
2026-02-21T05:55:19.313538Z  INFO extract_candidates:extract_css_variables: tailwindcss_oxide::scanner: exit
2026-02-21T05:55:19.314191Z  INFO extract_candidates: tailwindcss_oxide::scanner: exit
2026-02-21T05:55:19.314923Z  INFO get_files: tailwindcss_oxide::scanner: enter
2026-02-21T05:55:19.314932Z  INFO get_files:scan_sources: tailwindcss_oxide::scanner: enter
2026-02-21T05:55:19.316930Z  INFO get_files:scan_sources: tailwindcss_oxide::scanner: Discovering "C:\\Users\\Administrator\\Documents\\Project g-labs\\web-oven\\prisma"
2026-02-21T05:55:19.317198Z  INFO get_files:scan_sources: tailwindcss_oxide::scanner: Discovering "C:\\Users\\Administrator\\Documents\\Project g-labs\\web-oven\\public"
2026-02-21T05:55:19.317550Z  INFO get_files:scan_sources: tailwindcss_oxide::scanner: Discovering "C:\\Users\\Administrator\\Documents\\Project g-labs\\web-oven\\src"
2026-02-21T05:55:19.317723Z  INFO get_files:scan_sources: tailwindcss_oxide::scanner: Discovering "C:\\Users\\Administrator\\Documents\\Project g-labs\\web-oven\\src\\app"
2026-02-21T05:55:19.317879Z  INFO get_files:scan_sources: tailwindcss_oxide::scanner: Discovering "C:\\Users\\Administrator\\Documents\\Project g-labs\\web-oven\\src\\app\\(auth)"
2026-02-21T05:55:19.318035Z  INFO get_files:scan_sources: tailwindcss_oxide::scanner: Discovering "C:\\Users\\Administrator\\Documents\\Project g-labs\\web-oven\\src\\app\\(auth)\\login"
2026-02-21T05:55:19.318242Z  INFO get_files:scan_sources: tailwindcss_oxide::scanner: Discovering "C:\\Users\\Administrator\\Documents\\Project g-labs\\web-oven\\src\\app\\(auth)\\pending"
2026-02-21T05:55:19.318456Z  INFO get_files:scan_sources: tailwindcss_oxide::scanner: Discovering "C:\\Users\\Administrator\\Documents\\Project g-labs\\web-oven\\src\\app\\(auth)\\register"
2026-02-21T05:55:19.318666Z  INFO get_files:scan_sources: tailwindcss_oxide::scanner: Discovering "C:\\Users\\Administrator\\Documents\\Project g-labs\\web-oven\\src\\app\\(dashboard)"
2026-02-21T05:55:19.318816Z  INFO get_files:scan_sources: tailwindcss_oxide::scanner: Discovering "C:\\Users\\Administrator\\Documents\\Project g-labs\\web-oven\\src\\app\\(dashboard)\\admin"
2026-02-21T05:55:19.319010Z  INFO get_files:scan_sources: tailwindcss_oxide::scanner: Discovering "C:\\Users\\Administrator\\Documents\\Project g-labs\\web-oven\\src\\app\\(dashboard)\\admin\\bookings"
2026-02-21T05:55:19.319251Z  INFO get_files:scan_sources: tailwindcss_oxide::scanner: Discovering "C:\\Users\\Administrator\\Documents\\Project g-labs\\web-oven\\src\\app\\(dashboard)\\admin\\bookings\\[id]"
2026-02-21T05:55:19.319476Z  INFO get_files:scan_sources: tailwindcss_oxide::scanner: Discovering "C:\\Users\\Administrator\\Documents\\Project g-labs\\web-oven\\src\\app\\(dashboard)\\admin\\ovens"
2026-02-21T05:55:19.319769Z  INFO get_files:scan_sources: tailwindcss_oxide::scanner: Discovering "C:\\Users\\Administrator\\Documents\\Project g-labs\\web-oven\\src\\app\\(dashboard)\\admin\\users"
2026-02-21T05:55:19.320035Z  INFO get_files:scan_sources: tailwindcss_oxide::scanner: Discovering "C:\\Users\\Administrator\\Documents\\Project g-labs\\web-oven\\src\\app\\(dashboard)\\admin\\users\\[id]"
2026-02-21T05:55:19.320259Z  INFO get_files:scan_sources: tailwindcss_oxide::scanner: Discovering "C:\\Users\\Administrator\\Documents\\Project g-labs\\web-oven\\src\\app\\(dashboard)\\book"
2026-02-21T05:55:19.320491Z  INFO get_files:scan_sources: tailwindcss_oxide::scanner: Discovering "C:\\Users\\Administrator\\Documents\\Project g-labs\\web-oven\\src\\app\\(dashboard)\\my-bookings"
2026-02-21T05:55:19.320699Z  INFO get_files:scan_sources: tailwindcss_oxide::scanner: Discovering "C:\\Users\\Administrator\\Documents\\Project g-labs\\web-oven\\src\\app\\(dashboard)\\my-bookings\\[id]"
2026-02-21T05:55:19.320955Z  INFO get_files:scan_sources: tailwindcss_oxide::scanner: Discovering "C:\\Users\\Administrator\\Documents\\Project g-labs\\web-oven\\src\\app\\(dashboard)\\profile"
2026-02-21T05:55:19.321164Z  INFO get_files:scan_sources: tailwindcss_oxide::scanner: Discovering "C:\\Users\\Administrator\\Documents\\Project g-labs\\web-oven\\src\\app\\actions"
2026-02-21T05:55:19.321452Z  INFO get_files:scan_sources: tailwindcss_oxide::scanner: Discovering "C:\\Users\\Administrator\\Documents\\Project g-labs\\web-oven\\src\\app\\api"
2026-02-21T05:55:19.321614Z  INFO get_files:scan_sources: tailwindcss_oxide::scanner: Discovering "C:\\Users\\Administrator\\Documents\\Project g-labs\\web-oven\\src\\app\\api\\auth"
2026-02-21T05:55:19.321764Z  INFO get_files:scan_sources: tailwindcss_oxide::scanner: Discovering "C:\\Users\\Administrator\\Documents\\Project g-labs\\web-oven\\src\\app\\api\\auth\\[...nextauth]"
2026-02-21T05:55:19.321978Z  INFO get_files:scan_sources: tailwindcss_oxide::scanner: Discovering "C:\\Users\\Administrator\\Documents\\Project g-labs\\web-oven\\src\\app\\api\\bookings"
2026-02-21T05:55:19.322172Z  INFO get_files:scan_sources: tailwindcss_oxide::scanner: Discovering "C:\\Users\\Administrator\\Documents\\Project g-labs\\web-oven\\src\\app\\api\\ovens"
2026-02-21T05:55:19.322471Z  INFO get_files:scan_sources: tailwindcss_oxide::scanner: Discovering "C:\\Users\\Administrator\\Documents\\Project g-labs\\web-oven\\src\\components"
2026-02-21T05:55:19.323048Z  INFO get_files:scan_sources: tailwindcss_oxide::scanner: Discovering "C:\\Users\\Administrator\\Documents\\Project g-labs\\web-oven\\src\\lib"
2026-02-21T05:55:19.323326Z  INFO get_files:scan_sources: tailwindcss_oxide::scanner: Discovering "C:\\Users\\Administrator\\Documents\\Project g-labs\\web-oven\\src\\types"
2026-02-21T05:55:19.323669Z  INFO get_files:scan_sources: tailwindcss_oxide::scanner: exit
2026-02-21T05:55:19.323793Z  INFO get_files: tailwindcss_oxide::scanner: exit
2026-02-21T05:55:19.324508Z  INFO get_globs: tailwindcss_oxide::scanner: enter
2026-02-21T05:55:19.324518Z  INFO get_globs:scan_sources: tailwindcss_oxide::scanner: enter
2026-02-21T05:55:19.326612Z  INFO get_globs:scan_sources: tailwindcss_oxide::scanner: Discovering "C:\\Users\\Administrator\\Documents\\Project g-labs\\web-oven\\prisma"
2026-02-21T05:55:19.326924Z  INFO get_globs:scan_sources: tailwindcss_oxide::scanner: Discovering "C:\\Users\\Administrator\\Documents\\Project g-labs\\web-oven\\public"
2026-02-21T05:55:19.327279Z  INFO get_globs:scan_sources: tailwindcss_oxide::scanner: Discovering "C:\\Users\\Administrator\\Documents\\Project g-labs\\web-oven\\src"
2026-02-21T05:55:19.327442Z  INFO get_globs:scan_sources: tailwindcss_oxide::scanner: Discovering "C:\\Users\\Administrator\\Documents\\Project g-labs\\web-oven\\src\\app"
2026-02-21T05:55:19.327624Z  INFO get_globs:scan_sources: tailwindcss_oxide::scanner: Discovering "C:\\Users\\Administrator\\Documents\\Project g-labs\\web-oven\\src\\app\\(auth)"
2026-02-21T05:55:19.327789Z  INFO get_globs:scan_sources: tailwindcss_oxide::scanner: Discovering "C:\\Users\\Administrator\\Documents\\Project g-labs\\web-oven\\src\\app\\(auth)\\login"
2026-02-21T05:55:19.327992Z  INFO get_globs:scan_sources: tailwindcss_oxide::scanner: Discovering "C:\\Users\\Administrator\\Documents\\Project g-labs\\web-oven\\src\\app\\(auth)\\pending"
2026-02-21T05:55:19.328192Z  INFO get_globs:scan_sources: tailwindcss_oxide::scanner: Discovering "C:\\Users\\Administrator\\Documents\\Project g-labs\\web-oven\\src\\app\\(auth)\\register"
2026-02-21T05:55:19.328493Z  INFO get_globs:scan_sources: tailwindcss_oxide::scanner: Discovering "C:\\Users\\Administrator\\Documents\\Project g-labs\\web-oven\\src\\app\\(dashboard)"
2026-02-21T05:55:19.328664Z  INFO get_globs:scan_sources: tailwindcss_oxide::scanner: Discovering "C:\\Users\\Administrator\\Documents\\Project g-labs\\web-oven\\src\\app\\(dashboard)\\admin"
2026-02-21T05:55:19.328819Z  INFO get_globs:scan_sources: tailwindcss_oxide::scanner: Discovering "C:\\Users\\Administrator\\Documents\\Project g-labs\\web-oven\\src\\app\\(dashboard)\\admin\\bookings"
2026-02-21T05:55:19.329062Z  INFO get_globs:scan_sources: tailwindcss_oxide::scanner: Discovering "C:\\Users\\Administrator\\Documents\\Project g-labs\\web-oven\\src\\app\\(dashboard)\\admin\\bookings\\[id]"
2026-02-21T05:55:19.329306Z  INFO get_globs:scan_sources: tailwindcss_oxide::scanner: Discovering "C:\\Users\\Administrator\\Documents\\Project g-labs\\web-oven\\src\\app\\(dashboard)\\admin\\ovens"
2026-02-21T05:55:19.329605Z  INFO get_globs:scan_sources: tailwindcss_oxide::scanner: Discovering "C:\\Users\\Administrator\\Documents\\Project g-labs\\web-oven\\src\\app\\(dashboard)\\admin\\users"
2026-02-21T05:55:19.329873Z  INFO get_globs:scan_sources: tailwindcss_oxide::scanner: Discovering "C:\\Users\\Administrator\\Documents\\Project g-labs\\web-oven\\src\\app\\(dashboard)\\admin\\users\\[id]"
2026-02-21T05:55:19.330123Z  INFO get_globs:scan_sources: tailwindcss_oxide::scanner: Discovering "C:\\Users\\Administrator\\Documents\\Project g-labs\\web-oven\\src\\app\\(dashboard)\\book"
2026-02-21T05:55:19.330348Z  INFO get_globs:scan_sources: tailwindcss_oxide::scanner: Discovering "C:\\Users\\Administrator\\Documents\\Project g-labs\\web-oven\\src\\app\\(dashboard)\\my-bookings"
2026-02-21T05:55:19.330576Z  INFO get_globs:scan_sources: tailwindcss_oxide::scanner: Discovering "C:\\Users\\Administrator\\Documents\\Project g-labs\\web-oven\\src\\app\\(dashboard)\\my-bookings\\[id]"
2026-02-21T05:55:19.330812Z  INFO get_globs:scan_sources: tailwindcss_oxide::scanner: Discovering "C:\\Users\\Administrator\\Documents\\Project g-labs\\web-oven\\src\\app\\(dashboard)\\profile"
2026-02-21T05:55:19.331052Z  INFO get_globs:scan_sources: tailwindcss_oxide::scanner: Discovering "C:\\Users\\Administrator\\Documents\\Project g-labs\\web-oven\\src\\app\\actions"
2026-02-21T05:55:19.331330Z  INFO get_globs:scan_sources: tailwindcss_oxide::scanner: Discovering "C:\\Users\\Administrator\\Documents\\Project g-labs\\web-oven\\src\\app\\api"
2026-02-21T05:55:19.331476Z  INFO get_globs:scan_sources: tailwindcss_oxide::scanner: Discovering "C:\\Users\\Administrator\\Documents\\Project g-labs\\web-oven\\src\\app\\api\\auth"
2026-02-21T05:55:19.331625Z  INFO get_globs:scan_sources: tailwindcss_oxide::scanner: Discovering "C:\\Users\\Administrator\\Documents\\Project g-labs\\web-oven\\src\\app\\api\\auth\\[...nextauth]"
2026-02-21T05:55:19.331843Z  INFO get_globs:scan_sources: tailwindcss_oxide::scanner: Discovering "C:\\Users\\Administrator\\Documents\\Project g-labs\\web-oven\\src\\app\\api\\bookings"
2026-02-21T05:55:19.332053Z  INFO get_globs:scan_sources: tailwindcss_oxide::scanner: Discovering "C:\\Users\\Administrator\\Documents\\Project g-labs\\web-oven\\src\\app\\api\\ovens"
2026-02-21T05:55:19.332346Z  INFO get_globs:scan_sources: tailwindcss_oxide::scanner: Discovering "C:\\Users\\Administrator\\Documents\\Project g-labs\\web-oven\\src\\components"
2026-02-21T05:55:19.332937Z  INFO get_globs:scan_sources: tailwindcss_oxide::scanner: Discovering "C:\\Users\\Administrator\\Documents\\Project g-labs\\web-oven\\src\\lib"
2026-02-21T05:55:19.333214Z  INFO get_globs:scan_sources: tailwindcss_oxide::scanner: Discovering "C:\\Users\\Administrator\\Documents\\Project g-labs\\web-oven\\src\\types"
2026-02-21T05:55:19.333503Z  INFO get_globs:scan_sources: tailwindcss_oxide::scanner: exit
2026-02-21T05:55:19.339835Z  INFO get_globs: tailwindcss_oxide::scanner: exit
