2026-02-21T05:54:45.946208Z  INFO tailwindcss_oxide::scanner: Provided sources:
2026-02-21T05:54:45.946315Z  INFO tailwindcss_oxide::scanner: Source: PublicSourceEntry { base: "C:\\Users\\Administrator\\Documents\\Project g-labs\\web-oven", pattern: "**/*", negated: false }
2026-02-21T05:54:45.946468Z  INFO tailwindcss_oxide::scanner: Optimized sources:
2026-02-21T05:54:45.946489Z  INFO tailwindcss_oxide::scanner: Source: Auto { base: "C:\\Users\\Administrator\\Documents\\Project g-labs\\web-oven" }
2026-02-21T05:54:45.948500Z  INFO scan_sources: tailwindcss_oxide::scanner: enter
2026-02-21T05:54:45.949962Z  INFO scan_sources: tailwindcss_oxide::scanner: Discovering "C:\\Users\\Administrator\\Documents\\Project g-labs\\web-oven\\.dockerignore"
2026-02-21T05:54:45.950036Z  INFO scan_sources: tailwindcss_oxide::scanner: Discovering "C:\\Users\\Administrator\\Documents\\Project g-labs\\web-oven\\.env.example"
2026-02-21T05:54:45.950494Z  INFO scan_sources: tailwindcss_oxide::scanner: Discovering "C:\\Users\\Administrator\\Documents\\Project g-labs\\web-oven\\docker-compose.yml"
2026-02-21T05:54:45.950568Z  INFO scan_sources: tailwindcss_oxide::scanner: Discovering "C:\\Users\\Administrator\\Documents\\Project g-labs\\web-oven\\docker-entrypoint.sh"
2026-02-21T05:54:45.950627Z  INFO scan_sources: tailwindcss_oxide::scanner: Discovering "C:\\Users\\Administrator\\Documents\\Project g-labs\\web-oven\\Dockerfile"
2026-02-21T05:54:45.950698Z  INFO scan_sources: tailwindcss_oxide::scanner: Discovering "C:\\Users\\Administrator\\Documents\\Project g-labs\\web-oven\\infra.md"
2026-02-21T05:54:45.950771Z  INFO scan_sources: tailwindcss_oxide::scanner: Discovering "C:\\Users\\Administrator\\Documents\\Project g-labs\\web-oven\\next.config.ts"
2026-02-21T05:54:45.951001Z  INFO scan_sources: tailwindcss_oxide::scanner: Discovering "C:\\Users\\Administrator\\Documents\\Project g-labs\\web-oven\\package.json"
2026-02-21T05:54:45.951066Z  INFO scan_sources: tailwindcss_oxide::scanner: Discovering "C:\\Users\\Administrator\\Documents\\Project g-labs\\web-oven\\postcss.config.mjs"
2026-02-21T05:54:45.951170Z  INFO scan_sources: tailwindcss_oxide::scanner: Discovering "C:\\Users\\Administrator\\Documents\\Project g-labs\\web-oven\\prisma"
2026-02-21T05:54:45.951295Z  INFO scan_sources: tailwindcss_oxide::scanner: Discovering "C:\\Users\\Administrator\\Documents\\Project g-labs\\web-oven\\prisma\\schema.prisma"
2026-02-21T05:54:45.951357Z  INFO scan_sources: tailwindcss_oxide::scanner: Discovering "C:\\Users\\Administrator\\Documents\\Project g-labs\\web-oven\\prisma\\seed.ts"
2026-02-21T05:54:45.951439Z  INFO scan_sources: tailwindcss_oxide::scanner: Discovering "C:\\Users\\Administrator\\Documents\\Project g-labs\\web-oven\\prisma.config.ts"
2026-02-21T05:54:45.951535Z  INFO scan_sources: tailwindcss_oxide::scanner: Discovering "C:\\Users\\Administrator\\Documents\\Project g-labs\\web-oven\\public"
2026-02-21T05:54:45.951655Z  INFO scan_sources: tailwindcss_oxide::scanner: Discovering "C:\\Users\\Administrator\\Documents\\Project g-labs\\web-oven\\public\\file.svg"
2026-02-21T05:54:45.951714Z  INFO scan_sources: tailwindcss_oxide::scanner: Discovering "C:\\Users\\Administrator\\Documents\\Project g-labs\\web-oven\\public\\globe.svg"
2026-02-21T05:54:45.951779Z  INFO scan_sources: tailwindcss_oxide::scanner: Discovering "C:\\Users\\Administrator\\Documents\\Project g-labs\\web-oven\\public\\next.svg"
2026-02-21T05:54:45.951841Z  INFO scan_sources: tailwindcss_oxide::scanner: Discovering "C:\\Users\\Administrator\\Documents\\Project g-labs\\web-oven\\public\\vercel.svg"
2026-02-21T05:54:45.951898Z  INFO scan_sources: tailwindcss_oxide::scanner: Discovering "C:\\Users\\Administrator\\Documents\\Project g-labs\\web-oven\\public\\window.svg"
2026-02-21T05:54:45.951982Z  INFO scan_sources: tailwindcss_oxide::scanner: Discovering "C:\\Users\\Administrator\\Documents\\Project g-labs\\web-oven\\README.md"
2026-02-21T05:54:45.952082Z  INFO scan_sources: tailwindcss_oxide::scanner: Discovering "C:\\Users\\Administrator\\Documents\\Project g-labs\\web-oven\\src"
2026-02-21T05:54:45.952286Z  INFO scan_sources: tailwindcss_oxide::scanner: Discovering "C:\\Users\\Administrator\\Documents\\Project g-labs\\web-oven\\src\\app"
2026-02-21T05:54:45.952461Z  INFO scan_sources: tailwindcss_oxide::scanner: Discovering "C:\\Users\\Administrator\\Documents\\Project g-labs\\web-oven\\src\\app\\(auth)"
2026-02-21T05:54:45.952628Z  INFO scan_sources: tailwindcss_oxide::scanner: Discovering "C:\\Users\\Administrator\\Documents\\Project g-labs\\web-oven\\src\\app\\(auth)\\login"
2026-02-21T05:54:45.952760Z  INFO scan_sources: tailwindcss_oxide::scanner: Discovering "C:\\Users\\Administrator\\Documents\\Project g-labs\\web-oven\\src\\app\\(auth)\\login\\page.tsx"
2026-02-21T05:54:45.952882Z  INFO scan_sources: tailwindcss_oxide::scanner: Discovering "C:\\Users\\Administrator\\Documents\\Project g-labs\\web-oven\\src\\app\\(auth)\\pending"
2026-02-21T05:54:45.953005Z  INFO scan_sources: tailwindcss_oxide::scanner: Discovering "C:\\Users\\Administrator\\Documents\\Project g-labs\\web-oven\\src\\app\\(auth)\\pending\\page.tsx"
2026-02-21T05:54:45.953119Z  INFO scan_sources: tailwindcss_oxide::scanner: Discovering "C:\\Users\\Administrator\\Documents\\Project g-labs\\web-oven\\src\\app\\(auth)\\register"
2026-02-21T05:54:45.953246Z  INFO scan_sources: tailwindcss_oxide::scanner: Discovering "C:\\Users\\Administrator\\Documents\\Project g-labs\\web-oven\\src\\app\\(auth)\\register\\page.tsx"
2026-02-21T05:54:45.953381Z  INFO scan_sources: tailwindcss_oxide::scanner: Discovering "C:\\Users\\Administrator\\Documents\\Project g-labs\\web-oven\\src\\app\\(dashboard)"
2026-02-21T05:54:45.953564Z  INFO scan_sources: tailwindcss_oxide::scanner: Discovering "C:\\Users\\Administrator\\Documents\\Project g-labs\\web-oven\\src\\app\\(dashboard)\\admin"
2026-02-21T05:54:45.953732Z  INFO scan_sources: tailwindcss_oxide::scanner: Discovering "C:\\Users\\Administrator\\Documents\\Project g-labs\\web-oven\\src\\app\\(dashboard)\\admin\\bookings"
2026-02-21T05:54:45.953870Z  INFO scan_sources: tailwindcss_oxide::scanner: Discovering "C:\\Users\\Administrator\\Documents\\Project g-labs\\web-oven\\src\\app\\(dashboard)\\admin\\bookings\\action-buttons.tsx"
2026-02-21T05:54:45.953937Z  INFO scan_sources: tailwindcss_oxide::scanner: Discovering "C:\\Users\\Administrator\\Documents\\Project g-labs\\web-oven\\src\\app\\(dashboard)\\admin\\bookings\\booking-management-form.tsx"
2026-02-21T05:54:45.953995Z  INFO scan_sources: tailwindcss_oxide::scanner: Discovering "C:\\Users\\Administrator\\Documents\\Project g-labs\\web-oven\\src\\app\\(dashboard)\\admin\\bookings\\page.tsx"
2026-02-21T05:54:45.954104Z  INFO scan_sources: tailwindcss_oxide::scanner: Discovering "C:\\Users\\Administrator\\Documents\\Project g-labs\\web-oven\\src\\app\\(dashboard)\\admin\\bookings\\[id]"
2026-02-21T05:54:45.954231Z  INFO scan_sources: tailwindcss_oxide::scanner: Discovering "C:\\Users\\Administrator\\Documents\\Project g-labs\\web-oven\\src\\app\\(dashboard)\\admin\\bookings\\[id]\\page.tsx"
2026-02-21T05:54:45.954369Z  INFO scan_sources: tailwindcss_oxide::scanner: Discovering "C:\\Users\\Administrator\\Documents\\Project g-labs\\web-oven\\src\\app\\(dashboard)\\admin\\ovens"
2026-02-21T05:54:45.954511Z  INFO scan_sources: tailwindcss_oxide::scanner: Discovering "C:\\Users\\Administrator\\Documents\\Project g-labs\\web-oven\\src\\app\\(dashboard)\\admin\\ovens\\action-buttons.tsx"
2026-02-21T05:54:45.954576Z  INFO scan_sources: tailwindcss_oxide::scanner: Discovering "C:\\Users\\Administrator\\Documents\\Project g-labs\\web-oven\\src\\app\\(dashboard)\\admin\\ovens\\add-oven-modal.tsx"
2026-02-21T05:54:45.954637Z  INFO scan_sources: tailwindcss_oxide::scanner: Discovering "C:\\Users\\Administrator\\Documents\\Project g-labs\\web-oven\\src\\app\\(dashboard)\\admin\\ovens\\edit-oven-modal.tsx"
2026-02-21T05:54:45.954706Z  INFO scan_sources: tailwindcss_oxide::scanner: Discovering "C:\\Users\\Administrator\\Documents\\Project g-labs\\web-oven\\src\\app\\(dashboard)\\admin\\ovens\\page.tsx"
2026-02-21T05:54:45.954829Z  INFO scan_sources: tailwindcss_oxide::scanner: Discovering "C:\\Users\\Administrator\\Documents\\Project g-labs\\web-oven\\src\\app\\(dashboard)\\admin\\users"
2026-02-21T05:54:45.954997Z  INFO scan_sources: tailwindcss_oxide::scanner: Discovering "C:\\Users\\Administrator\\Documents\\Project g-labs\\web-oven\\src\\app\\(dashboard)\\admin\\users\\action-buttons.tsx"
2026-02-21T05:54:45.955058Z  INFO scan_sources: tailwindcss_oxide::scanner: Discovering "C:\\Users\\Administrator\\Documents\\Project g-labs\\web-oven\\src\\app\\(dashboard)\\admin\\users\\add-user-modal.tsx"
2026-02-21T05:54:45.955135Z  INFO scan_sources: tailwindcss_oxide::scanner: Discovering "C:\\Users\\Administrator\\Documents\\Project g-labs\\web-oven\\src\\app\\(dashboard)\\admin\\users\\page.tsx"
2026-02-21T05:54:45.955192Z  INFO scan_sources: tailwindcss_oxide::scanner: Discovering "C:\\Users\\Administrator\\Documents\\Project g-labs\\web-oven\\src\\app\\(dashboard)\\admin\\users\\role-buttons.tsx"
2026-02-21T05:54:45.955325Z  INFO scan_sources: tailwindcss_oxide::scanner: Discovering "C:\\Users\\Administrator\\Documents\\Project g-labs\\web-oven\\src\\app\\(dashboard)\\admin\\users\\[id]"
2026-02-21T05:54:45.955453Z  INFO scan_sources: tailwindcss_oxide::scanner: Discovering "C:\\Users\\Administrator\\Documents\\Project g-labs\\web-oven\\src\\app\\(dashboard)\\admin\\users\\[id]\\page.tsx"
2026-02-21T05:54:45.955614Z  INFO scan_sources: tailwindcss_oxide::scanner: Discovering "C:\\Users\\Administrator\\Documents\\Project g-labs\\web-oven\\src\\app\\(dashboard)\\book"
2026-02-21T05:54:45.955736Z  INFO scan_sources: tailwindcss_oxide::scanner: Discovering "C:\\Users\\Administrator\\Documents\\Project g-labs\\web-oven\\src\\app\\(dashboard)\\book\\page.tsx"
2026-02-21T05:54:45.955817Z  INFO scan_sources: tailwindcss_oxide::scanner: Discovering "C:\\Users\\Administrator\\Documents\\Project g-labs\\web-oven\\src\\app\\(dashboard)\\layout.tsx"
2026-02-21T05:54:45.955912Z  INFO scan_sources: tailwindcss_oxide::scanner: Discovering "C:\\Users\\Administrator\\Documents\\Project g-labs\\web-oven\\src\\app\\(dashboard)\\my-bookings"
2026-02-21T05:54:45.956040Z  INFO scan_sources: tailwindcss_oxide::scanner: Discovering "C:\\Users\\Administrator\\Documents\\Project g-labs\\web-oven\\src\\app\\(dashboard)\\my-bookings\\cancel-button.tsx"
2026-02-21T05:54:45.956098Z  INFO scan_sources: tailwindcss_oxide::scanner: Discovering "C:\\Users\\Administrator\\Documents\\Project g-labs\\web-oven\\src\\app\\(dashboard)\\my-bookings\\page.tsx"
2026-02-21T05:54:45.956270Z  INFO scan_sources: tailwindcss_oxide::scanner: Discovering "C:\\Users\\Administrator\\Documents\\Project g-labs\\web-oven\\src\\app\\(dashboard)\\my-bookings\\[id]"
2026-02-21T05:54:45.956466Z  INFO scan_sources: tailwindcss_oxide::scanner: Discovering "C:\\Users\\Administrator\\Documents\\Project g-labs\\web-oven\\src\\app\\(dashboard)\\my-bookings\\[id]\\page.tsx"
2026-02-21T05:54:45.956563Z  INFO scan_sources: tailwindcss_oxide::scanner: Discovering "C:\\Users\\Administrator\\Documents\\Project g-labs\\web-oven\\src\\app\\(dashboard)\\page.tsx"
2026-02-21T05:54:45.956656Z  INFO scan_sources: tailwindcss_oxide::scanner: Discovering "C:\\Users\\Administrator\\Documents\\Project g-labs\\web-oven\\src\\app\\(dashboard)\\profile"
2026-02-21T05:54:45.956771Z  INFO scan_sources: tailwindcss_oxide::scanner: Discovering "C:\\Users\\Administrator\\Documents\\Project g-labs\\web-oven\\src\\app\\(dashboard)\\profile\\page.tsx"
2026-02-21T05:54:45.956903Z  INFO scan_sources: tailwindcss_oxide::scanner: Discovering "C:\\Users\\Administrator\\Documents\\Project g-labs\\web-oven\\src\\app\\actions"
2026-02-21T05:54:45.957024Z  INFO scan_sources: tailwindcss_oxide::scanner: Discovering "C:\\Users\\Administrator\\Documents\\Project g-labs\\web-oven\\src\\app\\actions\\admin.ts"
2026-02-21T05:54:45.957089Z  INFO scan_sources: tailwindcss_oxide::scanner: Discovering "C:\\Users\\Administrator\\Documents\\Project g-labs\\web-oven\\src\\app\\actions\\auth.ts"
2026-02-21T05:54:45.957156Z  INFO scan_sources: tailwindcss_oxide::scanner: Discovering "C:\\Users\\Administrator\\Documents\\Project g-labs\\web-oven\\src\\app\\actions\\booking.ts"
2026-02-21T05:54:45.957217Z  INFO scan_sources: tailwindcss_oxide::scanner: Discovering "C:\\Users\\Administrator\\Documents\\Project g-labs\\web-oven\\src\\app\\actions\\profile.ts"
2026-02-21T05:54:45.957337Z  INFO scan_sources: tailwindcss_oxide::scanner: Discovering "C:\\Users\\Administrator\\Documents\\Project g-labs\\web-oven\\src\\app\\api"
2026-02-21T05:54:45.957497Z  INFO scan_sources: tailwindcss_oxide::scanner: Discovering "C:\\Users\\Administrator\\Documents\\Project g-labs\\web-oven\\src\\app\\api\\auth"
2026-02-21T05:54:45.957664Z  INFO scan_sources: tailwindcss_oxide::scanner: Discovering "C:\\Users\\Administrator\\Documents\\Project g-labs\\web-oven\\src\\app\\api\\auth\\[...nextauth]"
2026-02-21T05:54:45.957799Z  INFO scan_sources: tailwindcss_oxide::scanner: Discovering "C:\\Users\\Administrator\\Documents\\Project g-labs\\web-oven\\src\\app\\api\\auth\\[...nextauth]\\route.ts"
2026-02-21T05:54:45.957944Z  INFO scan_sources: tailwindcss_oxide::scanner: Discovering "C:\\Users\\Administrator\\Documents\\Project g-labs\\web-oven\\src\\app\\api\\bookings"
2026-02-21T05:54:45.958074Z  INFO scan_sources: tailwindcss_oxide::scanner: Discovering "C:\\Users\\Administrator\\Documents\\Project g-labs\\web-oven\\src\\app\\api\\bookings\\route.ts"
2026-02-21T05:54:45.958187Z  INFO scan_sources: tailwindcss_oxide::scanner: Discovering "C:\\Users\\Administrator\\Documents\\Project g-labs\\web-oven\\src\\app\\api\\ovens"
2026-02-21T05:54:45.958311Z  INFO scan_sources: tailwindcss_oxide::scanner: Discovering "C:\\Users\\Administrator\\Documents\\Project g-labs\\web-oven\\src\\app\\api\\ovens\\route.ts"
2026-02-21T05:54:45.958422Z  INFO scan_sources: tailwindcss_oxide::scanner: Discovering "C:\\Users\\Administrator\\Documents\\Project g-labs\\web-oven\\src\\app\\globals.css"
2026-02-21T05:54:45.958482Z  INFO scan_sources: tailwindcss_oxide::scanner: Discovering "C:\\Users\\Administrator\\Documents\\Project g-labs\\web-oven\\src\\app\\layout.tsx"
2026-02-21T05:54:45.958606Z  INFO scan_sources: tailwindcss_oxide::scanner: Discovering "C:\\Users\\Administrator\\Documents\\Project g-labs\\web-oven\\src\\components"
2026-02-21T05:54:45.958738Z  INFO scan_sources: tailwindcss_oxide::scanner: Discovering "C:\\Users\\Administrator\\Documents\\Project g-labs\\web-oven\\src\\components\\booking-calendar.tsx"
2026-02-21T05:54:45.958796Z  INFO scan_sources: tailwindcss_oxide::scanner: Discovering "C:\\Users\\Administrator\\Documents\\Project g-labs\\web-oven\\src\\components\\confirm-dialog.tsx"
2026-02-21T05:54:45.958857Z  INFO scan_sources: tailwindcss_oxide::scanner: Discovering "C:\\Users\\Administrator\\Documents\\Project g-labs\\web-oven\\src\\components\\dashboard-calendar.tsx"
2026-02-21T05:54:45.958912Z  INFO scan_sources: tailwindcss_oxide::scanner: Discovering "C:\\Users\\Administrator\\Documents\\Project g-labs\\web-oven\\src\\components\\date-time-picker.tsx"
2026-02-21T05:54:45.958967Z  INFO scan_sources: tailwindcss_oxide::scanner: Discovering "C:\\Users\\Administrator\\Documents\\Project g-labs\\web-oven\\src\\components\\dialog.tsx"
2026-02-21T05:54:45.959021Z  INFO scan_sources: tailwindcss_oxide::scanner: Discovering "C:\\Users\\Administrator\\Documents\\Project g-labs\\web-oven\\src\\components\\flap-slider.tsx"
2026-02-21T05:54:45.959090Z  INFO scan_sources: tailwindcss_oxide::scanner: Discovering "C:\\Users\\Administrator\\Documents\\Project g-labs\\web-oven\\src\\components\\profile-editor.tsx"
2026-02-21T05:54:45.959149Z  INFO scan_sources: tailwindcss_oxide::scanner: Discovering "C:\\Users\\Administrator\\Documents\\Project g-labs\\web-oven\\src\\components\\providers.tsx"
2026-02-21T05:54:45.959203Z  INFO scan_sources: tailwindcss_oxide::scanner: Discovering "C:\\Users\\Administrator\\Documents\\Project g-labs\\web-oven\\src\\components\\sidebar.tsx"
2026-02-21T05:54:45.959259Z  INFO scan_sources: tailwindcss_oxide::scanner: Discovering "C:\\Users\\Administrator\\Documents\\Project g-labs\\web-oven\\src\\components\\time-picker.tsx"
2026-02-21T05:54:45.959345Z  INFO scan_sources: tailwindcss_oxide::scanner: Discovering "C:\\Users\\Administrator\\Documents\\Project g-labs\\web-oven\\src\\components\\toast.tsx"
2026-02-21T05:54:45.959605Z  INFO scan_sources: tailwindcss_oxide::scanner: Discovering "C:\\Users\\Administrator\\Documents\\Project g-labs\\web-oven\\src\\lib"
2026-02-21T05:54:45.959730Z  INFO scan_sources: tailwindcss_oxide::scanner: Discovering "C:\\Users\\Administrator\\Documents\\Project g-labs\\web-oven\\src\\lib\\auth.ts"
2026-02-21T05:54:45.959793Z  INFO scan_sources: tailwindcss_oxide::scanner: Discovering "C:\\Users\\Administrator\\Documents\\Project g-labs\\web-oven\\src\\lib\\prisma.ts"
2026-02-21T05:54:45.959866Z  INFO scan_sources: tailwindcss_oxide::scanner: Discovering "C:\\Users\\Administrator\\Documents\\Project g-labs\\web-oven\\src\\lib\\utils.ts"
2026-02-21T05:54:45.959952Z  INFO scan_sources: tailwindcss_oxide::scanner: Discovering "C:\\Users\\Administrator\\Documents\\Project g-labs\\web-oven\\src\\middleware.ts"
2026-02-21T05:54:45.960047Z  INFO scan_sources: tailwindcss_oxide::scanner: Discovering "C:\\Users\\Administrator\\Documents\\Project g-labs\\web-oven\\src\\types"
2026-02-21T05:54:45.960174Z  INFO scan_sources: tailwindcss_oxide::scanner: Discovering "C:\\Users\\Administrator\\Documents\\Project g-labs\\web-oven\\src\\types\\next-auth.d.ts"
2026-02-21T05:54:45.960322Z  INFO scan_sources: tailwindcss_oxide::scanner: Discovering "C:\\Users\\Administrator\\Documents\\Project g-labs\\web-oven\\tsconfig.json"
2026-02-21T05:54:45.960427Z  INFO scan_sources: tailwindcss_oxide::scanner: exit
2026-02-21T05:54:45.960441Z  INFO extract_candidates: tailwindcss_oxide::scanner: enter
2026-02-21T05:54:45.960447Z  INFO extract_candidates:read_all_files: tailwindcss_oxide::scanner: enter
2026-02-21T05:54:45.960452Z  INFO extract_candidates:read_all_files: tailwindcss_oxide::scanner: Reading 66 file(s)
2026-02-21T05:54:45.961030Z  INFO tailwindcss_oxide::scanner: Reading "C:\\Users\\Administrator\\Documents\\Project g-labs\\web-oven\\.dockerignore"
2026-02-21T05:54:45.961042Z  INFO tailwindcss_oxide::scanner: Reading "C:\\Users\\Administrator\\Documents\\Project g-labs\\web-oven\\src\\app\\(dashboard)\\admin\\users\\[id]\\page.tsx"
2026-02-21T05:54:45.961209Z  INFO tailwindcss_oxide::scanner: Reading "C:\\Users\\Administrator\\Documents\\Project g-labs\\web-oven\\.env.example"
2026-02-21T05:54:45.961250Z  INFO tailwindcss_oxide::scanner: Reading "C:\\Users\\Administrator\\Documents\\Project g-labs\\web-oven\\src\\components\\booking-calendar.tsx"
2026-02-21T05:54:45.961307Z  INFO tailwindcss_oxide::scanner: Reading "C:\\Users\\Administrator\\Documents\\Project g-labs\\web-oven\\public\\window.svg"
2026-02-21T05:54:45.961331Z  INFO tailwindcss_oxide::scanner: Reading "C:\\Users\\Administrator\\Documents\\Project g-labs\\web-oven\\src\\app\\(dashboard)\\book\\page.tsx"
2026-02-21T05:54:45.961340Z  INFO tailwindcss_oxide::scanner: Reading "C:\\Users\\Administrator\\Documents\\Project g-labs\\web-oven\\src\\components\\sidebar.tsx"
2026-02-21T05:54:45.961320Z  INFO tailwindcss_oxide::scanner: Reading "C:\\Users\\Administrator\\Documents\\Project g-labs\\web-oven\\docker-compose.yml"
2026-02-21T05:54:45.961418Z  INFO tailwindcss_oxide::scanner: Reading "C:\\Users\\Administrator\\Documents\\Project g-labs\\web-oven\\src\\components\\confirm-dialog.tsx"
2026-02-21T05:54:45.961433Z  INFO tailwindcss_oxide::scanner: Reading "C:\\Users\\Administrator\\Documents\\Project g-labs\\web-oven\\README.md"
2026-02-21T05:54:45.961453Z  INFO tailwindcss_oxide::scanner: Reading "C:\\Users\\Administrator\\Documents\\Project g-labs\\web-oven\\src\\app\\actions\\admin.ts"
2026-02-21T05:54:45.961474Z  INFO tailwindcss_oxide::scanner: Reading "C:\\Users\\Administrator\\Documents\\Project g-labs\\web-oven\\docker-entrypoint.sh"
2026-02-21T05:54:45.961495Z  INFO tailwindcss_oxide::scanner: Reading "C:\\Users\\Administrator\\Documents\\Project g-labs\\web-oven\\src\\app\\(dashboard)\\layout.tsx"
2026-02-21T05:54:45.961528Z  INFO tailwindcss_oxide::scanner: Reading "C:\\Users\\Administrator\\Documents\\Project g-labs\\web-oven\\src\\components\\time-picker.tsx"
2026-02-21T05:54:45.961547Z  INFO tailwindcss_oxide::scanner: Reading "C:\\Users\\Administrator\\Documents\\Project g-labs\\web-oven\\src\\components\\dashboard-calendar.tsx"
2026-02-21T05:54:45.961577Z  INFO tailwindcss_oxide::scanner: Reading "C:\\Users\\Administrator\\Documents\\Project g-labs\\web-oven\\src\\app\\actions\\auth.ts"
2026-02-21T05:54:45.961577Z  INFO tailwindcss_oxide::scanner: Reading "C:\\Users\\Administrator\\Documents\\Project g-labs\\web-oven\\Dockerfile"
2026-02-21T05:54:45.961564Z  INFO tailwindcss_oxide::scanner: Reading "C:\\Users\\Administrator\\Documents\\Project g-labs\\web-oven\\src\\app\\(auth)\\login\\page.tsx"
2026-02-21T05:54:45.961526Z  INFO tailwindcss_oxide::scanner: Reading "C:\\Users\\Administrator\\Documents\\Project g-labs\\web-oven\\postcss.config.mjs"
2026-02-21T05:54:45.961685Z  INFO tailwindcss_oxide::scanner: Reading "C:\\Users\\Administrator\\Documents\\Project g-labs\\web-oven\\src\\app\\actions\\booking.ts"
2026-02-21T05:54:45.961700Z  INFO tailwindcss_oxide::scanner: Reading "C:\\Users\\Administrator\\Documents\\Project g-labs\\web-oven\\infra.md"
2026-02-21T05:54:45.961709Z  INFO tailwindcss_oxide::scanner: Reading "C:\\Users\\Administrator\\Documents\\Project g-labs\\web-oven\\src\\app\\(dashboard)\\my-bookings\\cancel-button.tsx"
2026-02-21T05:54:45.961763Z  INFO tailwindcss_oxide::scanner: Reading "C:\\Users\\Administrator\\Documents\\Project g-labs\\web-oven\\prisma\\schema.prisma"
2026-02-21T05:54:45.961794Z  INFO tailwindcss_oxide::scanner: Reading "C:\\Users\\Administrator\\Documents\\Project g-labs\\web-oven\\next.config.ts"
2026-02-21T05:54:45.961788Z  INFO tailwindcss_oxide::scanner: Reading "C:\\Users\\Administrator\\Documents\\Project g-labs\\web-oven\\src\\components\\toast.tsx"
2026-02-21T05:54:45.961838Z  INFO tailwindcss_oxide::scanner: Reading "C:\\Users\\Administrator\\Documents\\Project g-labs\\web-oven\\src\\app\\actions\\profile.ts"
2026-02-21T05:54:45.961814Z  INFO tailwindcss_oxide::scanner: Reading "C:\\Users\\Administrator\\Documents\\Project g-labs\\web-oven\\src\\components\\date-time-picker.tsx"
2026-02-21T05:54:45.961877Z  INFO tailwindcss_oxide::scanner: Reading "C:\\Users\\Administrator\\Documents\\Project g-labs\\web-oven\\prisma\\seed.ts"
2026-02-21T05:54:45.961878Z  INFO tailwindcss_oxide::scanner: Reading "C:\\Users\\Administrator\\Documents\\Project g-labs\\web-oven\\public\\file.svg"
2026-02-21T05:54:45.961971Z  INFO tailwindcss_oxide::scanner: Reading "C:\\Users\\Administrator\\Documents\\Project g-labs\\web-oven\\package.json"
2026-02-21T05:54:45.961978Z  INFO tailwindcss_oxide::scanner: Reading "C:\\Users\\Administrator\\Documents\\Project g-labs\\web-oven\\src\\lib\\auth.ts"
2026-02-21T05:54:45.961876Z  INFO tailwindcss_oxide::scanner: Reading "C:\\Users\\Administrator\\Documents\\Project g-labs\\web-oven\\src\\app\\(auth)\\pending\\page.tsx"
2026-02-21T05:54:45.962008Z  INFO tailwindcss_oxide::scanner: Reading "C:\\Users\\Administrator\\Documents\\Project g-labs\\web-oven\\src\\app\\api\\auth\\[...nextauth]\\route.ts"
2026-02-21T05:54:45.962033Z  INFO tailwindcss_oxide::scanner: Reading "C:\\Users\\Administrator\\Documents\\Project g-labs\\web-oven\\src\\components\\dialog.tsx"
2026-02-21T05:54:45.962063Z  INFO tailwindcss_oxide::scanner: Reading "C:\\Users\\Administrator\\Documents\\Project g-labs\\web-oven\\prisma.config.ts"
2026-02-21T05:54:45.962078Z  INFO tailwindcss_oxide::scanner: Reading "C:\\Users\\Administrator\\Documents\\Project g-labs\\web-oven\\public\\globe.svg"
2026-02-21T05:54:45.962089Z  INFO tailwindcss_oxide::scanner: Reading "C:\\Users\\Administrator\\Documents\\Project g-labs\\web-oven\\src\\components\\profile-editor.tsx"
2026-02-21T05:54:45.962102Z  INFO tailwindcss_oxide::scanner: Reading "C:\\Users\\Administrator\\Documents\\Project g-labs\\web-oven\\src\\app\\api\\bookings\\route.ts"
2026-02-21T05:54:45.962108Z  INFO tailwindcss_oxide::scanner: Reading "C:\\Users\\Administrator\\Documents\\Project g-labs\\web-oven\\src\\app\\(dashboard)\\page.tsx"
2026-02-21T05:54:45.962135Z  INFO tailwindcss_oxide::scanner: Reading "C:\\Users\\Administrator\\Documents\\Project g-labs\\web-oven\\src\\components\\flap-slider.tsx"
2026-02-21T05:54:45.962176Z  INFO tailwindcss_oxide::scanner: Reading "C:\\Users\\Administrator\\Documents\\Project g-labs\\web-oven\\public\\next.svg"
2026-02-21T05:54:45.962185Z  INFO tailwindcss_oxide::scanner: Reading "C:\\Users\\Administrator\\Documents\\Project g-labs\\web-oven\\src\\app\\api\\ovens\\route.ts"
2026-02-21T05:54:45.962235Z  INFO tailwindcss_oxide::scanner: Reading "C:\\Users\\Administrator\\Documents\\Project g-labs\\web-oven\\src\\components\\providers.tsx"
2026-02-21T05:54:45.962237Z  INFO tailwindcss_oxide::scanner: Reading "C:\\Users\\Administrator\\Documents\\Project g-labs\\web-oven\\src\\lib\\prisma.ts"
2026-02-21T05:54:45.962275Z  INFO tailwindcss_oxide::scanner: Reading "C:\\Users\\Administrator\\Documents\\Project g-labs\\web-oven\\src\\app\\(auth)\\register\\page.tsx"
2026-02-21T05:54:45.962328Z  INFO tailwindcss_oxide::scanner: Reading "C:\\Users\\Administrator\\Documents\\Project g-labs\\web-oven\\src\\app\\(dashboard)\\admin\\bookings\\[id]\\page.tsx"
2026-02-21T05:54:45.962331Z  INFO tailwindcss_oxide::scanner: Reading "C:\\Users\\Administrator\\Documents\\Project g-labs\\web-oven\\public\\vercel.svg"
2026-02-21T05:54:45.962368Z  INFO tailwindcss_oxide::scanner: Reading "C:\\Users\\Administrator\\Documents\\Project g-labs\\web-oven\\src\\app\\(dashboard)\\admin\\ovens\\page.tsx"
2026-02-21T05:54:45.962382Z  INFO tailwindcss_oxide::scanner: Reading "C:\\Users\\Administrator\\Documents\\Project g-labs\\web-oven\\src\\lib\\utils.ts"
2026-02-21T05:54:45.962338Z  INFO tailwindcss_oxide::scanner: Reading "C:\\Users\\Administrator\\Documents\\Project g-labs\\web-oven\\src\\app\\(dashboard)\\admin\\bookings\\booking-management-form.tsx"
2026-02-21T05:54:45.962413Z  INFO tailwindcss_oxide::scanner: Reading "C:\\Users\\Administrator\\Documents\\Project g-labs\\web-oven\\src\\app\\(dashboard)\\admin\\bookings\\action-buttons.tsx"
2026-02-21T05:54:45.962372Z  INFO tailwindcss_oxide::scanner: Reading "C:\\Users\\Administrator\\Documents\\Project g-labs\\web-oven\\src\\app\\layout.tsx"
2026-02-21T05:54:45.962446Z  INFO tailwindcss_oxide::scanner: Reading "C:\\Users\\Administrator\\Documents\\Project g-labs\\web-oven\\src\\app\\(dashboard)\\profile\\page.tsx"
2026-02-21T05:54:45.962489Z  INFO tailwindcss_oxide::scanner: Reading "C:\\Users\\Administrator\\Documents\\Project g-labs\\web-oven\\src\\app\\(dashboard)\\admin\\users\\action-buttons.tsx"
2026-02-21T05:54:45.962498Z  INFO tailwindcss_oxide::scanner: Reading "C:\\Users\\Administrator\\Documents\\Project g-labs\\web-oven\\src\\middleware.ts"
2026-02-21T05:54:45.962495Z  INFO tailwindcss_oxide::scanner: Reading "C:\\Users\\Administrator\\Documents\\Project g-labs\\web-oven\\src\\app\\(dashboard)\\my-bookings\\[id]\\page.tsx"
2026-02-21T05:54:45.962511Z  INFO tailwindcss_oxide::scanner: Reading "C:\\Users\\Administrator\\Documents\\Project g-labs\\web-oven\\src\\types\\next-auth.d.ts"
2026-02-21T05:54:45.962568Z  INFO tailwindcss_oxide::scanner: Reading "C:\\Users\\Administrator\\Documents\\Project g-labs\\web-oven\\src\\app\\(dashboard)\\admin\\users\\add-user-modal.tsx"
2026-02-21T05:54:45.962579Z  INFO tailwindcss_oxide::scanner: Reading "C:\\Users\\Administrator\\Documents\\Project g-labs\\web-oven\\src\\app\\(dashboard)\\admin\\bookings\\page.tsx"
2026-02-21T05:54:45.962568Z  INFO tailwindcss_oxide::scanner: Reading "C:\\Users\\Administrator\\Documents\\Project g-labs\\web-oven\\src\\app\\(dashboard)\\admin\\ovens\\add-oven-modal.tsx"
2026-02-21T05:54:45.962132Z  INFO tailwindcss_oxide::scanner: Reading "C:\\Users\\Administrator\\Documents\\Project g-labs\\web-oven\\src\\app\\(dashboard)\\my-bookings\\page.tsx"
2026-02-21T05:54:45.962614Z  INFO tailwindcss_oxide::scanner: Reading "C:\\Users\\Administrator\\Documents\\Project g-labs\\web-oven\\src\\app\\(dashboard)\\admin\\ovens\\edit-oven-modal.tsx"
2026-02-21T05:54:45.962634Z  INFO tailwindcss_oxide::scanner: Reading "C:\\Users\\Administrator\\Documents\\Project g-labs\\web-oven\\src\\app\\(dashboard)\\admin\\users\\role-buttons.tsx"
2026-02-21T05:54:45.962611Z  INFO tailwindcss_oxide::scanner: Reading "C:\\Users\\Administrator\\Documents\\Project g-labs\\web-oven\\tsconfig.json"
2026-02-21T05:54:45.962658Z  INFO tailwindcss_oxide::scanner: Reading "C:\\Users\\Administrator\\Documents\\Project g-labs\\web-oven\\src\\app\\(dashboard)\\admin\\users\\page.tsx"
2026-02-21T05:54:45.962791Z  INFO tailwindcss_oxide::scanner: Reading "C:\\Users\\Administrator\\Documents\\Project g-labs\\web-oven\\src\\app\\(dashboard)\\admin\\ovens\\action-buttons.tsx"
2026-02-21T05:54:45.962875Z  INFO extract_candidates:read_all_files: tailwindcss_oxide::scanner: exit
2026-02-21T05:54:45.962896Z  INFO extract_candidates:parse_all_blobs: tailwindcss_oxide::scanner: enter
2026-02-21T05:54:45.962903Z  INFO extract_candidates:parse_all_blobs:extract: tailwindcss_oxide::scanner: enter
2026-02-21T05:54:45.964892Z  INFO extract_candidates:parse_all_blobs:extract: tailwindcss_oxide::scanner: exit
2026-02-21T05:54:45.964921Z  INFO extract_candidates:parse_all_blobs: tailwindcss_oxide::scanner: exit
2026-02-21T05:54:45.964929Z  INFO extract_candidates:read_all_files: tailwindcss_oxide::scanner: enter
2026-02-21T05:54:45.964933Z  INFO extract_candidates:read_all_files: tailwindcss_oxide::scanner: Reading 1 file(s)
2026-02-21T05:54:45.965019Z  INFO extract_candidates:read_all_files: tailwindcss_oxide::scanner: Reading "C:\\Users\\Administrator\\Documents\\Project g-labs\\web-oven\\src\\app\\globals.css"
2026-02-21T05:54:45.965029Z  INFO extract_candidates:read_all_files: tailwindcss_oxide::scanner: exit
2026-02-21T05:54:45.965037Z  INFO extract_candidates:extract_css_variables: tailwindcss_oxide::scanner: enter
2026-02-21T05:54:45.965041Z  INFO extract_candidates:extract_css_variables:extract: tailwindcss_oxide::scanner: enter
2026-02-21T05:54:45.965161Z  INFO extract_candidates:extract_css_variables:extract: tailwindcss_oxide::scanner: exit
2026-02-21T05:54:45.965182Z  INFO extract_candidates:extract_css_variables: tailwindcss_oxide::scanner: exit
2026-02-21T05:54:45.965869Z  INFO extract_candidates: tailwindcss_oxide::scanner: exit
2026-02-21T05:54:45.966834Z  INFO get_files: tailwindcss_oxide::scanner: enter
2026-02-21T05:54:45.966846Z  INFO get_files:scan_sources: tailwindcss_oxide::scanner: enter
2026-02-21T05:54:45.969260Z  INFO get_files:scan_sources: tailwindcss_oxide::scanner: Discovering "C:\\Users\\Administrator\\Documents\\Project g-labs\\web-oven\\prisma"
2026-02-21T05:54:45.969575Z  INFO get_files:scan_sources: tailwindcss_oxide::scanner: Discovering "C:\\Users\\Administrator\\Documents\\Project g-labs\\web-oven\\public"
2026-02-21T05:54:45.970010Z  INFO get_files:scan_sources: tailwindcss_oxide::scanner: Discovering "C:\\Users\\Administrator\\Documents\\Project g-labs\\web-oven\\src"
2026-02-21T05:54:45.970223Z  INFO get_files:scan_sources: tailwindcss_oxide::scanner: Discovering "C:\\Users\\Administrator\\Documents\\Project g-labs\\web-oven\\src\\app"
2026-02-21T05:54:45.970480Z  INFO get_files:scan_sources: tailwindcss_oxide::scanner: Discovering "C:\\Users\\Administrator\\Documents\\Project g-labs\\web-oven\\src\\app\\(auth)"
2026-02-21T05:54:45.970728Z  INFO get_files:scan_sources: tailwindcss_oxide::scanner: Discovering "C:\\Users\\Administrator\\Documents\\Project g-labs\\web-oven\\src\\app\\(auth)\\login"
2026-02-21T05:54:45.971068Z  INFO get_files:scan_sources: tailwindcss_oxide::scanner: Discovering "C:\\Users\\Administrator\\Documents\\Project g-labs\\web-oven\\src\\app\\(auth)\\pending"
2026-02-21T05:54:45.971426Z  INFO get_files:scan_sources: tailwindcss_oxide::scanner: Discovering "C:\\Users\\Administrator\\Documents\\Project g-labs\\web-oven\\src\\app\\(auth)\\register"
2026-02-21T05:54:45.971689Z  INFO get_files:scan_sources: tailwindcss_oxide::scanner: Discovering "C:\\Users\\Administrator\\Documents\\Project g-labs\\web-oven\\src\\app\\(dashboard)"
2026-02-21T05:54:45.971872Z  INFO get_files:scan_sources: tailwindcss_oxide::scanner: Discovering "C:\\Users\\Administrator\\Documents\\Project g-labs\\web-oven\\src\\app\\(dashboard)\\admin"
2026-02-21T05:54:45.972184Z  INFO get_files:scan_sources: tailwindcss_oxide::scanner: Discovering "C:\\Users\\Administrator\\Documents\\Project g-labs\\web-oven\\src\\app\\(dashboard)\\admin\\bookings"
2026-02-21T05:54:45.972468Z  INFO get_files:scan_sources: tailwindcss_oxide::scanner: Discovering "C:\\Users\\Administrator\\Documents\\Project g-labs\\web-oven\\src\\app\\(dashboard)\\admin\\bookings\\[id]"
2026-02-21T05:54:45.972757Z  INFO get_files:scan_sources: tailwindcss_oxide::scanner: Discovering "C:\\Users\\Administrator\\Documents\\Project g-labs\\web-oven\\src\\app\\(dashboard)\\admin\\ovens"
2026-02-21T05:54:45.973099Z  INFO get_files:scan_sources: tailwindcss_oxide::scanner: Discovering "C:\\Users\\Administrator\\Documents\\Project g-labs\\web-oven\\src\\app\\(dashboard)\\admin\\users"
2026-02-21T05:54:45.973412Z  INFO get_files:scan_sources: tailwindcss_oxide::scanner: Discovering "C:\\Users\\Administrator\\Documents\\Project g-labs\\web-oven\\src\\app\\(dashboard)\\admin\\users\\[id]"
2026-02-21T05:54:45.973660Z  INFO get_files:scan_sources: tailwindcss_oxide::scanner: Discovering "C:\\Users\\Administrator\\Documents\\Project g-labs\\web-oven\\src\\app\\(dashboard)\\book"
2026-02-21T05:54:45.973906Z  INFO get_files:scan_sources: tailwindcss_oxide::scanner: Discovering "C:\\Users\\Administrator\\Documents\\Project g-labs\\web-oven\\src\\app\\(dashboard)\\my-bookings"
2026-02-21T05:54:45.974130Z  INFO get_files:scan_sources: tailwindcss_oxide::scanner: Discovering "C:\\Users\\Administrator\\Documents\\Project g-labs\\web-oven\\src\\app\\(dashboard)\\my-bookings\\[id]"
2026-02-21T05:54:45.974397Z  INFO get_files:scan_sources: tailwindcss_oxide::scanner: Discovering "C:\\Users\\Administrator\\Documents\\Project g-labs\\web-oven\\src\\app\\(dashboard)\\profile"
2026-02-21T05:54:45.974644Z  INFO get_files:scan_sources: tailwindcss_oxide::scanner: Discovering "C:\\Users\\Administrator\\Documents\\Project g-labs\\web-oven\\src\\app\\actions"
2026-02-21T05:54:45.974940Z  INFO get_files:scan_sources: tailwindcss_oxide::scanner: Discovering "C:\\Users\\Administrator\\Documents\\Project g-labs\\web-oven\\src\\app\\api"
2026-02-21T05:54:45.975207Z  INFO get_files:scan_sources: tailwindcss_oxide::scanner: Discovering "C:\\Users\\Administrator\\Documents\\Project g-labs\\web-oven\\src\\app\\api\\auth"
2026-02-21T05:54:45.975440Z  INFO get_files:scan_sources: tailwindcss_oxide::scanner: Discovering "C:\\Users\\Administrator\\Documents\\Project g-labs\\web-oven\\src\\app\\api\\auth\\[...nextauth]"
2026-02-21T05:54:45.975847Z  INFO get_files:scan_sources: tailwindcss_oxide::scanner: Discovering "C:\\Users\\Administrator\\Documents\\Project g-labs\\web-oven\\src\\app\\api\\bookings"
2026-02-21T05:54:45.976348Z  INFO get_files:scan_sources: tailwindcss_oxide::scanner: Discovering "C:\\Users\\Administrator\\Documents\\Project g-labs\\web-oven\\src\\app\\api\\ovens"
2026-02-21T05:54:45.976833Z  INFO get_files:scan_sources: tailwindcss_oxide::scanner: Discovering "C:\\Users\\Administrator\\Documents\\Project g-labs\\web-oven\\src\\components"
2026-02-21T05:54:45.977820Z  INFO get_files:scan_sources: tailwindcss_oxide::scanner: Discovering "C:\\Users\\Administrator\\Documents\\Project g-labs\\web-oven\\src\\lib"
2026-02-21T05:54:45.978132Z  INFO get_files:scan_sources: tailwindcss_oxide::scanner: Discovering "C:\\Users\\Administrator\\Documents\\Project g-labs\\web-oven\\src\\types"
2026-02-21T05:54:45.978453Z  INFO get_files:scan_sources: tailwindcss_oxide::scanner: exit
2026-02-21T05:54:45.978572Z  INFO get_files: tailwindcss_oxide::scanner: exit
2026-02-21T05:54:45.979364Z  INFO get_globs: tailwindcss_oxide::scanner: enter
2026-02-21T05:54:45.979376Z  INFO get_globs:scan_sources: tailwindcss_oxide::scanner: enter
2026-02-21T05:54:45.981452Z  INFO get_globs:scan_sources: tailwindcss_oxide::scanner: Discovering "C:\\Users\\Administrator\\Documents\\Project g-labs\\web-oven\\prisma"
2026-02-21T05:54:45.981735Z  INFO get_globs:scan_sources: tailwindcss_oxide::scanner: Discovering "C:\\Users\\Administrator\\Documents\\Project g-labs\\web-oven\\public"
2026-02-21T05:54:45.982096Z  INFO get_globs:scan_sources: tailwindcss_oxide::scanner: Discovering "C:\\Users\\Administrator\\Documents\\Project g-labs\\web-oven\\src"
2026-02-21T05:54:45.982260Z  INFO get_globs:scan_sources: tailwindcss_oxide::scanner: Discovering "C:\\Users\\Administrator\\Documents\\Project g-labs\\web-oven\\src\\app"
2026-02-21T05:54:45.982554Z  INFO get_globs:scan_sources: tailwindcss_oxide::scanner: Discovering "C:\\Users\\Administrator\\Documents\\Project g-labs\\web-oven\\src\\app\\(auth)"
2026-02-21T05:54:45.982796Z  INFO get_globs:scan_sources: tailwindcss_oxide::scanner: Discovering "C:\\Users\\Administrator\\Documents\\Project g-labs\\web-oven\\src\\app\\(auth)\\login"
2026-02-21T05:54:45.983047Z  INFO get_globs:scan_sources: tailwindcss_oxide::scanner: Discovering "C:\\Users\\Administrator\\Documents\\Project g-labs\\web-oven\\src\\app\\(auth)\\pending"
2026-02-21T05:54:45.983253Z  INFO get_globs:scan_sources: tailwindcss_oxide::scanner: Discovering "C:\\Users\\Administrator\\Documents\\Project g-labs\\web-oven\\src\\app\\(auth)\\register"
2026-02-21T05:54:45.983491Z  INFO get_globs:scan_sources: tailwindcss_oxide::scanner: Discovering "C:\\Users\\Administrator\\Documents\\Project g-labs\\web-oven\\src\\app\\(dashboard)"
2026-02-21T05:54:45.983658Z  INFO get_globs:scan_sources: tailwindcss_oxide::scanner: Discovering "C:\\Users\\Administrator\\Documents\\Project g-labs\\web-oven\\src\\app\\(dashboard)\\admin"
2026-02-21T05:54:45.983824Z  INFO get_globs:scan_sources: tailwindcss_oxide::scanner: Discovering "C:\\Users\\Administrator\\Documents\\Project g-labs\\web-oven\\src\\app\\(dashboard)\\admin\\bookings"
2026-02-21T05:54:45.984117Z  INFO get_globs:scan_sources: tailwindcss_oxide::scanner: Discovering "C:\\Users\\Administrator\\Documents\\Project g-labs\\web-oven\\src\\app\\(dashboard)\\admin\\bookings\\[id]"
2026-02-21T05:54:45.984352Z  INFO get_globs:scan_sources: tailwindcss_oxide::scanner: Discovering "C:\\Users\\Administrator\\Documents\\Project g-labs\\web-oven\\src\\app\\(dashboard)\\admin\\ovens"
2026-02-21T05:54:45.984738Z  INFO get_globs:scan_sources: tailwindcss_oxide::scanner: Discovering "C:\\Users\\Administrator\\Documents\\Project g-labs\\web-oven\\src\\app\\(dashboard)\\admin\\users"
2026-02-21T05:54:45.985023Z  INFO get_globs:scan_sources: tailwindcss_oxide::scanner: Discovering "C:\\Users\\Administrator\\Documents\\Project g-labs\\web-oven\\src\\app\\(dashboard)\\admin\\users\\[id]"
2026-02-21T05:54:45.985269Z  INFO get_globs:scan_sources: tailwindcss_oxide::scanner: Discovering "C:\\Users\\Administrator\\Documents\\Project g-labs\\web-oven\\src\\app\\(dashboard)\\book"
2026-02-21T05:54:45.985518Z  INFO get_globs:scan_sources: tailwindcss_oxide::scanner: Discovering "C:\\Users\\Administrator\\Documents\\Project g-labs\\web-oven\\src\\app\\(dashboard)\\my-bookings"
2026-02-21T05:54:45.985743Z  INFO get_globs:scan_sources: tailwindcss_oxide::scanner: Discovering "C:\\Users\\Administrator\\Documents\\Project g-labs\\web-oven\\src\\app\\(dashboard)\\my-bookings\\[id]"
2026-02-21T05:54:45.986009Z  INFO get_globs:scan_sources: tailwindcss_oxide::scanner: Discovering "C:\\Users\\Administrator\\Documents\\Project g-labs\\web-oven\\src\\app\\(dashboard)\\profile"
2026-02-21T05:54:45.986242Z  INFO get_globs:scan_sources: tailwindcss_oxide::scanner: Discovering "C:\\Users\\Administrator\\Documents\\Project g-labs\\web-oven\\src\\app\\actions"
2026-02-21T05:54:45.986533Z  INFO get_globs:scan_sources: tailwindcss_oxide::scanner: Discovering "C:\\Users\\Administrator\\Documents\\Project g-labs\\web-oven\\src\\app\\api"
2026-02-21T05:54:45.986686Z  INFO get_globs:scan_sources: tailwindcss_oxide::scanner: Discovering "C:\\Users\\Administrator\\Documents\\Project g-labs\\web-oven\\src\\app\\api\\auth"
2026-02-21T05:54:45.986845Z  INFO get_globs:scan_sources: tailwindcss_oxide::scanner: Discovering "C:\\Users\\Administrator\\Documents\\Project g-labs\\web-oven\\src\\app\\api\\auth\\[...nextauth]"
2026-02-21T05:54:45.987082Z  INFO get_globs:scan_sources: tailwindcss_oxide::scanner: Discovering "C:\\Users\\Administrator\\Documents\\Project g-labs\\web-oven\\src\\app\\api\\bookings"
2026-02-21T05:54:45.987286Z  INFO get_globs:scan_sources: tailwindcss_oxide::scanner: Discovering "C:\\Users\\Administrator\\Documents\\Project g-labs\\web-oven\\src\\app\\api\\ovens"
2026-02-21T05:54:45.987695Z  INFO get_globs:scan_sources: tailwindcss_oxide::scanner: Discovering "C:\\Users\\Administrator\\Documents\\Project g-labs\\web-oven\\src\\components"
2026-02-21T05:54:45.988342Z  INFO get_globs:scan_sources: tailwindcss_oxide::scanner: Discovering "C:\\Users\\Administrator\\Documents\\Project g-labs\\web-oven\\src\\lib"
2026-02-21T05:54:45.988635Z  INFO get_globs:scan_sources: tailwindcss_oxide::scanner: Discovering "C:\\Users\\Administrator\\Documents\\Project g-labs\\web-oven\\src\\types"
2026-02-21T05:54:45.988943Z  INFO get_globs:scan_sources: tailwindcss_oxide::scanner: exit
2026-02-21T05:54:45.996174Z  INFO get_globs: tailwindcss_oxide::scanner: exit
