2026-02-20T22:54:08.724832Z  INFO tailwindcss_oxide::scanner: Provided sources:
2026-02-20T22:54:08.725843Z  INFO tailwindcss_oxide::scanner: Source: PublicSourceEntry { base: "C:\\Users\\Administrator\\Documents\\Project g-labs\\web-oven", pattern: "**/*", negated: false }
2026-02-20T22:54:08.727594Z  INFO tailwindcss_oxide::scanner: Optimized sources:
2026-02-20T22:54:08.727617Z  INFO tailwindcss_oxide::scanner: Source: Auto { base: "C:\\Users\\Administrator\\Documents\\Project g-labs\\web-oven" }
2026-02-20T22:54:08.737074Z  INFO scan_sources: tailwindcss_oxide::scanner: enter
2026-02-20T22:54:08.740300Z  INFO scan_sources: tailwindcss_oxide::scanner: Discovering "C:\\Users\\Administrator\\Documents\\Project g-labs\\web-oven\\.dockerignore"
2026-02-20T22:54:08.740429Z  INFO scan_sources: tailwindcss_oxide::scanner: Discovering "C:\\Users\\Administrator\\Documents\\Project g-labs\\web-oven\\.env.example"
2026-02-20T22:54:08.740789Z  INFO scan_sources: tailwindcss_oxide::scanner: Discovering "C:\\Users\\Administrator\\Documents\\Project g-labs\\web-oven\\docker-compose.yml"
2026-02-20T22:54:08.740881Z  INFO scan_sources: tailwindcss_oxide::scanner: Discovering "C:\\Users\\Administrator\\Documents\\Project g-labs\\web-oven\\docker-entrypoint.sh"
2026-02-20T22:54:08.740947Z  INFO scan_sources: tailwindcss_oxide::scanner: Discovering "C:\\Users\\Administrator\\Documents\\Project g-labs\\web-oven\\Dockerfile"
2026-02-20T22:54:08.741041Z  INFO scan_sources: tailwindcss_oxide::scanner: Discovering "C:\\Users\\Administrator\\Documents\\Project g-labs\\web-oven\\infra.md"
2026-02-20T22:54:08.741114Z  INFO scan_sources: tailwindcss_oxide::scanner: Discovering "C:\\Users\\Administrator\\Documents\\Project g-labs\\web-oven\\next.config.ts"
2026-02-20T22:54:08.741359Z  INFO scan_sources: tailwindcss_oxide::scanner: Discovering "C:\\Users\\Administrator\\Documents\\Project g-labs\\web-oven\\package.json"
2026-02-20T22:54:08.741425Z  INFO scan_sources: tailwindcss_oxide::scanner: Discovering "C:\\Users\\Administrator\\Documents\\Project g-labs\\web-oven\\postcss.config.mjs"
2026-02-20T22:54:08.741530Z  INFO scan_sources: tailwindcss_oxide::scanner: Discovering "C:\\Users\\Administrator\\Documents\\Project g-labs\\web-oven\\prisma"
2026-02-20T22:54:08.741864Z  INFO scan_sources: tailwindcss_oxide::scanner: Discovering "C:\\Users\\Administrator\\Documents\\Project g-labs\\web-oven\\prisma\\schema.prisma"
2026-02-20T22:54:08.741973Z  INFO scan_sources: tailwindcss_oxide::scanner: Discovering "C:\\Users\\Administrator\\Documents\\Project g-labs\\web-oven\\prisma\\seed.ts"
2026-02-20T22:54:08.742102Z  INFO scan_sources: tailwindcss_oxide::scanner: Discovering "C:\\Users\\Administrator\\Documents\\Project g-labs\\web-oven\\prisma.config.ts"
2026-02-20T22:54:08.742273Z  INFO scan_sources: tailwindcss_oxide::scanner: Discovering "C:\\Users\\Administrator\\Documents\\Project g-labs\\web-oven\\public"
2026-02-20T22:54:08.742522Z  INFO scan_sources: tailwindcss_oxide::scanner: Discovering "C:\\Users\\Administrator\\Documents\\Project g-labs\\web-oven\\public\\file.svg"
2026-02-20T22:54:08.742651Z  INFO scan_sources: tailwindcss_oxide::scanner: Discovering "C:\\Users\\Administrator\\Documents\\Project g-labs\\web-oven\\public\\globe.svg"
2026-02-20T22:54:08.742793Z  INFO scan_sources: tailwindcss_oxide::scanner: Discovering "C:\\Users\\Administrator\\Documents\\Project g-labs\\web-oven\\public\\next.svg"
2026-02-20T22:54:08.742905Z  INFO scan_sources: tailwindcss_oxide::scanner: Discovering "C:\\Users\\Administrator\\Documents\\Project g-labs\\web-oven\\public\\vercel.svg"
2026-02-20T22:54:08.743001Z  INFO scan_sources: tailwindcss_oxide::scanner: Discovering "C:\\Users\\Administrator\\Documents\\Project g-labs\\web-oven\\public\\window.svg"
2026-02-20T22:54:08.743111Z  INFO scan_sources: tailwindcss_oxide::scanner: Discovering "C:\\Users\\Administrator\\Documents\\Project g-labs\\web-oven\\README.md"
2026-02-20T22:54:08.743217Z  INFO scan_sources: tailwindcss_oxide::scanner: Discovering "C:\\Users\\Administrator\\Documents\\Project g-labs\\web-oven\\src"
2026-02-20T22:54:08.743513Z  INFO scan_sources: tailwindcss_oxide::scanner: Discovering "C:\\Users\\Administrator\\Documents\\Project g-labs\\web-oven\\src\\app"
2026-02-20T22:54:08.743719Z  INFO scan_sources: tailwindcss_oxide::scanner: Discovering "C:\\Users\\Administrator\\Documents\\Project g-labs\\web-oven\\src\\app\\(auth)"
2026-02-20T22:54:08.743908Z  INFO scan_sources: tailwindcss_oxide::scanner: Discovering "C:\\Users\\Administrator\\Documents\\Project g-labs\\web-oven\\src\\app\\(auth)\\login"
2026-02-20T22:54:08.744041Z  INFO scan_sources: tailwindcss_oxide::scanner: Discovering "C:\\Users\\Administrator\\Documents\\Project g-labs\\web-oven\\src\\app\\(auth)\\login\\page.tsx"
2026-02-20T22:54:08.744169Z  INFO scan_sources: tailwindcss_oxide::scanner: Discovering "C:\\Users\\Administrator\\Documents\\Project g-labs\\web-oven\\src\\app\\(auth)\\pending"
2026-02-20T22:54:08.744296Z  INFO scan_sources: tailwindcss_oxide::scanner: Discovering "C:\\Users\\Administrator\\Documents\\Project g-labs\\web-oven\\src\\app\\(auth)\\pending\\page.tsx"
2026-02-20T22:54:08.744417Z  INFO scan_sources: tailwindcss_oxide::scanner: Discovering "C:\\Users\\Administrator\\Documents\\Project g-labs\\web-oven\\src\\app\\(auth)\\register"
2026-02-20T22:54:08.744556Z  INFO scan_sources: tailwindcss_oxide::scanner: Discovering "C:\\Users\\Administrator\\Documents\\Project g-labs\\web-oven\\src\\app\\(auth)\\register\\page.tsx"
2026-02-20T22:54:08.744703Z  INFO scan_sources: tailwindcss_oxide::scanner: Discovering "C:\\Users\\Administrator\\Documents\\Project g-labs\\web-oven\\src\\app\\(dashboard)"
2026-02-20T22:54:08.744871Z  INFO scan_sources: tailwindcss_oxide::scanner: Discovering "C:\\Users\\Administrator\\Documents\\Project g-labs\\web-oven\\src\\app\\(dashboard)\\admin"
2026-02-20T22:54:08.745037Z  INFO scan_sources: tailwindcss_oxide::scanner: Discovering "C:\\Users\\Administrator\\Documents\\Project g-labs\\web-oven\\src\\app\\(dashboard)\\admin\\bookings"
2026-02-20T22:54:08.745175Z  INFO scan_sources: tailwindcss_oxide::scanner: Discovering "C:\\Users\\Administrator\\Documents\\Project g-labs\\web-oven\\src\\app\\(dashboard)\\admin\\bookings\\action-buttons.tsx"
2026-02-20T22:54:08.745238Z  INFO scan_sources: tailwindcss_oxide::scanner: Discovering "C:\\Users\\Administrator\\Documents\\Project g-labs\\web-oven\\src\\app\\(dashboard)\\admin\\bookings\\booking-management-form.tsx"
2026-02-20T22:54:08.745299Z  INFO scan_sources: tailwindcss_oxide::scanner: Discovering "C:\\Users\\Administrator\\Documents\\Project g-labs\\web-oven\\src\\app\\(dashboard)\\admin\\bookings\\page.tsx"
2026-02-20T22:54:08.745404Z  INFO scan_sources: tailwindcss_oxide::scanner: Discovering "C:\\Users\\Administrator\\Documents\\Project g-labs\\web-oven\\src\\app\\(dashboard)\\admin\\bookings\\[id]"
2026-02-20T22:54:08.745535Z  INFO scan_sources: tailwindcss_oxide::scanner: Discovering "C:\\Users\\Administrator\\Documents\\Project g-labs\\web-oven\\src\\app\\(dashboard)\\admin\\bookings\\[id]\\page.tsx"
2026-02-20T22:54:08.745687Z  INFO scan_sources: tailwindcss_oxide::scanner: Discovering "C:\\Users\\Administrator\\Documents\\Project g-labs\\web-oven\\src\\app\\(dashboard)\\admin\\ovens"
2026-02-20T22:54:08.745822Z  INFO scan_sources: tailwindcss_oxide::scanner: Discovering "C:\\Users\\Administrator\\Documents\\Project g-labs\\web-oven\\src\\app\\(dashboard)\\admin\\ovens\\action-buttons.tsx"
2026-02-20T22:54:08.745885Z  INFO scan_sources: tailwindcss_oxide::scanner: Discovering "C:\\Users\\Administrator\\Documents\\Project g-labs\\web-oven\\src\\app\\(dashboard)\\admin\\ovens\\add-oven-modal.tsx"
2026-02-20T22:54:08.745947Z  INFO scan_sources: tailwindcss_oxide::scanner: Discovering "C:\\Users\\Administrator\\Documents\\Project g-labs\\web-oven\\src\\app\\(dashboard)\\admin\\ovens\\edit-oven-modal.tsx"
2026-02-20T22:54:08.746020Z  INFO scan_sources: tailwindcss_oxide::scanner: Discovering "C:\\Users\\Administrator\\Documents\\Project g-labs\\web-oven\\src\\app\\(dashboard)\\admin\\ovens\\page.tsx"
2026-02-20T22:54:08.746147Z  INFO scan_sources: tailwindcss_oxide::scanner: Discovering "C:\\Users\\Administrator\\Documents\\Project g-labs\\web-oven\\src\\app\\(dashboard)\\admin\\users"
2026-02-20T22:54:08.746338Z  INFO scan_sources: tailwindcss_oxide::scanner: Discovering "C:\\Users\\Administrator\\Documents\\Project g-labs\\web-oven\\src\\app\\(dashboard)\\admin\\users\\action-buttons.tsx"
2026-02-20T22:54:08.746403Z  INFO scan_sources: tailwindcss_oxide::scanner: Discovering "C:\\Users\\Administrator\\Documents\\Project g-labs\\web-oven\\src\\app\\(dashboard)\\admin\\users\\add-user-modal.tsx"
2026-02-20T22:54:08.746464Z  INFO scan_sources: tailwindcss_oxide::scanner: Discovering "C:\\Users\\Administrator\\Documents\\Project g-labs\\web-oven\\src\\app\\(dashboard)\\admin\\users\\page.tsx"
2026-02-20T22:54:08.746571Z  INFO scan_sources: tailwindcss_oxide::scanner: Discovering "C:\\Users\\Administrator\\Documents\\Project g-labs\\web-oven\\src\\app\\(dashboard)\\admin\\users\\[id]"
2026-02-20T22:54:08.746703Z  INFO scan_sources: tailwindcss_oxide::scanner: Discovering "C:\\Users\\Administrator\\Documents\\Project g-labs\\web-oven\\src\\app\\(dashboard)\\admin\\users\\[id]\\page.tsx"
2026-02-20T22:54:08.746862Z  INFO scan_sources: tailwindcss_oxide::scanner: Discovering "C:\\Users\\Administrator\\Documents\\Project g-labs\\web-oven\\src\\app\\(dashboard)\\book"
2026-02-20T22:54:08.746995Z  INFO scan_sources: tailwindcss_oxide::scanner: Discovering "C:\\Users\\Administrator\\Documents\\Project g-labs\\web-oven\\src\\app\\(dashboard)\\book\\page.tsx"
2026-02-20T22:54:08.747078Z  INFO scan_sources: tailwindcss_oxide::scanner: Discovering "C:\\Users\\Administrator\\Documents\\Project g-labs\\web-oven\\src\\app\\(dashboard)\\layout.tsx"
2026-02-20T22:54:08.747180Z  INFO scan_sources: tailwindcss_oxide::scanner: Discovering "C:\\Users\\Administrator\\Documents\\Project g-labs\\web-oven\\src\\app\\(dashboard)\\my-bookings"
2026-02-20T22:54:08.747308Z  INFO scan_sources: tailwindcss_oxide::scanner: Discovering "C:\\Users\\Administrator\\Documents\\Project g-labs\\web-oven\\src\\app\\(dashboard)\\my-bookings\\cancel-button.tsx"
2026-02-20T22:54:08.747369Z  INFO scan_sources: tailwindcss_oxide::scanner: Discovering "C:\\Users\\Administrator\\Documents\\Project g-labs\\web-oven\\src\\app\\(dashboard)\\my-bookings\\page.tsx"
2026-02-20T22:54:08.747468Z  INFO scan_sources: tailwindcss_oxide::scanner: Discovering "C:\\Users\\Administrator\\Documents\\Project g-labs\\web-oven\\src\\app\\(dashboard)\\my-bookings\\[id]"
2026-02-20T22:54:08.747611Z  INFO scan_sources: tailwindcss_oxide::scanner: Discovering "C:\\Users\\Administrator\\Documents\\Project g-labs\\web-oven\\src\\app\\(dashboard)\\my-bookings\\[id]\\page.tsx"
2026-02-20T22:54:08.747713Z  INFO scan_sources: tailwindcss_oxide::scanner: Discovering "C:\\Users\\Administrator\\Documents\\Project g-labs\\web-oven\\src\\app\\(dashboard)\\page.tsx"
2026-02-20T22:54:08.747812Z  INFO scan_sources: tailwindcss_oxide::scanner: Discovering "C:\\Users\\Administrator\\Documents\\Project g-labs\\web-oven\\src\\app\\(dashboard)\\profile"
2026-02-20T22:54:08.747935Z  INFO scan_sources: tailwindcss_oxide::scanner: Discovering "C:\\Users\\Administrator\\Documents\\Project g-labs\\web-oven\\src\\app\\(dashboard)\\profile\\page.tsx"
2026-02-20T22:54:08.748081Z  INFO scan_sources: tailwindcss_oxide::scanner: Discovering "C:\\Users\\Administrator\\Documents\\Project g-labs\\web-oven\\src\\app\\actions"
2026-02-20T22:54:08.748209Z  INFO scan_sources: tailwindcss_oxide::scanner: Discovering "C:\\Users\\Administrator\\Documents\\Project g-labs\\web-oven\\src\\app\\actions\\admin.ts"
2026-02-20T22:54:08.748269Z  INFO scan_sources: tailwindcss_oxide::scanner: Discovering "C:\\Users\\Administrator\\Documents\\Project g-labs\\web-oven\\src\\app\\actions\\auth.ts"
2026-02-20T22:54:08.748327Z  INFO scan_sources: tailwindcss_oxide::scanner: Discovering "C:\\Users\\Administrator\\Documents\\Project g-labs\\web-oven\\src\\app\\actions\\booking.ts"
2026-02-20T22:54:08.748443Z  INFO scan_sources: tailwindcss_oxide::scanner: Discovering "C:\\Users\\Administrator\\Documents\\Project g-labs\\web-oven\\src\\app\\api"
2026-02-20T22:54:08.748617Z  INFO scan_sources: tailwindcss_oxide::scanner: Discovering "C:\\Users\\Administrator\\Documents\\Project g-labs\\web-oven\\src\\app\\api\\auth"
2026-02-20T22:54:08.748836Z  INFO scan_sources: tailwindcss_oxide::scanner: Discovering "C:\\Users\\Administrator\\Documents\\Project g-labs\\web-oven\\src\\app\\api\\auth\\[...nextauth]"
2026-02-20T22:54:08.748968Z  INFO scan_sources: tailwindcss_oxide::scanner: Discovering "C:\\Users\\Administrator\\Documents\\Project g-labs\\web-oven\\src\\app\\api\\auth\\[...nextauth]\\route.ts"
2026-02-20T22:54:08.749102Z  INFO scan_sources: tailwindcss_oxide::scanner: Discovering "C:\\Users\\Administrator\\Documents\\Project g-labs\\web-oven\\src\\app\\api\\bookings"
2026-02-20T22:54:08.749224Z  INFO scan_sources: tailwindcss_oxide::scanner: Discovering "C:\\Users\\Administrator\\Documents\\Project g-labs\\web-oven\\src\\app\\api\\bookings\\route.ts"
2026-02-20T22:54:08.749340Z  INFO scan_sources: tailwindcss_oxide::scanner: Discovering "C:\\Users\\Administrator\\Documents\\Project g-labs\\web-oven\\src\\app\\api\\ovens"
2026-02-20T22:54:08.749461Z  INFO scan_sources: tailwindcss_oxide::scanner: Discovering "C:\\Users\\Administrator\\Documents\\Project g-labs\\web-oven\\src\\app\\api\\ovens\\route.ts"
2026-02-20T22:54:08.749581Z  INFO scan_sources: tailwindcss_oxide::scanner: Discovering "C:\\Users\\Administrator\\Documents\\Project g-labs\\web-oven\\src\\app\\globals.css"
2026-02-20T22:54:08.749643Z  INFO scan_sources: tailwindcss_oxide::scanner: Discovering "C:\\Users\\Administrator\\Documents\\Project g-labs\\web-oven\\src\\app\\layout.tsx"
2026-02-20T22:54:08.749789Z  INFO scan_sources: tailwindcss_oxide::scanner: Discovering "C:\\Users\\Administrator\\Documents\\Project g-labs\\web-oven\\src\\components"
2026-02-20T22:54:08.749966Z  INFO scan_sources: tailwindcss_oxide::scanner: Discovering "C:\\Users\\Administrator\\Documents\\Project g-labs\\web-oven\\src\\components\\booking-calendar.tsx"
2026-02-20T22:54:08.750031Z  INFO scan_sources: tailwindcss_oxide::scanner: Discovering "C:\\Users\\Administrator\\Documents\\Project g-labs\\web-oven\\src\\components\\confirm-dialog.tsx"
2026-02-20T22:54:08.750091Z  INFO scan_sources: tailwindcss_oxide::scanner: Discovering "C:\\Users\\Administrator\\Documents\\Project g-labs\\web-oven\\src\\components\\dashboard-calendar.tsx"
2026-02-20T22:54:08.750150Z  INFO scan_sources: tailwindcss_oxide::scanner: Discovering "C:\\Users\\Administrator\\Documents\\Project g-labs\\web-oven\\src\\components\\date-time-picker.tsx"
2026-02-20T22:54:08.750207Z  INFO scan_sources: tailwindcss_oxide::scanner: Discovering "C:\\Users\\Administrator\\Documents\\Project g-labs\\web-oven\\src\\components\\flap-slider.tsx"
2026-02-20T22:54:08.750269Z  INFO scan_sources: tailwindcss_oxide::scanner: Discovering "C:\\Users\\Administrator\\Documents\\Project g-labs\\web-oven\\src\\components\\providers.tsx"
2026-02-20T22:54:08.750326Z  INFO scan_sources: tailwindcss_oxide::scanner: Discovering "C:\\Users\\Administrator\\Documents\\Project g-labs\\web-oven\\src\\components\\sidebar.tsx"
2026-02-20T22:54:08.750386Z  INFO scan_sources: tailwindcss_oxide::scanner: Discovering "C:\\Users\\Administrator\\Documents\\Project g-labs\\web-oven\\src\\components\\time-picker.tsx"
2026-02-20T22:54:08.750461Z  INFO scan_sources: tailwindcss_oxide::scanner: Discovering "C:\\Users\\Administrator\\Documents\\Project g-labs\\web-oven\\src\\components\\toast.tsx"
2026-02-20T22:54:08.750728Z  INFO scan_sources: tailwindcss_oxide::scanner: Discovering "C:\\Users\\Administrator\\Documents\\Project g-labs\\web-oven\\src\\lib"
2026-02-20T22:54:08.750849Z  INFO scan_sources: tailwindcss_oxide::scanner: Discovering "C:\\Users\\Administrator\\Documents\\Project g-labs\\web-oven\\src\\lib\\auth.ts"
2026-02-20T22:54:08.750908Z  INFO scan_sources: tailwindcss_oxide::scanner: Discovering "C:\\Users\\Administrator\\Documents\\Project g-labs\\web-oven\\src\\lib\\prisma.ts"
2026-02-20T22:54:08.750964Z  INFO scan_sources: tailwindcss_oxide::scanner: Discovering "C:\\Users\\Administrator\\Documents\\Project g-labs\\web-oven\\src\\lib\\utils.ts"
2026-02-20T22:54:08.751087Z  INFO scan_sources: tailwindcss_oxide::scanner: Discovering "C:\\Users\\Administrator\\Documents\\Project g-labs\\web-oven\\src\\middleware.ts"
2026-02-20T22:54:08.751186Z  INFO scan_sources: tailwindcss_oxide::scanner: Discovering "C:\\Users\\Administrator\\Documents\\Project g-labs\\web-oven\\src\\types"
2026-02-20T22:54:08.751326Z  INFO scan_sources: tailwindcss_oxide::scanner: Discovering "C:\\Users\\Administrator\\Documents\\Project g-labs\\web-oven\\src\\types\\next-auth.d.ts"
2026-02-20T22:54:08.751444Z  INFO scan_sources: tailwindcss_oxide::scanner: Discovering "C:\\Users\\Administrator\\Documents\\Project g-labs\\web-oven\\tsconfig.json"
2026-02-20T22:54:08.751552Z  INFO scan_sources: tailwindcss_oxide::scanner: exit
2026-02-20T22:54:08.751563Z  INFO extract_candidates: tailwindcss_oxide::scanner: enter
2026-02-20T22:54:08.751570Z  INFO extract_candidates:read_all_files: tailwindcss_oxide::scanner: enter
2026-02-20T22:54:08.751575Z  INFO extract_candidates:read_all_files: tailwindcss_oxide::scanner: Reading 62 file(s)
2026-02-20T22:54:08.753395Z  INFO tailwindcss_oxide::scanner: Reading "C:\\Users\\Administrator\\Documents\\Project g-labs\\web-oven\\prisma.config.ts"
2026-02-20T22:54:08.753399Z  INFO tailwindcss_oxide::scanner: Reading "C:\\Users\\Administrator\\Documents\\Project g-labs\\web-oven\\src\\app\\(dashboard)\\admin\\users\\page.tsx"
2026-02-20T22:54:08.753395Z  INFO tailwindcss_oxide::scanner: Reading "C:\\Users\\Administrator\\Documents\\Project g-labs\\web-oven\\src\\app\\(dashboard)\\page.tsx"
2026-02-20T22:54:08.753448Z  INFO tailwindcss_oxide::scanner: Reading "C:\\Users\\Administrator\\Documents\\Project g-labs\\web-oven\\prisma\\schema.prisma"
2026-02-20T22:54:08.753405Z  INFO tailwindcss_oxide::scanner: Reading "C:\\Users\\Administrator\\Documents\\Project g-labs\\web-oven\\src\\app\\(dashboard)\\layout.tsx"
2026-02-20T22:54:08.753492Z  INFO tailwindcss_oxide::scanner: Reading "C:\\Users\\Administrator\\Documents\\Project g-labs\\web-oven\\package.json"
2026-02-20T22:54:08.753456Z  INFO tailwindcss_oxide::scanner: Reading "C:\\Users\\Administrator\\Documents\\Project g-labs\\web-oven\\public\\vercel.svg"
2026-02-20T22:54:08.753468Z  INFO tailwindcss_oxide::scanner: Reading "C:\\Users\\Administrator\\Documents\\Project g-labs\\web-oven\\.dockerignore"
2026-02-20T22:54:08.753560Z  INFO tailwindcss_oxide::scanner: Reading "C:\\Users\\Administrator\\Documents\\Project g-labs\\web-oven\\src\\app\\(dashboard)\\admin\\users\\[id]\\page.tsx"
2026-02-20T22:54:08.753451Z  INFO tailwindcss_oxide::scanner: Reading "C:\\Users\\Administrator\\Documents\\Project g-labs\\web-oven\\src\\app\\layout.tsx"
2026-02-20T22:54:08.753590Z  INFO tailwindcss_oxide::scanner: Reading "C:\\Users\\Administrator\\Documents\\Project g-labs\\web-oven\\src\\app\\(dashboard)\\profile\\page.tsx"
2026-02-20T22:54:08.753601Z  INFO tailwindcss_oxide::scanner: Reading "C:\\Users\\Administrator\\Documents\\Project g-labs\\web-oven\\public\\file.svg"
2026-02-20T22:54:08.753596Z  INFO tailwindcss_oxide::scanner: Reading "C:\\Users\\Administrator\\Documents\\Project g-labs\\web-oven\\docker-entrypoint.sh"
2026-02-20T22:54:08.753558Z  INFO tailwindcss_oxide::scanner: Reading "C:\\Users\\Administrator\\Documents\\Project g-labs\\web-oven\\infra.md"
2026-02-20T22:54:08.753639Z  INFO tailwindcss_oxide::scanner: Reading "C:\\Users\\Administrator\\Documents\\Project g-labs\\web-oven\\postcss.config.mjs"
2026-02-20T22:54:08.753704Z  INFO tailwindcss_oxide::scanner: Reading "C:\\Users\\Administrator\\Documents\\Project g-labs\\web-oven\\public\\window.svg"
2026-02-20T22:54:08.753743Z  INFO tailwindcss_oxide::scanner: Reading "C:\\Users\\Administrator\\Documents\\Project g-labs\\web-oven\\public\\globe.svg"
2026-02-20T22:54:08.753749Z  INFO tailwindcss_oxide::scanner: Reading "C:\\Users\\Administrator\\Documents\\Project g-labs\\web-oven\\src\\app\\actions\\booking.ts"
2026-02-20T22:54:08.753739Z  INFO tailwindcss_oxide::scanner: Reading "C:\\Users\\Administrator\\Documents\\Project g-labs\\web-oven\\src\\app\\actions\\admin.ts"
2026-02-20T22:54:08.753787Z  INFO tailwindcss_oxide::scanner: Reading "C:\\Users\\Administrator\\Documents\\Project g-labs\\web-oven\\Dockerfile"
2026-02-20T22:54:08.753791Z  INFO tailwindcss_oxide::scanner: Reading "C:\\Users\\Administrator\\Documents\\Project g-labs\\web-oven\\next.config.ts"
2026-02-20T22:54:08.753878Z  INFO tailwindcss_oxide::scanner: Reading "C:\\Users\\Administrator\\Documents\\Project g-labs\\web-oven\\src\\app\\api\\auth\\[...nextauth]\\route.ts"
2026-02-20T22:54:08.753878Z  INFO tailwindcss_oxide::scanner: Reading "C:\\Users\\Administrator\\Documents\\Project g-labs\\web-oven\\src\\app\\actions\\auth.ts"
2026-02-20T22:54:08.753596Z  INFO tailwindcss_oxide::scanner: Reading "C:\\Users\\Administrator\\Documents\\Project g-labs\\web-oven\\src\\app\\(dashboard)\\my-bookings\\cancel-button.tsx"
2026-02-20T22:54:08.753709Z  INFO tailwindcss_oxide::scanner: Reading "C:\\Users\\Administrator\\Documents\\Project g-labs\\web-oven\\src\\app\\(dashboard)\\book\\page.tsx"
2026-02-20T22:54:08.753913Z  INFO tailwindcss_oxide::scanner: Reading "C:\\Users\\Administrator\\Documents\\Project g-labs\\web-oven\\src\\app\\api\\bookings\\route.ts"
2026-02-20T22:54:08.753924Z  INFO tailwindcss_oxide::scanner: Reading "C:\\Users\\Administrator\\Documents\\Project g-labs\\web-oven\\docker-compose.yml"
2026-02-20T22:54:08.753928Z  INFO tailwindcss_oxide::scanner: Reading "C:\\Users\\Administrator\\Documents\\Project g-labs\\web-oven\\src\\components\\time-picker.tsx"
2026-02-20T22:54:08.754001Z  INFO tailwindcss_oxide::scanner: Reading "C:\\Users\\Administrator\\Documents\\Project g-labs\\web-oven\\src\\app\\api\\ovens\\route.ts"
2026-02-20T22:54:08.754019Z  INFO tailwindcss_oxide::scanner: Reading "C:\\Users\\Administrator\\Documents\\Project g-labs\\web-oven\\src\\components\\date-time-picker.tsx"
2026-02-20T22:54:08.754047Z  INFO tailwindcss_oxide::scanner: Reading "C:\\Users\\Administrator\\Documents\\Project g-labs\\web-oven\\src\\app\\(dashboard)\\admin\\bookings\\page.tsx"
2026-02-20T22:54:08.754054Z  INFO tailwindcss_oxide::scanner: Reading "C:\\Users\\Administrator\\Documents\\Project g-labs\\web-oven\\src\\app\\(dashboard)\\my-bookings\\page.tsx"
2026-02-20T22:54:08.754107Z  INFO tailwindcss_oxide::scanner: Reading "C:\\Users\\Administrator\\Documents\\Project g-labs\\web-oven\\src\\components\\toast.tsx"
2026-02-20T22:54:08.754112Z  INFO tailwindcss_oxide::scanner: Reading "C:\\Users\\Administrator\\Documents\\Project g-labs\\web-oven\\src\\app\\(dashboard)\\my-bookings\\[id]\\page.tsx"
2026-02-20T22:54:08.754135Z  INFO tailwindcss_oxide::scanner: Reading "C:\\Users\\Administrator\\Documents\\Project g-labs\\web-oven\\.env.example"
2026-02-20T22:54:08.754123Z  INFO tailwindcss_oxide::scanner: Reading "C:\\Users\\Administrator\\Documents\\Project g-labs\\web-oven\\src\\app\\(dashboard)\\admin\\ovens\\action-buttons.tsx"
2026-02-20T22:54:08.754144Z  INFO tailwindcss_oxide::scanner: Reading "C:\\Users\\Administrator\\Documents\\Project g-labs\\web-oven\\public\\next.svg"
2026-02-20T22:54:08.754175Z  INFO tailwindcss_oxide::scanner: Reading "C:\\Users\\Administrator\\Documents\\Project g-labs\\web-oven\\prisma\\seed.ts"
2026-02-20T22:54:08.754186Z  INFO tailwindcss_oxide::scanner: Reading "C:\\Users\\Administrator\\Documents\\Project g-labs\\web-oven\\src\\app\\(dashboard)\\admin\\bookings\\[id]\\page.tsx"
2026-02-20T22:54:08.754217Z  INFO tailwindcss_oxide::scanner: Reading "C:\\Users\\Administrator\\Documents\\Project g-labs\\web-oven\\src\\app\\(dashboard)\\admin\\ovens\\edit-oven-modal.tsx"
2026-02-20T22:54:08.754231Z  INFO tailwindcss_oxide::scanner: Reading "C:\\Users\\Administrator\\Documents\\Project g-labs\\web-oven\\src\\lib\\auth.ts"
2026-02-20T22:54:08.754261Z  INFO tailwindcss_oxide::scanner: Reading "C:\\Users\\Administrator\\Documents\\Project g-labs\\web-oven\\README.md"
2026-02-20T22:54:08.754267Z  INFO tailwindcss_oxide::scanner: Reading "C:\\Users\\Administrator\\Documents\\Project g-labs\\web-oven\\src\\components\\confirm-dialog.tsx"
2026-02-20T22:54:08.754316Z  INFO tailwindcss_oxide::scanner: Reading "C:\\Users\\Administrator\\Documents\\Project g-labs\\web-oven\\src\\app\\(dashboard)\\admin\\ovens\\add-oven-modal.tsx"
2026-02-20T22:54:08.754333Z  INFO tailwindcss_oxide::scanner: Reading "C:\\Users\\Administrator\\Documents\\Project g-labs\\web-oven\\src\\components\\booking-calendar.tsx"
2026-02-20T22:54:08.754276Z  INFO tailwindcss_oxide::scanner: Reading "C:\\Users\\Administrator\\Documents\\Project g-labs\\web-oven\\src\\app\\(auth)\\pending\\page.tsx"
2026-02-20T22:54:08.754354Z  INFO tailwindcss_oxide::scanner: Reading "C:\\Users\\Administrator\\Documents\\Project g-labs\\web-oven\\src\\app\\(dashboard)\\admin\\users\\add-user-modal.tsx"
2026-02-20T22:54:08.754423Z  INFO tailwindcss_oxide::scanner: Reading "C:\\Users\\Administrator\\Documents\\Project g-labs\\web-oven\\src\\components\\sidebar.tsx"
2026-02-20T22:54:08.754440Z  INFO tailwindcss_oxide::scanner: Reading "C:\\Users\\Administrator\\Documents\\Project g-labs\\web-oven\\src\\lib\\utils.ts"
2026-02-20T22:54:08.754360Z  INFO tailwindcss_oxide::scanner: Reading "C:\\Users\\Administrator\\Documents\\Project g-labs\\web-oven\\src\\lib\\prisma.ts"
2026-02-20T22:54:08.754430Z  INFO tailwindcss_oxide::scanner: Reading "C:\\Users\\Administrator\\Documents\\Project g-labs\\web-oven\\src\\components\\dashboard-calendar.tsx"
2026-02-20T22:54:08.754224Z  INFO tailwindcss_oxide::scanner: Reading "C:\\Users\\Administrator\\Documents\\Project g-labs\\web-oven\\src\\app\\(dashboard)\\admin\\users\\action-buttons.tsx"
2026-02-20T22:54:08.754439Z  INFO tailwindcss_oxide::scanner: Reading "C:\\Users\\Administrator\\Documents\\Project g-labs\\web-oven\\src\\components\\providers.tsx"
2026-02-20T22:54:08.754415Z  INFO tailwindcss_oxide::scanner: Reading "C:\\Users\\Administrator\\Documents\\Project g-labs\\web-oven\\src\\components\\flap-slider.tsx"
2026-02-20T22:54:08.754351Z  INFO tailwindcss_oxide::scanner: Reading "C:\\Users\\Administrator\\Documents\\Project g-labs\\web-oven\\src\\app\\(auth)\\login\\page.tsx"
2026-02-20T22:54:08.754333Z  INFO tailwindcss_oxide::scanner: Reading "C:\\Users\\Administrator\\Documents\\Project g-labs\\web-oven\\src\\app\\(dashboard)\\admin\\ovens\\page.tsx"
2026-02-20T22:54:08.754581Z  INFO tailwindcss_oxide::scanner: Reading "C:\\Users\\Administrator\\Documents\\Project g-labs\\web-oven\\src\\app\\(dashboard)\\admin\\bookings\\action-buttons.tsx"
2026-02-20T22:54:08.754473Z  INFO tailwindcss_oxide::scanner: Reading "C:\\Users\\Administrator\\Documents\\Project g-labs\\web-oven\\src\\app\\(auth)\\register\\page.tsx"
2026-02-20T22:54:08.754548Z  INFO tailwindcss_oxide::scanner: Reading "C:\\Users\\Administrator\\Documents\\Project g-labs\\web-oven\\src\\types\\next-auth.d.ts"
2026-02-20T22:54:08.754555Z  INFO tailwindcss_oxide::scanner: Reading "C:\\Users\\Administrator\\Documents\\Project g-labs\\web-oven\\src\\middleware.ts"
2026-02-20T22:54:08.754576Z  INFO tailwindcss_oxide::scanner: Reading "C:\\Users\\Administrator\\Documents\\Project g-labs\\web-oven\\src\\app\\(dashboard)\\admin\\bookings\\booking-management-form.tsx"
2026-02-20T22:54:08.754754Z  INFO tailwindcss_oxide::scanner: Reading "C:\\Users\\Administrator\\Documents\\Project g-labs\\web-oven\\tsconfig.json"
2026-02-20T22:54:08.754894Z  INFO extract_candidates:read_all_files: tailwindcss_oxide::scanner: exit
2026-02-20T22:54:08.754915Z  INFO extract_candidates:parse_all_blobs: tailwindcss_oxide::scanner: enter
2026-02-20T22:54:08.754922Z  INFO extract_candidates:parse_all_blobs:extract: tailwindcss_oxide::scanner: enter
2026-02-20T22:54:08.757069Z  INFO extract_candidates:parse_all_blobs:extract: tailwindcss_oxide::scanner: exit
2026-02-20T22:54:08.757106Z  INFO extract_candidates:parse_all_blobs: tailwindcss_oxide::scanner: exit
2026-02-20T22:54:08.757113Z  INFO extract_candidates:read_all_files: tailwindcss_oxide::scanner: enter
2026-02-20T22:54:08.757117Z  INFO extract_candidates:read_all_files: tailwindcss_oxide::scanner: Reading 1 file(s)
2026-02-20T22:54:08.757229Z  INFO extract_candidates:read_all_files: tailwindcss_oxide::scanner: Reading "C:\\Users\\Administrator\\Documents\\Project g-labs\\web-oven\\src\\app\\globals.css"
2026-02-20T22:54:08.757241Z  INFO extract_candidates:read_all_files: tailwindcss_oxide::scanner: exit
2026-02-20T22:54:08.757249Z  INFO extract_candidates:extract_css_variables: tailwindcss_oxide::scanner: enter
2026-02-20T22:54:08.757253Z  INFO extract_candidates:extract_css_variables:extract: tailwindcss_oxide::scanner: enter
2026-02-20T22:54:08.757373Z  INFO extract_candidates:extract_css_variables:extract: tailwindcss_oxide::scanner: exit
2026-02-20T22:54:08.757396Z  INFO extract_candidates:extract_css_variables: tailwindcss_oxide::scanner: exit
2026-02-20T22:54:08.758319Z  INFO extract_candidates: tailwindcss_oxide::scanner: exit
2026-02-20T22:54:08.759428Z  INFO get_files: tailwindcss_oxide::scanner: enter
2026-02-20T22:54:08.759444Z  INFO get_files:scan_sources: tailwindcss_oxide::scanner: enter
2026-02-20T22:54:08.761496Z  INFO get_files:scan_sources: tailwindcss_oxide::scanner: Discovering "C:\\Users\\Administrator\\Documents\\Project g-labs\\web-oven\\prisma"
2026-02-20T22:54:08.761781Z  INFO get_files:scan_sources: tailwindcss_oxide::scanner: Discovering "C:\\Users\\Administrator\\Documents\\Project g-labs\\web-oven\\public"
2026-02-20T22:54:08.762132Z  INFO get_files:scan_sources: tailwindcss_oxide::scanner: Discovering "C:\\Users\\Administrator\\Documents\\Project g-labs\\web-oven\\src"
2026-02-20T22:54:08.762294Z  INFO get_files:scan_sources: tailwindcss_oxide::scanner: Discovering "C:\\Users\\Administrator\\Documents\\Project g-labs\\web-oven\\src\\app"
2026-02-20T22:54:08.762461Z  INFO get_files:scan_sources: tailwindcss_oxide::scanner: Discovering "C:\\Users\\Administrator\\Documents\\Project g-labs\\web-oven\\src\\app\\(auth)"
2026-02-20T22:54:08.762700Z  INFO get_files:scan_sources: tailwindcss_oxide::scanner: Discovering "C:\\Users\\Administrator\\Documents\\Project g-labs\\web-oven\\src\\app\\(auth)\\login"
2026-02-20T22:54:08.762930Z  INFO get_files:scan_sources: tailwindcss_oxide::scanner: Discovering "C:\\Users\\Administrator\\Documents\\Project g-labs\\web-oven\\src\\app\\(auth)\\pending"
2026-02-20T22:54:08.763133Z  INFO get_files:scan_sources: tailwindcss_oxide::scanner: Discovering "C:\\Users\\Administrator\\Documents\\Project g-labs\\web-oven\\src\\app\\(auth)\\register"
2026-02-20T22:54:08.763355Z  INFO get_files:scan_sources: tailwindcss_oxide::scanner: Discovering "C:\\Users\\Administrator\\Documents\\Project g-labs\\web-oven\\src\\app\\(dashboard)"
2026-02-20T22:54:08.763511Z  INFO get_files:scan_sources: tailwindcss_oxide::scanner: Discovering "C:\\Users\\Administrator\\Documents\\Project g-labs\\web-oven\\src\\app\\(dashboard)\\admin"
2026-02-20T22:54:08.763674Z  INFO get_files:scan_sources: tailwindcss_oxide::scanner: Discovering "C:\\Users\\Administrator\\Documents\\Project g-labs\\web-oven\\src\\app\\(dashboard)\\admin\\bookings"
2026-02-20T22:54:08.763925Z  INFO get_files:scan_sources: tailwindcss_oxide::scanner: Discovering "C:\\Users\\Administrator\\Documents\\Project g-labs\\web-oven\\src\\app\\(dashboard)\\admin\\bookings\\[id]"
2026-02-20T22:54:08.764147Z  INFO get_files:scan_sources: tailwindcss_oxide::scanner: Discovering "C:\\Users\\Administrator\\Documents\\Project g-labs\\web-oven\\src\\app\\(dashboard)\\admin\\ovens"
2026-02-20T22:54:08.764823Z  INFO get_files:scan_sources: tailwindcss_oxide::scanner: Discovering "C:\\Users\\Administrator\\Documents\\Project g-labs\\web-oven\\src\\app\\(dashboard)\\admin\\users"
2026-02-20T22:54:08.765163Z  INFO get_files:scan_sources: tailwindcss_oxide::scanner: Discovering "C:\\Users\\Administrator\\Documents\\Project g-labs\\web-oven\\src\\app\\(dashboard)\\admin\\users\\[id]"
2026-02-20T22:54:08.765414Z  INFO get_files:scan_sources: tailwindcss_oxide::scanner: Discovering "C:\\Users\\Administrator\\Documents\\Project g-labs\\web-oven\\src\\app\\(dashboard)\\book"
2026-02-20T22:54:08.765655Z  INFO get_files:scan_sources: tailwindcss_oxide::scanner: Discovering "C:\\Users\\Administrator\\Documents\\Project g-labs\\web-oven\\src\\app\\(dashboard)\\my-bookings"
2026-02-20T22:54:08.766420Z  INFO get_files:scan_sources: tailwindcss_oxide::scanner: Discovering "C:\\Users\\Administrator\\Documents\\Project g-labs\\web-oven\\src\\app\\(dashboard)\\my-bookings\\[id]"
2026-02-20T22:54:08.766687Z  INFO get_files:scan_sources: tailwindcss_oxide::scanner: Discovering "C:\\Users\\Administrator\\Documents\\Project g-labs\\web-oven\\src\\app\\(dashboard)\\profile"
2026-02-20T22:54:08.766920Z  INFO get_files:scan_sources: tailwindcss_oxide::scanner: Discovering "C:\\Users\\Administrator\\Documents\\Project g-labs\\web-oven\\src\\app\\actions"
2026-02-20T22:54:08.767185Z  INFO get_files:scan_sources: tailwindcss_oxide::scanner: Discovering "C:\\Users\\Administrator\\Documents\\Project g-labs\\web-oven\\src\\app\\api"
2026-02-20T22:54:08.767341Z  INFO get_files:scan_sources: tailwindcss_oxide::scanner: Discovering "C:\\Users\\Administrator\\Documents\\Project g-labs\\web-oven\\src\\app\\api\\auth"
2026-02-20T22:54:08.767507Z  INFO get_files:scan_sources: tailwindcss_oxide::scanner: Discovering "C:\\Users\\Administrator\\Documents\\Project g-labs\\web-oven\\src\\app\\api\\auth\\[...nextauth]"
2026-02-20T22:54:08.767736Z  INFO get_files:scan_sources: tailwindcss_oxide::scanner: Discovering "C:\\Users\\Administrator\\Documents\\Project g-labs\\web-oven\\src\\app\\api\\bookings"
2026-02-20T22:54:08.768069Z  INFO get_files:scan_sources: tailwindcss_oxide::scanner: Discovering "C:\\Users\\Administrator\\Documents\\Project g-labs\\web-oven\\src\\app\\api\\ovens"
2026-02-20T22:54:08.768407Z  INFO get_files:scan_sources: tailwindcss_oxide::scanner: Discovering "C:\\Users\\Administrator\\Documents\\Project g-labs\\web-oven\\src\\components"
2026-02-20T22:54:08.769085Z  INFO get_files:scan_sources: tailwindcss_oxide::scanner: Discovering "C:\\Users\\Administrator\\Documents\\Project g-labs\\web-oven\\src\\lib"
2026-02-20T22:54:08.769371Z  INFO get_files:scan_sources: tailwindcss_oxide::scanner: Discovering "C:\\Users\\Administrator\\Documents\\Project g-labs\\web-oven\\src\\types"
2026-02-20T22:54:08.769856Z  INFO get_files:scan_sources: tailwindcss_oxide::scanner: exit
2026-02-20T22:54:08.770017Z  INFO get_files: tailwindcss_oxide::scanner: exit
2026-02-20T22:54:08.770807Z  INFO get_globs: tailwindcss_oxide::scanner: enter
2026-02-20T22:54:08.770821Z  INFO get_globs:scan_sources: tailwindcss_oxide::scanner: enter
2026-02-20T22:54:08.772893Z  INFO get_globs:scan_sources: tailwindcss_oxide::scanner: Discovering "C:\\Users\\Administrator\\Documents\\Project g-labs\\web-oven\\prisma"
2026-02-20T22:54:08.773283Z  INFO get_globs:scan_sources: tailwindcss_oxide::scanner: Discovering "C:\\Users\\Administrator\\Documents\\Project g-labs\\web-oven\\public"
2026-02-20T22:54:08.773868Z  INFO get_globs:scan_sources: tailwindcss_oxide::scanner: Discovering "C:\\Users\\Administrator\\Documents\\Project g-labs\\web-oven\\src"
2026-02-20T22:54:08.774039Z  INFO get_globs:scan_sources: tailwindcss_oxide::scanner: Discovering "C:\\Users\\Administrator\\Documents\\Project g-labs\\web-oven\\src\\app"
2026-02-20T22:54:08.774229Z  INFO get_globs:scan_sources: tailwindcss_oxide::scanner: Discovering "C:\\Users\\Administrator\\Documents\\Project g-labs\\web-oven\\src\\app\\(auth)"
2026-02-20T22:54:08.774441Z  INFO get_globs:scan_sources: tailwindcss_oxide::scanner: Discovering "C:\\Users\\Administrator\\Documents\\Project g-labs\\web-oven\\src\\app\\(auth)\\login"
2026-02-20T22:54:08.774683Z  INFO get_globs:scan_sources: tailwindcss_oxide::scanner: Discovering "C:\\Users\\Administrator\\Documents\\Project g-labs\\web-oven\\src\\app\\(auth)\\pending"
2026-02-20T22:54:08.774981Z  INFO get_globs:scan_sources: tailwindcss_oxide::scanner: Discovering "C:\\Users\\Administrator\\Documents\\Project g-labs\\web-oven\\src\\app\\(auth)\\register"
2026-02-20T22:54:08.775252Z  INFO get_globs:scan_sources: tailwindcss_oxide::scanner: Discovering "C:\\Users\\Administrator\\Documents\\Project g-labs\\web-oven\\src\\app\\(dashboard)"
2026-02-20T22:54:08.775416Z  INFO get_globs:scan_sources: tailwindcss_oxide::scanner: Discovering "C:\\Users\\Administrator\\Documents\\Project g-labs\\web-oven\\src\\app\\(dashboard)\\admin"
2026-02-20T22:54:08.775591Z  INFO get_globs:scan_sources: tailwindcss_oxide::scanner: Discovering "C:\\Users\\Administrator\\Documents\\Project g-labs\\web-oven\\src\\app\\(dashboard)\\admin\\bookings"
2026-02-20T22:54:08.775863Z  INFO get_globs:scan_sources: tailwindcss_oxide::scanner: Discovering "C:\\Users\\Administrator\\Documents\\Project g-labs\\web-oven\\src\\app\\(dashboard)\\admin\\bookings\\[id]"
2026-02-20T22:54:08.776110Z  INFO get_globs:scan_sources: tailwindcss_oxide::scanner: Discovering "C:\\Users\\Administrator\\Documents\\Project g-labs\\web-oven\\src\\app\\(dashboard)\\admin\\ovens"
2026-02-20T22:54:08.776421Z  INFO get_globs:scan_sources: tailwindcss_oxide::scanner: Discovering "C:\\Users\\Administrator\\Documents\\Project g-labs\\web-oven\\src\\app\\(dashboard)\\admin\\users"
2026-02-20T22:54:08.776750Z  INFO get_globs:scan_sources: tailwindcss_oxide::scanner: Discovering "C:\\Users\\Administrator\\Documents\\Project g-labs\\web-oven\\src\\app\\(dashboard)\\admin\\users\\[id]"
2026-02-20T22:54:08.776994Z  INFO get_globs:scan_sources: tailwindcss_oxide::scanner: Discovering "C:\\Users\\Administrator\\Documents\\Project g-labs\\web-oven\\src\\app\\(dashboard)\\book"
2026-02-20T22:54:08.777260Z  INFO get_globs:scan_sources: tailwindcss_oxide::scanner: Discovering "C:\\Users\\Administrator\\Documents\\Project g-labs\\web-oven\\src\\app\\(dashboard)\\my-bookings"
2026-02-20T22:54:08.777493Z  INFO get_globs:scan_sources: tailwindcss_oxide::scanner: Discovering "C:\\Users\\Administrator\\Documents\\Project g-labs\\web-oven\\src\\app\\(dashboard)\\my-bookings\\[id]"
2026-02-20T22:54:08.777765Z  INFO get_globs:scan_sources: tailwindcss_oxide::scanner: Discovering "C:\\Users\\Administrator\\Documents\\Project g-labs\\web-oven\\src\\app\\(dashboard)\\profile"
2026-02-20T22:54:08.777984Z  INFO get_globs:scan_sources: tailwindcss_oxide::scanner: Discovering "C:\\Users\\Administrator\\Documents\\Project g-labs\\web-oven\\src\\app\\actions"
2026-02-20T22:54:08.778239Z  INFO get_globs:scan_sources: tailwindcss_oxide::scanner: Discovering "C:\\Users\\Administrator\\Documents\\Project g-labs\\web-oven\\src\\app\\api"
2026-02-20T22:54:08.778407Z  INFO get_globs:scan_sources: tailwindcss_oxide::scanner: Discovering "C:\\Users\\Administrator\\Documents\\Project g-labs\\web-oven\\src\\app\\api\\auth"
2026-02-20T22:54:08.778562Z  INFO get_globs:scan_sources: tailwindcss_oxide::scanner: Discovering "C:\\Users\\Administrator\\Documents\\Project g-labs\\web-oven\\src\\app\\api\\auth\\[...nextauth]"
2026-02-20T22:54:08.778828Z  INFO get_globs:scan_sources: tailwindcss_oxide::scanner: Discovering "C:\\Users\\Administrator\\Documents\\Project g-labs\\web-oven\\src\\app\\api\\bookings"
2026-02-20T22:54:08.779028Z  INFO get_globs:scan_sources: tailwindcss_oxide::scanner: Discovering "C:\\Users\\Administrator\\Documents\\Project g-labs\\web-oven\\src\\app\\api\\ovens"
2026-02-20T22:54:08.779331Z  INFO get_globs:scan_sources: tailwindcss_oxide::scanner: Discovering "C:\\Users\\Administrator\\Documents\\Project g-labs\\web-oven\\src\\components"
2026-02-20T22:54:08.779897Z  INFO get_globs:scan_sources: tailwindcss_oxide::scanner: Discovering "C:\\Users\\Administrator\\Documents\\Project g-labs\\web-oven\\src\\lib"
2026-02-20T22:54:08.780198Z  INFO get_globs:scan_sources: tailwindcss_oxide::scanner: Discovering "C:\\Users\\Administrator\\Documents\\Project g-labs\\web-oven\\src\\types"
2026-02-20T22:54:08.780458Z  INFO get_globs:scan_sources: tailwindcss_oxide::scanner: exit
2026-02-20T22:54:08.787316Z  INFO get_globs: tailwindcss_oxide::scanner: exit
