2026-02-21T05:53:41.359683Z  INFO tailwindcss_oxide::scanner: Provided sources:
2026-02-21T05:53:41.359777Z  INFO tailwindcss_oxide::scanner: Source: PublicSourceEntry { base: "C:\\Users\\Administrator\\Documents\\Project g-labs\\web-oven", pattern: "**/*", negated: false }
2026-02-21T05:53:41.359939Z  INFO tailwindcss_oxide::scanner: Optimized sources:
2026-02-21T05:53:41.359957Z  INFO tailwindcss_oxide::scanner: Source: Auto { base: "C:\\Users\\Administrator\\Documents\\Project g-labs\\web-oven" }
2026-02-21T05:53:41.361667Z  INFO scan_sources: tailwindcss_oxide::scanner: enter
2026-02-21T05:53:41.363080Z  INFO scan_sources: tailwindcss_oxide::scanner: Discovering "C:\\Users\\Administrator\\Documents\\Project g-labs\\web-oven\\.dockerignore"
2026-02-21T05:53:41.363154Z  INFO scan_sources: tailwindcss_oxide::scanner: Discovering "C:\\Users\\Administrator\\Documents\\Project g-labs\\web-oven\\.env.example"
2026-02-21T05:53:41.363514Z  INFO scan_sources: tailwindcss_oxide::scanner: Discovering "C:\\Users\\Administrator\\Documents\\Project g-labs\\web-oven\\docker-compose.yml"
2026-02-21T05:53:41.363588Z  INFO scan_sources: tailwindcss_oxide::scanner: Discovering "C:\\Users\\Administrator\\Documents\\Project g-labs\\web-oven\\docker-entrypoint.sh"
2026-02-21T05:53:41.363648Z  INFO scan_sources: tailwindcss_oxide::scanner: Discovering "C:\\Users\\Administrator\\Documents\\Project g-labs\\web-oven\\Dockerfile"
2026-02-21T05:53:41.363710Z  INFO scan_sources: tailwindcss_oxide::scanner: Discovering "C:\\Users\\Administrator\\Documents\\Project g-labs\\web-oven\\infra.md"
2026-02-21T05:53:41.363779Z  INFO scan_sources: tailwindcss_oxide::scanner: Discovering "C:\\Users\\Administrator\\Documents\\Project g-labs\\web-oven\\next.config.ts"
2026-02-21T05:53:41.364029Z  INFO scan_sources: tailwindcss_oxide::scanner: Discovering "C:\\Users\\Administrator\\Documents\\Project g-labs\\web-oven\\package.json"
2026-02-21T05:53:41.364092Z  INFO scan_sources: tailwindcss_oxide::scanner: Discovering "C:\\Users\\Administrator\\Documents\\Project g-labs\\web-oven\\postcss.config.mjs"
2026-02-21T05:53:41.364195Z  INFO scan_sources: tailwindcss_oxide::scanner: Discovering "C:\\Users\\Administrator\\Documents\\Project g-labs\\web-oven\\prisma"
2026-02-21T05:53:41.364357Z  INFO scan_sources: tailwindcss_oxide::scanner: Discovering "C:\\Users\\Administrator\\Documents\\Project g-labs\\web-oven\\prisma\\schema.prisma"
2026-02-21T05:53:41.364424Z  INFO scan_sources: tailwindcss_oxide::scanner: Discovering "C:\\Users\\Administrator\\Documents\\Project g-labs\\web-oven\\prisma\\seed.ts"
2026-02-21T05:53:41.364501Z  INFO scan_sources: tailwindcss_oxide::scanner: Discovering "C:\\Users\\Administrator\\Documents\\Project g-labs\\web-oven\\prisma.config.ts"
2026-02-21T05:53:41.364596Z  INFO scan_sources: tailwindcss_oxide::scanner: Discovering "C:\\Users\\Administrator\\Documents\\Project g-labs\\web-oven\\public"
2026-02-21T05:53:41.364722Z  INFO scan_sources: tailwindcss_oxide::scanner: Discovering "C:\\Users\\Administrator\\Documents\\Project g-labs\\web-oven\\public\\file.svg"
2026-02-21T05:53:41.364780Z  INFO scan_sources: tailwindcss_oxide::scanner: Discovering "C:\\Users\\Administrator\\Documents\\Project g-labs\\web-oven\\public\\globe.svg"
2026-02-21T05:53:41.364839Z  INFO scan_sources: tailwindcss_oxide::scanner: Discovering "C:\\Users\\Administrator\\Documents\\Project g-labs\\web-oven\\public\\next.svg"
2026-02-21T05:53:41.364898Z  INFO scan_sources: tailwindcss_oxide::scanner: Discovering "C:\\Users\\Administrator\\Documents\\Project g-labs\\web-oven\\public\\vercel.svg"
2026-02-21T05:53:41.364954Z  INFO scan_sources: tailwindcss_oxide::scanner: Discovering "C:\\Users\\Administrator\\Documents\\Project g-labs\\web-oven\\public\\window.svg"
2026-02-21T05:53:41.365035Z  INFO scan_sources: tailwindcss_oxide::scanner: Discovering "C:\\Users\\Administrator\\Documents\\Project g-labs\\web-oven\\README.md"
2026-02-21T05:53:41.365130Z  INFO scan_sources: tailwindcss_oxide::scanner: Discovering "C:\\Users\\Administrator\\Documents\\Project g-labs\\web-oven\\src"
2026-02-21T05:53:41.365319Z  INFO scan_sources: tailwindcss_oxide::scanner: Discovering "C:\\Users\\Administrator\\Documents\\Project g-labs\\web-oven\\src\\app"
2026-02-21T05:53:41.365486Z  INFO scan_sources: tailwindcss_oxide::scanner: Discovering "C:\\Users\\Administrator\\Documents\\Project g-labs\\web-oven\\src\\app\\(auth)"
2026-02-21T05:53:41.365657Z  INFO scan_sources: tailwindcss_oxide::scanner: Discovering "C:\\Users\\Administrator\\Documents\\Project g-labs\\web-oven\\src\\app\\(auth)\\login"
2026-02-21T05:53:41.365805Z  INFO scan_sources: tailwindcss_oxide::scanner: Discovering "C:\\Users\\Administrator\\Documents\\Project g-labs\\web-oven\\src\\app\\(auth)\\login\\page.tsx"
2026-02-21T05:53:41.366161Z  INFO scan_sources: tailwindcss_oxide::scanner: Discovering "C:\\Users\\Administrator\\Documents\\Project g-labs\\web-oven\\src\\app\\(auth)\\pending"
2026-02-21T05:53:41.366393Z  INFO scan_sources: tailwindcss_oxide::scanner: Discovering "C:\\Users\\Administrator\\Documents\\Project g-labs\\web-oven\\src\\app\\(auth)\\pending\\page.tsx"
2026-02-21T05:53:41.366530Z  INFO scan_sources: tailwindcss_oxide::scanner: Discovering "C:\\Users\\Administrator\\Documents\\Project g-labs\\web-oven\\src\\app\\(auth)\\register"
2026-02-21T05:53:41.366668Z  INFO scan_sources: tailwindcss_oxide::scanner: Discovering "C:\\Users\\Administrator\\Documents\\Project g-labs\\web-oven\\src\\app\\(auth)\\register\\page.tsx"
2026-02-21T05:53:41.366819Z  INFO scan_sources: tailwindcss_oxide::scanner: Discovering "C:\\Users\\Administrator\\Documents\\Project g-labs\\web-oven\\src\\app\\(dashboard)"
2026-02-21T05:53:41.366984Z  INFO scan_sources: tailwindcss_oxide::scanner: Discovering "C:\\Users\\Administrator\\Documents\\Project g-labs\\web-oven\\src\\app\\(dashboard)\\admin"
2026-02-21T05:53:41.367145Z  INFO scan_sources: tailwindcss_oxide::scanner: Discovering "C:\\Users\\Administrator\\Documents\\Project g-labs\\web-oven\\src\\app\\(dashboard)\\admin\\bookings"
2026-02-21T05:53:41.367273Z  INFO scan_sources: tailwindcss_oxide::scanner: Discovering "C:\\Users\\Administrator\\Documents\\Project g-labs\\web-oven\\src\\app\\(dashboard)\\admin\\bookings\\action-buttons.tsx"
2026-02-21T05:53:41.367334Z  INFO scan_sources: tailwindcss_oxide::scanner: Discovering "C:\\Users\\Administrator\\Documents\\Project g-labs\\web-oven\\src\\app\\(dashboard)\\admin\\bookings\\booking-management-form.tsx"
2026-02-21T05:53:41.367400Z  INFO scan_sources: tailwindcss_oxide::scanner: Discovering "C:\\Users\\Administrator\\Documents\\Project g-labs\\web-oven\\src\\app\\(dashboard)\\admin\\bookings\\page.tsx"
2026-02-21T05:53:41.367499Z  INFO scan_sources: tailwindcss_oxide::scanner: Discovering "C:\\Users\\Administrator\\Documents\\Project g-labs\\web-oven\\src\\app\\(dashboard)\\admin\\bookings\\[id]"
2026-02-21T05:53:41.367719Z  INFO scan_sources: tailwindcss_oxide::scanner: Discovering "C:\\Users\\Administrator\\Documents\\Project g-labs\\web-oven\\src\\app\\(dashboard)\\admin\\bookings\\[id]\\page.tsx"
2026-02-21T05:53:41.367883Z  INFO scan_sources: tailwindcss_oxide::scanner: Discovering "C:\\Users\\Administrator\\Documents\\Project g-labs\\web-oven\\src\\app\\(dashboard)\\admin\\ovens"
2026-02-21T05:53:41.368013Z  INFO scan_sources: tailwindcss_oxide::scanner: Discovering "C:\\Users\\Administrator\\Documents\\Project g-labs\\web-oven\\src\\app\\(dashboard)\\admin\\ovens\\action-buttons.tsx"
2026-02-21T05:53:41.368072Z  INFO scan_sources: tailwindcss_oxide::scanner: Discovering "C:\\Users\\Administrator\\Documents\\Project g-labs\\web-oven\\src\\app\\(dashboard)\\admin\\ovens\\add-oven-modal.tsx"
2026-02-21T05:53:41.368132Z  INFO scan_sources: tailwindcss_oxide::scanner: Discovering "C:\\Users\\Administrator\\Documents\\Project g-labs\\web-oven\\src\\app\\(dashboard)\\admin\\ovens\\edit-oven-modal.tsx"
2026-02-21T05:53:41.368207Z  INFO scan_sources: tailwindcss_oxide::scanner: Discovering "C:\\Users\\Administrator\\Documents\\Project g-labs\\web-oven\\src\\app\\(dashboard)\\admin\\ovens\\page.tsx"
2026-02-21T05:53:41.368328Z  INFO scan_sources: tailwindcss_oxide::scanner: Discovering "C:\\Users\\Administrator\\Documents\\Project g-labs\\web-oven\\src\\app\\(dashboard)\\admin\\users"
2026-02-21T05:53:41.368492Z  INFO scan_sources: tailwindcss_oxide::scanner: Discovering "C:\\Users\\Administrator\\Documents\\Project g-labs\\web-oven\\src\\app\\(dashboard)\\admin\\users\\action-buttons.tsx"
2026-02-21T05:53:41.368553Z  INFO scan_sources: tailwindcss_oxide::scanner: Discovering "C:\\Users\\Administrator\\Documents\\Project g-labs\\web-oven\\src\\app\\(dashboard)\\admin\\users\\add-user-modal.tsx"
2026-02-21T05:53:41.368615Z  INFO scan_sources: tailwindcss_oxide::scanner: Discovering "C:\\Users\\Administrator\\Documents\\Project g-labs\\web-oven\\src\\app\\(dashboard)\\admin\\users\\page.tsx"
2026-02-21T05:53:41.368672Z  INFO scan_sources: tailwindcss_oxide::scanner: Discovering "C:\\Users\\Administrator\\Documents\\Project g-labs\\web-oven\\src\\app\\(dashboard)\\admin\\users\\role-buttons.tsx"
2026-02-21T05:53:41.368781Z  INFO scan_sources: tailwindcss_oxide::scanner: Discovering "C:\\Users\\Administrator\\Documents\\Project g-labs\\web-oven\\src\\app\\(dashboard)\\admin\\users\\[id]"
2026-02-21T05:53:41.368905Z  INFO scan_sources: tailwindcss_oxide::scanner: Discovering "C:\\Users\\Administrator\\Documents\\Project g-labs\\web-oven\\src\\app\\(dashboard)\\admin\\users\\[id]\\page.tsx"
2026-02-21T05:53:41.369056Z  INFO scan_sources: tailwindcss_oxide::scanner: Discovering "C:\\Users\\Administrator\\Documents\\Project g-labs\\web-oven\\src\\app\\(dashboard)\\book"
2026-02-21T05:53:41.369175Z  INFO scan_sources: tailwindcss_oxide::scanner: Discovering "C:\\Users\\Administrator\\Documents\\Project g-labs\\web-oven\\src\\app\\(dashboard)\\book\\page.tsx"
2026-02-21T05:53:41.369252Z  INFO scan_sources: tailwindcss_oxide::scanner: Discovering "C:\\Users\\Administrator\\Documents\\Project g-labs\\web-oven\\src\\app\\(dashboard)\\layout.tsx"
2026-02-21T05:53:41.369357Z  INFO scan_sources: tailwindcss_oxide::scanner: Discovering "C:\\Users\\Administrator\\Documents\\Project g-labs\\web-oven\\src\\app\\(dashboard)\\my-bookings"
2026-02-21T05:53:41.369479Z  INFO scan_sources: tailwindcss_oxide::scanner: Discovering "C:\\Users\\Administrator\\Documents\\Project g-labs\\web-oven\\src\\app\\(dashboard)\\my-bookings\\cancel-button.tsx"
2026-02-21T05:53:41.369537Z  INFO scan_sources: tailwindcss_oxide::scanner: Discovering "C:\\Users\\Administrator\\Documents\\Project g-labs\\web-oven\\src\\app\\(dashboard)\\my-bookings\\page.tsx"
2026-02-21T05:53:41.369630Z  INFO scan_sources: tailwindcss_oxide::scanner: Discovering "C:\\Users\\Administrator\\Documents\\Project g-labs\\web-oven\\src\\app\\(dashboard)\\my-bookings\\[id]"
2026-02-21T05:53:41.369746Z  INFO scan_sources: tailwindcss_oxide::scanner: Discovering "C:\\Users\\Administrator\\Documents\\Project g-labs\\web-oven\\src\\app\\(dashboard)\\my-bookings\\[id]\\page.tsx"
2026-02-21T05:53:41.369840Z  INFO scan_sources: tailwindcss_oxide::scanner: Discovering "C:\\Users\\Administrator\\Documents\\Project g-labs\\web-oven\\src\\app\\(dashboard)\\page.tsx"
2026-02-21T05:53:41.369931Z  INFO scan_sources: tailwindcss_oxide::scanner: Discovering "C:\\Users\\Administrator\\Documents\\Project g-labs\\web-oven\\src\\app\\(dashboard)\\profile"
2026-02-21T05:53:41.370046Z  INFO scan_sources: tailwindcss_oxide::scanner: Discovering "C:\\Users\\Administrator\\Documents\\Project g-labs\\web-oven\\src\\app\\(dashboard)\\profile\\page.tsx"
2026-02-21T05:53:41.370179Z  INFO scan_sources: tailwindcss_oxide::scanner: Discovering "C:\\Users\\Administrator\\Documents\\Project g-labs\\web-oven\\src\\app\\actions"
2026-02-21T05:53:41.370314Z  INFO scan_sources: tailwindcss_oxide::scanner: Discovering "C:\\Users\\Administrator\\Documents\\Project g-labs\\web-oven\\src\\app\\actions\\admin.ts"
2026-02-21T05:53:41.370384Z  INFO scan_sources: tailwindcss_oxide::scanner: Discovering "C:\\Users\\Administrator\\Documents\\Project g-labs\\web-oven\\src\\app\\actions\\auth.ts"
2026-02-21T05:53:41.370439Z  INFO scan_sources: tailwindcss_oxide::scanner: Discovering "C:\\Users\\Administrator\\Documents\\Project g-labs\\web-oven\\src\\app\\actions\\booking.ts"
2026-02-21T05:53:41.370522Z  INFO scan_sources: tailwindcss_oxide::scanner: Discovering "C:\\Users\\Administrator\\Documents\\Project g-labs\\web-oven\\src\\app\\actions\\profile.ts"
2026-02-21T05:53:41.370638Z  INFO scan_sources: tailwindcss_oxide::scanner: Discovering "C:\\Users\\Administrator\\Documents\\Project g-labs\\web-oven\\src\\app\\api"
2026-02-21T05:53:41.370798Z  INFO scan_sources: tailwindcss_oxide::scanner: Discovering "C:\\Users\\Administrator\\Documents\\Project g-labs\\web-oven\\src\\app\\api\\auth"
2026-02-21T05:53:41.370978Z  INFO scan_sources: tailwindcss_oxide::scanner: Discovering "C:\\Users\\Administrator\\Documents\\Project g-labs\\web-oven\\src\\app\\api\\auth\\[...nextauth]"
2026-02-21T05:53:41.371101Z  INFO scan_sources: tailwindcss_oxide::scanner: Discovering "C:\\Users\\Administrator\\Documents\\Project g-labs\\web-oven\\src\\app\\api\\auth\\[...nextauth]\\route.ts"
2026-02-21T05:53:41.371229Z  INFO scan_sources: tailwindcss_oxide::scanner: Discovering "C:\\Users\\Administrator\\Documents\\Project g-labs\\web-oven\\src\\app\\api\\bookings"
2026-02-21T05:53:41.371359Z  INFO scan_sources: tailwindcss_oxide::scanner: Discovering "C:\\Users\\Administrator\\Documents\\Project g-labs\\web-oven\\src\\app\\api\\bookings\\route.ts"
2026-02-21T05:53:41.371511Z  INFO scan_sources: tailwindcss_oxide::scanner: Discovering "C:\\Users\\Administrator\\Documents\\Project g-labs\\web-oven\\src\\app\\api\\ovens"
2026-02-21T05:53:41.371632Z  INFO scan_sources: tailwindcss_oxide::scanner: Discovering "C:\\Users\\Administrator\\Documents\\Project g-labs\\web-oven\\src\\app\\api\\ovens\\route.ts"
2026-02-21T05:53:41.371733Z  INFO scan_sources: tailwindcss_oxide::scanner: Discovering "C:\\Users\\Administrator\\Documents\\Project g-labs\\web-oven\\src\\app\\globals.css"
2026-02-21T05:53:41.371791Z  INFO scan_sources: tailwindcss_oxide::scanner: Discovering "C:\\Users\\Administrator\\Documents\\Project g-labs\\web-oven\\src\\app\\layout.tsx"
2026-02-21T05:53:41.371907Z  INFO scan_sources: tailwindcss_oxide::scanner: Discovering "C:\\Users\\Administrator\\Documents\\Project g-labs\\web-oven\\src\\components"
2026-02-21T05:53:41.372030Z  INFO scan_sources: tailwindcss_oxide::scanner: Discovering "C:\\Users\\Administrator\\Documents\\Project g-labs\\web-oven\\src\\components\\booking-calendar.tsx"
2026-02-21T05:53:41.372088Z  INFO scan_sources: tailwindcss_oxide::scanner: Discovering "C:\\Users\\Administrator\\Documents\\Project g-labs\\web-oven\\src\\components\\confirm-dialog.tsx"
2026-02-21T05:53:41.372146Z  INFO scan_sources: tailwindcss_oxide::scanner: Discovering "C:\\Users\\Administrator\\Documents\\Project g-labs\\web-oven\\src\\components\\dashboard-calendar.tsx"
2026-02-21T05:53:41.372202Z  INFO scan_sources: tailwindcss_oxide::scanner: Discovering "C:\\Users\\Administrator\\Documents\\Project g-labs\\web-oven\\src\\components\\date-time-picker.tsx"
2026-02-21T05:53:41.372257Z  INFO scan_sources: tailwindcss_oxide::scanner: Discovering "C:\\Users\\Administrator\\Documents\\Project g-labs\\web-oven\\src\\components\\dialog.tsx"
2026-02-21T05:53:41.372313Z  INFO scan_sources: tailwindcss_oxide::scanner: Discovering "C:\\Users\\Administrator\\Documents\\Project g-labs\\web-oven\\src\\components\\flap-slider.tsx"
2026-02-21T05:53:41.372385Z  INFO scan_sources: tailwindcss_oxide::scanner: Discovering "C:\\Users\\Administrator\\Documents\\Project g-labs\\web-oven\\src\\components\\profile-editor.tsx"
2026-02-21T05:53:41.372453Z  INFO scan_sources: tailwindcss_oxide::scanner: Discovering "C:\\Users\\Administrator\\Documents\\Project g-labs\\web-oven\\src\\components\\providers.tsx"
2026-02-21T05:53:41.372513Z  INFO scan_sources: tailwindcss_oxide::scanner: Discovering "C:\\Users\\Administrator\\Documents\\Project g-labs\\web-oven\\src\\components\\sidebar.tsx"
2026-02-21T05:53:41.372570Z  INFO scan_sources: tailwindcss_oxide::scanner: Discovering "C:\\Users\\Administrator\\Documents\\Project g-labs\\web-oven\\src\\components\\time-picker.tsx"
2026-02-21T05:53:41.372627Z  INFO scan_sources: tailwindcss_oxide::scanner: Discovering "C:\\Users\\Administrator\\Documents\\Project g-labs\\web-oven\\src\\components\\toast.tsx"
2026-02-21T05:53:41.372850Z  INFO scan_sources: tailwindcss_oxide::scanner: Discovering "C:\\Users\\Administrator\\Documents\\Project g-labs\\web-oven\\src\\lib"
2026-02-21T05:53:41.372966Z  INFO scan_sources: tailwindcss_oxide::scanner: Discovering "C:\\Users\\Administrator\\Documents\\Project g-labs\\web-oven\\src\\lib\\auth.ts"
2026-02-21T05:53:41.373023Z  INFO scan_sources: tailwindcss_oxide::scanner: Discovering "C:\\Users\\Administrator\\Documents\\Project g-labs\\web-oven\\src\\lib\\prisma.ts"
2026-02-21T05:53:41.373077Z  INFO scan_sources: tailwindcss_oxide::scanner: Discovering "C:\\Users\\Administrator\\Documents\\Project g-labs\\web-oven\\src\\lib\\utils.ts"
2026-02-21T05:53:41.373152Z  INFO scan_sources: tailwindcss_oxide::scanner: Discovering "C:\\Users\\Administrator\\Documents\\Project g-labs\\web-oven\\src\\middleware.ts"
2026-02-21T05:53:41.373244Z  INFO scan_sources: tailwindcss_oxide::scanner: Discovering "C:\\Users\\Administrator\\Documents\\Project g-labs\\web-oven\\src\\types"
2026-02-21T05:53:41.373371Z  INFO scan_sources: tailwindcss_oxide::scanner: Discovering "C:\\Users\\Administrator\\Documents\\Project g-labs\\web-oven\\src\\types\\next-auth.d.ts"
2026-02-21T05:53:41.373531Z  INFO scan_sources: tailwindcss_oxide::scanner: Discovering "C:\\Users\\Administrator\\Documents\\Project g-labs\\web-oven\\tsconfig.json"
2026-02-21T05:53:41.373637Z  INFO scan_sources: tailwindcss_oxide::scanner: exit
2026-02-21T05:53:41.373648Z  INFO extract_candidates: tailwindcss_oxide::scanner: enter
2026-02-21T05:53:41.373654Z  INFO extract_candidates:read_all_files: tailwindcss_oxide::scanner: enter
2026-02-21T05:53:41.373659Z  INFO extract_candidates:read_all_files: tailwindcss_oxide::scanner: Reading 66 file(s)
2026-02-21T05:53:41.374167Z  INFO tailwindcss_oxide::scanner: Reading "C:\\Users\\Administrator\\Documents\\Project g-labs\\web-oven\\.dockerignore"
2026-02-21T05:53:41.374165Z  INFO tailwindcss_oxide::scanner: Reading "C:\\Users\\Administrator\\Documents\\Project g-labs\\web-oven\\public\\window.svg"
2026-02-21T05:53:41.374189Z  INFO tailwindcss_oxide::scanner: Reading "C:\\Users\\Administrator\\Documents\\Project g-labs\\web-oven\\src\\app\\(dashboard)\\admin\\users\\[id]\\page.tsx"
2026-02-21T05:53:41.374285Z  INFO tailwindcss_oxide::scanner: Reading "C:\\Users\\Administrator\\Documents\\Project g-labs\\web-oven\\.env.example"
2026-02-21T05:53:41.374285Z  INFO tailwindcss_oxide::scanner: Reading "C:\\Users\\Administrator\\Documents\\Project g-labs\\web-oven\\src\\components\\booking-calendar.tsx"
2026-02-21T05:53:41.374320Z  INFO tailwindcss_oxide::scanner: Reading "C:\\Users\\Administrator\\Documents\\Project g-labs\\web-oven\\src\\app\\(dashboard)\\book\\page.tsx"
2026-02-21T05:53:41.374322Z  INFO tailwindcss_oxide::scanner: Reading "C:\\Users\\Administrator\\Documents\\Project g-labs\\web-oven\\src\\components\\sidebar.tsx"
2026-02-21T05:53:41.374335Z  INFO tailwindcss_oxide::scanner: Reading "C:\\Users\\Administrator\\Documents\\Project g-labs\\web-oven\\README.md"
2026-02-21T05:53:41.374354Z  INFO tailwindcss_oxide::scanner: Reading "C:\\Users\\Administrator\\Documents\\Project g-labs\\web-oven\\postcss.config.mjs"
2026-02-21T05:53:41.374399Z  INFO tailwindcss_oxide::scanner: Reading "C:\\Users\\Administrator\\Documents\\Project g-labs\\web-oven\\docker-compose.yml"
2026-02-21T05:53:41.374417Z  INFO tailwindcss_oxide::scanner: Reading "C:\\Users\\Administrator\\Documents\\Project g-labs\\web-oven\\src\\components\\confirm-dialog.tsx"
2026-02-21T05:53:41.374432Z  INFO tailwindcss_oxide::scanner: Reading "C:\\Users\\Administrator\\Documents\\Project g-labs\\web-oven\\src\\app\\(dashboard)\\layout.tsx"
2026-02-21T05:53:41.374439Z  INFO tailwindcss_oxide::scanner: Reading "C:\\Users\\Administrator\\Documents\\Project g-labs\\web-oven\\src\\components\\time-picker.tsx"
2026-02-21T05:53:41.374462Z  INFO tailwindcss_oxide::scanner: Reading "C:\\Users\\Administrator\\Documents\\Project g-labs\\web-oven\\src\\lib\\prisma.ts"
2026-02-21T05:53:41.374472Z  INFO tailwindcss_oxide::scanner: Reading "C:\\Users\\Administrator\\Documents\\Project g-labs\\web-oven\\src\\app\\(auth)\\login\\page.tsx"
2026-02-21T05:53:41.374519Z  INFO tailwindcss_oxide::scanner: Reading "C:\\Users\\Administrator\\Documents\\Project g-labs\\web-oven\\docker-entrypoint.sh"
2026-02-21T05:53:41.374521Z  INFO tailwindcss_oxide::scanner: Reading "C:\\Users\\Administrator\\Documents\\Project g-labs\\web-oven\\src\\middleware.ts"
2026-02-21T05:53:41.374499Z  INFO tailwindcss_oxide::scanner: Reading "C:\\Users\\Administrator\\Documents\\Project g-labs\\web-oven\\prisma\\schema.prisma"
2026-02-21T05:53:41.374549Z  INFO tailwindcss_oxide::scanner: Reading "C:\\Users\\Administrator\\Documents\\Project g-labs\\web-oven\\src\\app\\(dashboard)\\my-bookings\\cancel-button.tsx"
2026-02-21T05:53:41.374537Z  INFO tailwindcss_oxide::scanner: Reading "C:\\Users\\Administrator\\Documents\\Project g-labs\\web-oven\\src\\components\\toast.tsx"
2026-02-21T05:53:41.374573Z  INFO tailwindcss_oxide::scanner: Reading "C:\\Users\\Administrator\\Documents\\Project g-labs\\web-oven\\src\\components\\dashboard-calendar.tsx"
2026-02-21T05:53:41.374572Z  INFO tailwindcss_oxide::scanner: Reading "C:\\Users\\Administrator\\Documents\\Project g-labs\\web-oven\\src\\components\\dialog.tsx"
2026-02-21T05:53:41.374613Z  INFO tailwindcss_oxide::scanner: Reading "C:\\Users\\Administrator\\Documents\\Project g-labs\\web-oven\\src\\lib\\utils.ts"
2026-02-21T05:53:41.374634Z  INFO tailwindcss_oxide::scanner: Reading "C:\\Users\\Administrator\\Documents\\Project g-labs\\web-oven\\src\\app\\(auth)\\pending\\page.tsx"
2026-02-21T05:53:41.374649Z  INFO tailwindcss_oxide::scanner: Reading "C:\\Users\\Administrator\\Documents\\Project g-labs\\web-oven\\Dockerfile"
2026-02-21T05:53:41.374676Z  INFO tailwindcss_oxide::scanner: Reading "C:\\Users\\Administrator\\Documents\\Project g-labs\\web-oven\\src\\app\\(dashboard)\\my-bookings\\page.tsx"
2026-02-21T05:53:41.374680Z  INFO tailwindcss_oxide::scanner: Reading "C:\\Users\\Administrator\\Documents\\Project g-labs\\web-oven\\tsconfig.json"
2026-02-21T05:53:41.374694Z  INFO tailwindcss_oxide::scanner: Reading "C:\\Users\\Administrator\\Documents\\Project g-labs\\web-oven\\src\\components\\flap-slider.tsx"
2026-02-21T05:53:41.374677Z  INFO tailwindcss_oxide::scanner: Reading "C:\\Users\\Administrator\\Documents\\Project g-labs\\web-oven\\src\\lib\\auth.ts"
2026-02-21T05:53:41.374716Z  INFO tailwindcss_oxide::scanner: Reading "C:\\Users\\Administrator\\Documents\\Project g-labs\\web-oven\\src\\components\\date-time-picker.tsx"
2026-02-21T05:53:41.374743Z  INFO tailwindcss_oxide::scanner: Reading "C:\\Users\\Administrator\\Documents\\Project g-labs\\web-oven\\src\\app\\(auth)\\register\\page.tsx"
2026-02-21T05:53:41.374690Z  INFO tailwindcss_oxide::scanner: Reading "C:\\Users\\Administrator\\Documents\\Project g-labs\\web-oven\\src\\types\\next-auth.d.ts"
2026-02-21T05:53:41.374694Z  INFO tailwindcss_oxide::scanner: Reading "C:\\Users\\Administrator\\Documents\\Project g-labs\\web-oven\\prisma\\seed.ts"
2026-02-21T05:53:41.374801Z  INFO tailwindcss_oxide::scanner: Reading "C:\\Users\\Administrator\\Documents\\Project g-labs\\web-oven\\infra.md"
2026-02-21T05:53:41.374808Z  INFO tailwindcss_oxide::scanner: Reading "C:\\Users\\Administrator\\Documents\\Project g-labs\\web-oven\\src\\app\\(dashboard)\\my-bookings\\[id]\\page.tsx"
2026-02-21T05:53:41.374817Z  INFO tailwindcss_oxide::scanner: Reading "C:\\Users\\Administrator\\Documents\\Project g-labs\\web-oven\\public\\file.svg"
2026-02-21T05:53:41.374825Z  INFO tailwindcss_oxide::scanner: Reading "C:\\Users\\Administrator\\Documents\\Project g-labs\\web-oven\\next.config.ts"
2026-02-21T05:53:41.374843Z  INFO tailwindcss_oxide::scanner: Reading "C:\\Users\\Administrator\\Documents\\Project g-labs\\web-oven\\public\\next.svg"
2026-02-21T05:53:41.374861Z  INFO tailwindcss_oxide::scanner: Reading "C:\\Users\\Administrator\\Documents\\Project g-labs\\web-oven\\public\\vercel.svg"
2026-02-21T05:53:41.374884Z  INFO tailwindcss_oxide::scanner: Reading "C:\\Users\\Administrator\\Documents\\Project g-labs\\web-oven\\src\\app\\(dashboard)\\admin\\bookings\\action-buttons.tsx"
2026-02-21T05:53:41.374896Z  INFO tailwindcss_oxide::scanner: Reading "C:\\Users\\Administrator\\Documents\\Project g-labs\\web-oven\\src\\app\\actions\\admin.ts"
2026-02-21T05:53:41.374919Z  INFO tailwindcss_oxide::scanner: Reading "C:\\Users\\Administrator\\Documents\\Project g-labs\\web-oven\\src\\app\\(dashboard)\\page.tsx"
2026-02-21T05:53:41.374933Z  INFO tailwindcss_oxide::scanner: Reading "C:\\Users\\Administrator\\Documents\\Project g-labs\\web-oven\\package.json"
2026-02-21T05:53:41.374937Z  INFO tailwindcss_oxide::scanner: Reading "C:\\Users\\Administrator\\Documents\\Project g-labs\\web-oven\\prisma.config.ts"
2026-02-21T05:53:41.374934Z  INFO tailwindcss_oxide::scanner: Reading "C:\\Users\\Administrator\\Documents\\Project g-labs\\web-oven\\src\\app\\(dashboard)\\admin\\bookings\\[id]\\page.tsx"
2026-02-21T05:53:41.374973Z  INFO tailwindcss_oxide::scanner: Reading "C:\\Users\\Administrator\\Documents\\Project g-labs\\web-oven\\public\\globe.svg"
2026-02-21T05:53:41.374915Z  INFO tailwindcss_oxide::scanner: Reading "C:\\Users\\Administrator\\Documents\\Project g-labs\\web-oven\\src\\components\\providers.tsx"
2026-02-21T05:53:41.374776Z  INFO tailwindcss_oxide::scanner: Reading "C:\\Users\\Administrator\\Documents\\Project g-labs\\web-oven\\src\\components\\profile-editor.tsx"
2026-02-21T05:53:41.375013Z  INFO tailwindcss_oxide::scanner: Reading "C:\\Users\\Administrator\\Documents\\Project g-labs\\web-oven\\src\\app\\actions\\booking.ts"
2026-02-21T05:53:41.374986Z  INFO tailwindcss_oxide::scanner: Reading "C:\\Users\\Administrator\\Documents\\Project g-labs\\web-oven\\src\\app\\(dashboard)\\admin\\bookings\\page.tsx"
2026-02-21T05:53:41.375005Z  INFO tailwindcss_oxide::scanner: Reading "C:\\Users\\Administrator\\Documents\\Project g-labs\\web-oven\\src\\app\\(dashboard)\\admin\\bookings\\booking-management-form.tsx"
2026-02-21T05:53:41.375086Z  INFO tailwindcss_oxide::scanner: Reading "C:\\Users\\Administrator\\Documents\\Project g-labs\\web-oven\\src\\app\\(dashboard)\\admin\\ovens\\add-oven-modal.tsx"
2026-02-21T05:53:41.375047Z  INFO tailwindcss_oxide::scanner: Reading "C:\\Users\\Administrator\\Documents\\Project g-labs\\web-oven\\src\\app\\(dashboard)\\profile\\page.tsx"
2026-02-21T05:53:41.375054Z  INFO tailwindcss_oxide::scanner: Reading "C:\\Users\\Administrator\\Documents\\Project g-labs\\web-oven\\src\\app\\actions\\auth.ts"
2026-02-21T05:53:41.375063Z  INFO tailwindcss_oxide::scanner: Reading "C:\\Users\\Administrator\\Documents\\Project g-labs\\web-oven\\src\\app\\(dashboard)\\admin\\ovens\\page.tsx"
2026-02-21T05:53:41.375170Z  INFO tailwindcss_oxide::scanner: Reading "C:\\Users\\Administrator\\Documents\\Project g-labs\\web-oven\\src\\app\\api\\bookings\\route.ts"
2026-02-21T05:53:41.375065Z  INFO tailwindcss_oxide::scanner: Reading "C:\\Users\\Administrator\\Documents\\Project g-labs\\web-oven\\src\\app\\actions\\profile.ts"
2026-02-21T05:53:41.374974Z  INFO tailwindcss_oxide::scanner: Reading "C:\\Users\\Administrator\\Documents\\Project g-labs\\web-oven\\src\\app\\api\\auth\\[...nextauth]\\route.ts"
2026-02-21T05:53:41.375109Z  INFO tailwindcss_oxide::scanner: Reading "C:\\Users\\Administrator\\Documents\\Project g-labs\\web-oven\\src\\app\\(dashboard)\\admin\\ovens\\action-buttons.tsx"
2026-02-21T05:53:41.375229Z  INFO tailwindcss_oxide::scanner: Reading "C:\\Users\\Administrator\\Documents\\Project g-labs\\web-oven\\src\\app\\(dashboard)\\admin\\users\\action-buttons.tsx"
2026-02-21T05:53:41.375113Z  INFO tailwindcss_oxide::scanner: Reading "C:\\Users\\Administrator\\Documents\\Project g-labs\\web-oven\\src\\app\\(dashboard)\\admin\\users\\add-user-modal.tsx"
2026-02-21T05:53:41.375259Z  INFO tailwindcss_oxide::scanner: Reading "C:\\Users\\Administrator\\Documents\\Project g-labs\\web-oven\\src\\app\\(dashboard)\\admin\\users\\role-buttons.tsx"
2026-02-21T05:53:41.375181Z  INFO tailwindcss_oxide::scanner: Reading "C:\\Users\\Administrator\\Documents\\Project g-labs\\web-oven\\src\\app\\(dashboard)\\admin\\ovens\\edit-oven-modal.tsx"
2026-02-21T05:53:41.375245Z  INFO tailwindcss_oxide::scanner: Reading "C:\\Users\\Administrator\\Documents\\Project g-labs\\web-oven\\src\\app\\layout.tsx"
2026-02-21T05:53:41.375253Z  INFO tailwindcss_oxide::scanner: Reading "C:\\Users\\Administrator\\Documents\\Project g-labs\\web-oven\\src\\app\\(dashboard)\\admin\\users\\page.tsx"
2026-02-21T05:53:41.375147Z  INFO tailwindcss_oxide::scanner: Reading "C:\\Users\\Administrator\\Documents\\Project g-labs\\web-oven\\src\\app\\api\\ovens\\route.ts"
2026-02-21T05:53:41.375420Z  INFO extract_candidates:read_all_files: tailwindcss_oxide::scanner: exit
2026-02-21T05:53:41.375433Z  INFO extract_candidates:parse_all_blobs: tailwindcss_oxide::scanner: enter
2026-02-21T05:53:41.375438Z  INFO extract_candidates:parse_all_blobs:extract: tailwindcss_oxide::scanner: enter
2026-02-21T05:53:41.377145Z  INFO extract_candidates:parse_all_blobs:extract: tailwindcss_oxide::scanner: exit
2026-02-21T05:53:41.377175Z  INFO extract_candidates:parse_all_blobs: tailwindcss_oxide::scanner: exit
2026-02-21T05:53:41.377181Z  INFO extract_candidates:read_all_files: tailwindcss_oxide::scanner: enter
2026-02-21T05:53:41.377184Z  INFO extract_candidates:read_all_files: tailwindcss_oxide::scanner: Reading 1 file(s)
2026-02-21T05:53:41.377262Z  INFO extract_candidates:read_all_files: tailwindcss_oxide::scanner: Reading "C:\\Users\\Administrator\\Documents\\Project g-labs\\web-oven\\src\\app\\globals.css"
2026-02-21T05:53:41.377272Z  INFO extract_candidates:read_all_files: tailwindcss_oxide::scanner: exit
2026-02-21T05:53:41.377280Z  INFO extract_candidates:extract_css_variables: tailwindcss_oxide::scanner: enter
2026-02-21T05:53:41.377284Z  INFO extract_candidates:extract_css_variables:extract: tailwindcss_oxide::scanner: enter
2026-02-21T05:53:41.377413Z  INFO extract_candidates:extract_css_variables:extract: tailwindcss_oxide::scanner: exit
2026-02-21T05:53:41.377431Z  INFO extract_candidates:extract_css_variables: tailwindcss_oxide::scanner: exit
2026-02-21T05:53:41.378018Z  INFO extract_candidates: tailwindcss_oxide::scanner: exit
2026-02-21T05:53:41.378761Z  INFO get_files: tailwindcss_oxide::scanner: enter
2026-02-21T05:53:41.378770Z  INFO get_files:scan_sources: tailwindcss_oxide::scanner: enter
2026-02-21T05:53:41.380705Z  INFO get_files:scan_sources: tailwindcss_oxide::scanner: Discovering "C:\\Users\\Administrator\\Documents\\Project g-labs\\web-oven\\prisma"
2026-02-21T05:53:41.380969Z  INFO get_files:scan_sources: tailwindcss_oxide::scanner: Discovering "C:\\Users\\Administrator\\Documents\\Project g-labs\\web-oven\\public"
2026-02-21T05:53:41.381309Z  INFO get_files:scan_sources: tailwindcss_oxide::scanner: Discovering "C:\\Users\\Administrator\\Documents\\Project g-labs\\web-oven\\src"
2026-02-21T05:53:41.381475Z  INFO get_files:scan_sources: tailwindcss_oxide::scanner: Discovering "C:\\Users\\Administrator\\Documents\\Project g-labs\\web-oven\\src\\app"
2026-02-21T05:53:41.381645Z  INFO get_files:scan_sources: tailwindcss_oxide::scanner: Discovering "C:\\Users\\Administrator\\Documents\\Project g-labs\\web-oven\\src\\app\\(auth)"
2026-02-21T05:53:41.381898Z  INFO get_files:scan_sources: tailwindcss_oxide::scanner: Discovering "C:\\Users\\Administrator\\Documents\\Project g-labs\\web-oven\\src\\app\\(auth)\\login"
2026-02-21T05:53:41.382113Z  INFO get_files:scan_sources: tailwindcss_oxide::scanner: Discovering "C:\\Users\\Administrator\\Documents\\Project g-labs\\web-oven\\src\\app\\(auth)\\pending"
2026-02-21T05:53:41.382331Z  INFO get_files:scan_sources: tailwindcss_oxide::scanner: Discovering "C:\\Users\\Administrator\\Documents\\Project g-labs\\web-oven\\src\\app\\(auth)\\register"
2026-02-21T05:53:41.382551Z  INFO get_files:scan_sources: tailwindcss_oxide::scanner: Discovering "C:\\Users\\Administrator\\Documents\\Project g-labs\\web-oven\\src\\app\\(dashboard)"
2026-02-21T05:53:41.382708Z  INFO get_files:scan_sources: tailwindcss_oxide::scanner: Discovering "C:\\Users\\Administrator\\Documents\\Project g-labs\\web-oven\\src\\app\\(dashboard)\\admin"
2026-02-21T05:53:41.382909Z  INFO get_files:scan_sources: tailwindcss_oxide::scanner: Discovering "C:\\Users\\Administrator\\Documents\\Project g-labs\\web-oven\\src\\app\\(dashboard)\\admin\\bookings"
2026-02-21T05:53:41.383179Z  INFO get_files:scan_sources: tailwindcss_oxide::scanner: Discovering "C:\\Users\\Administrator\\Documents\\Project g-labs\\web-oven\\src\\app\\(dashboard)\\admin\\bookings\\[id]"
2026-02-21T05:53:41.383435Z  INFO get_files:scan_sources: tailwindcss_oxide::scanner: Discovering "C:\\Users\\Administrator\\Documents\\Project g-labs\\web-oven\\src\\app\\(dashboard)\\admin\\ovens"
2026-02-21T05:53:41.383781Z  INFO get_files:scan_sources: tailwindcss_oxide::scanner: Discovering "C:\\Users\\Administrator\\Documents\\Project g-labs\\web-oven\\src\\app\\(dashboard)\\admin\\users"
2026-02-21T05:53:41.384055Z  INFO get_files:scan_sources: tailwindcss_oxide::scanner: Discovering "C:\\Users\\Administrator\\Documents\\Project g-labs\\web-oven\\src\\app\\(dashboard)\\admin\\users\\[id]"
2026-02-21T05:53:41.384309Z  INFO get_files:scan_sources: tailwindcss_oxide::scanner: Discovering "C:\\Users\\Administrator\\Documents\\Project g-labs\\web-oven\\src\\app\\(dashboard)\\book"
2026-02-21T05:53:41.384537Z  INFO get_files:scan_sources: tailwindcss_oxide::scanner: Discovering "C:\\Users\\Administrator\\Documents\\Project g-labs\\web-oven\\src\\app\\(dashboard)\\my-bookings"
2026-02-21T05:53:41.384748Z  INFO get_files:scan_sources: tailwindcss_oxide::scanner: Discovering "C:\\Users\\Administrator\\Documents\\Project g-labs\\web-oven\\src\\app\\(dashboard)\\my-bookings\\[id]"
2026-02-21T05:53:41.384988Z  INFO get_files:scan_sources: tailwindcss_oxide::scanner: Discovering "C:\\Users\\Administrator\\Documents\\Project g-labs\\web-oven\\src\\app\\(dashboard)\\profile"
2026-02-21T05:53:41.385209Z  INFO get_files:scan_sources: tailwindcss_oxide::scanner: Discovering "C:\\Users\\Administrator\\Documents\\Project g-labs\\web-oven\\src\\app\\actions"
2026-02-21T05:53:41.385496Z  INFO get_files:scan_sources: tailwindcss_oxide::scanner: Discovering "C:\\Users\\Administrator\\Documents\\Project g-labs\\web-oven\\src\\app\\api"
2026-02-21T05:53:41.385645Z  INFO get_files:scan_sources: tailwindcss_oxide::scanner: Discovering "C:\\Users\\Administrator\\Documents\\Project g-labs\\web-oven\\src\\app\\api\\auth"
2026-02-21T05:53:41.385795Z  INFO get_files:scan_sources: tailwindcss_oxide::scanner: Discovering "C:\\Users\\Administrator\\Documents\\Project g-labs\\web-oven\\src\\app\\api\\auth\\[...nextauth]"
2026-02-21T05:53:41.386010Z  INFO get_files:scan_sources: tailwindcss_oxide::scanner: Discovering "C:\\Users\\Administrator\\Documents\\Project g-labs\\web-oven\\src\\app\\api\\bookings"
2026-02-21T05:53:41.386199Z  INFO get_files:scan_sources: tailwindcss_oxide::scanner: Discovering "C:\\Users\\Administrator\\Documents\\Project g-labs\\web-oven\\src\\app\\api\\ovens"
2026-02-21T05:53:41.386485Z  INFO get_files:scan_sources: tailwindcss_oxide::scanner: Discovering "C:\\Users\\Administrator\\Documents\\Project g-labs\\web-oven\\src\\components"
2026-02-21T05:53:41.387071Z  INFO get_files:scan_sources: tailwindcss_oxide::scanner: Discovering "C:\\Users\\Administrator\\Documents\\Project g-labs\\web-oven\\src\\lib"
2026-02-21T05:53:41.387356Z  INFO get_files:scan_sources: tailwindcss_oxide::scanner: Discovering "C:\\Users\\Administrator\\Documents\\Project g-labs\\web-oven\\src\\types"
2026-02-21T05:53:41.387627Z  INFO get_files:scan_sources: tailwindcss_oxide::scanner: exit
2026-02-21T05:53:41.387814Z  INFO get_files: tailwindcss_oxide::scanner: exit
2026-02-21T05:53:41.388637Z  INFO get_globs: tailwindcss_oxide::scanner: enter
2026-02-21T05:53:41.388649Z  INFO get_globs:scan_sources: tailwindcss_oxide::scanner: enter
2026-02-21T05:53:41.390563Z  INFO get_globs:scan_sources: tailwindcss_oxide::scanner: Discovering "C:\\Users\\Administrator\\Documents\\Project g-labs\\web-oven\\prisma"
2026-02-21T05:53:41.390839Z  INFO get_globs:scan_sources: tailwindcss_oxide::scanner: Discovering "C:\\Users\\Administrator\\Documents\\Project g-labs\\web-oven\\public"
2026-02-21T05:53:41.391181Z  INFO get_globs:scan_sources: tailwindcss_oxide::scanner: Discovering "C:\\Users\\Administrator\\Documents\\Project g-labs\\web-oven\\src"
2026-02-21T05:53:41.391352Z  INFO get_globs:scan_sources: tailwindcss_oxide::scanner: Discovering "C:\\Users\\Administrator\\Documents\\Project g-labs\\web-oven\\src\\app"
2026-02-21T05:53:41.391505Z  INFO get_globs:scan_sources: tailwindcss_oxide::scanner: Discovering "C:\\Users\\Administrator\\Documents\\Project g-labs\\web-oven\\src\\app\\(auth)"
2026-02-21T05:53:41.391658Z  INFO get_globs:scan_sources: tailwindcss_oxide::scanner: Discovering "C:\\Users\\Administrator\\Documents\\Project g-labs\\web-oven\\src\\app\\(auth)\\login"
2026-02-21T05:53:41.391872Z  INFO get_globs:scan_sources: tailwindcss_oxide::scanner: Discovering "C:\\Users\\Administrator\\Documents\\Project g-labs\\web-oven\\src\\app\\(auth)\\pending"
2026-02-21T05:53:41.392075Z  INFO get_globs:scan_sources: tailwindcss_oxide::scanner: Discovering "C:\\Users\\Administrator\\Documents\\Project g-labs\\web-oven\\src\\app\\(auth)\\register"
2026-02-21T05:53:41.392292Z  INFO get_globs:scan_sources: tailwindcss_oxide::scanner: Discovering "C:\\Users\\Administrator\\Documents\\Project g-labs\\web-oven\\src\\app\\(dashboard)"
2026-02-21T05:53:41.392445Z  INFO get_globs:scan_sources: tailwindcss_oxide::scanner: Discovering "C:\\Users\\Administrator\\Documents\\Project g-labs\\web-oven\\src\\app\\(dashboard)\\admin"
2026-02-21T05:53:41.392597Z  INFO get_globs:scan_sources: tailwindcss_oxide::scanner: Discovering "C:\\Users\\Administrator\\Documents\\Project g-labs\\web-oven\\src\\app\\(dashboard)\\admin\\bookings"
2026-02-21T05:53:41.392836Z  INFO get_globs:scan_sources: tailwindcss_oxide::scanner: Discovering "C:\\Users\\Administrator\\Documents\\Project g-labs\\web-oven\\src\\app\\(dashboard)\\admin\\bookings\\[id]"
2026-02-21T05:53:41.393054Z  INFO get_globs:scan_sources: tailwindcss_oxide::scanner: Discovering "C:\\Users\\Administrator\\Documents\\Project g-labs\\web-oven\\src\\app\\(dashboard)\\admin\\ovens"
2026-02-21T05:53:41.393352Z  INFO get_globs:scan_sources: tailwindcss_oxide::scanner: Discovering "C:\\Users\\Administrator\\Documents\\Project g-labs\\web-oven\\src\\app\\(dashboard)\\admin\\users"
2026-02-21T05:53:41.393659Z  INFO get_globs:scan_sources: tailwindcss_oxide::scanner: Discovering "C:\\Users\\Administrator\\Documents\\Project g-labs\\web-oven\\src\\app\\(dashboard)\\admin\\users\\[id]"
2026-02-21T05:53:41.393892Z  INFO get_globs:scan_sources: tailwindcss_oxide::scanner: Discovering "C:\\Users\\Administrator\\Documents\\Project g-labs\\web-oven\\src\\app\\(dashboard)\\book"
2026-02-21T05:53:41.394119Z  INFO get_globs:scan_sources: tailwindcss_oxide::scanner: Discovering "C:\\Users\\Administrator\\Documents\\Project g-labs\\web-oven\\src\\app\\(dashboard)\\my-bookings"
2026-02-21T05:53:41.394327Z  INFO get_globs:scan_sources: tailwindcss_oxide::scanner: Discovering "C:\\Users\\Administrator\\Documents\\Project g-labs\\web-oven\\src\\app\\(dashboard)\\my-bookings\\[id]"
2026-02-21T05:53:41.394574Z  INFO get_globs:scan_sources: tailwindcss_oxide::scanner: Discovering "C:\\Users\\Administrator\\Documents\\Project g-labs\\web-oven\\src\\app\\(dashboard)\\profile"
2026-02-21T05:53:41.394783Z  INFO get_globs:scan_sources: tailwindcss_oxide::scanner: Discovering "C:\\Users\\Administrator\\Documents\\Project g-labs\\web-oven\\src\\app\\actions"
2026-02-21T05:53:41.395055Z  INFO get_globs:scan_sources: tailwindcss_oxide::scanner: Discovering "C:\\Users\\Administrator\\Documents\\Project g-labs\\web-oven\\src\\app\\api"
2026-02-21T05:53:41.395201Z  INFO get_globs:scan_sources: tailwindcss_oxide::scanner: Discovering "C:\\Users\\Administrator\\Documents\\Project g-labs\\web-oven\\src\\app\\api\\auth"
2026-02-21T05:53:41.395357Z  INFO get_globs:scan_sources: tailwindcss_oxide::scanner: Discovering "C:\\Users\\Administrator\\Documents\\Project g-labs\\web-oven\\src\\app\\api\\auth\\[...nextauth]"
2026-02-21T05:53:41.395578Z  INFO get_globs:scan_sources: tailwindcss_oxide::scanner: Discovering "C:\\Users\\Administrator\\Documents\\Project g-labs\\web-oven\\src\\app\\api\\bookings"
2026-02-21T05:53:41.395773Z  INFO get_globs:scan_sources: tailwindcss_oxide::scanner: Discovering "C:\\Users\\Administrator\\Documents\\Project g-labs\\web-oven\\src\\app\\api\\ovens"
2026-02-21T05:53:41.396057Z  INFO get_globs:scan_sources: tailwindcss_oxide::scanner: Discovering "C:\\Users\\Administrator\\Documents\\Project g-labs\\web-oven\\src\\components"
2026-02-21T05:53:41.396628Z  INFO get_globs:scan_sources: tailwindcss_oxide::scanner: Discovering "C:\\Users\\Administrator\\Documents\\Project g-labs\\web-oven\\src\\lib"
2026-02-21T05:53:41.396902Z  INFO get_globs:scan_sources: tailwindcss_oxide::scanner: Discovering "C:\\Users\\Administrator\\Documents\\Project g-labs\\web-oven\\src\\types"
2026-02-21T05:53:41.397164Z  INFO get_globs:scan_sources: tailwindcss_oxide::scanner: exit
2026-02-21T05:53:41.403739Z  INFO get_globs: tailwindcss_oxide::scanner: exit
