2026-02-20T23:09:22.541327Z  INFO tailwindcss_oxide::scanner: Provided sources:
2026-02-20T23:09:22.541473Z  INFO tailwindcss_oxide::scanner: Source: PublicSourceEntry { base: "C:\\Users\\Administrator\\Documents\\Project g-labs\\web-oven", pattern: "**/*", negated: false }
2026-02-20T23:09:22.541679Z  INFO tailwindcss_oxide::scanner: Optimized sources:
2026-02-20T23:09:22.541705Z  INFO tailwindcss_oxide::scanner: Source: Auto { base: "C:\\Users\\Administrator\\Documents\\Project g-labs\\web-oven" }
2026-02-20T23:09:22.544002Z  INFO scan_sources: tailwindcss_oxide::scanner: enter
2026-02-20T23:09:22.545751Z  INFO scan_sources: tailwindcss_oxide::scanner: Discovering "C:\\Users\\Administrator\\Documents\\Project g-labs\\web-oven\\.dockerignore"
2026-02-20T23:09:22.545834Z  INFO scan_sources: tailwindcss_oxide::scanner: Discovering "C:\\Users\\Administrator\\Documents\\Project g-labs\\web-oven\\.env.example"
2026-02-20T23:09:22.546224Z  INFO scan_sources: tailwindcss_oxide::scanner: Discovering "C:\\Users\\Administrator\\Documents\\Project g-labs\\web-oven\\docker-compose.yml"
2026-02-20T23:09:22.546299Z  INFO scan_sources: tailwindcss_oxide::scanner: Discovering "C:\\Users\\Administrator\\Documents\\Project g-labs\\web-oven\\docker-entrypoint.sh"
2026-02-20T23:09:22.546364Z  INFO scan_sources: tailwindcss_oxide::scanner: Discovering "C:\\Users\\Administrator\\Documents\\Project g-labs\\web-oven\\Dockerfile"
2026-02-20T23:09:22.546437Z  INFO scan_sources: tailwindcss_oxide::scanner: Discovering "C:\\Users\\Administrator\\Documents\\Project g-labs\\web-oven\\infra.md"
2026-02-20T23:09:22.546512Z  INFO scan_sources: tailwindcss_oxide::scanner: Discovering "C:\\Users\\Administrator\\Documents\\Project g-labs\\web-oven\\next.config.ts"
2026-02-20T23:09:22.546765Z  INFO scan_sources: tailwindcss_oxide::scanner: Discovering "C:\\Users\\Administrator\\Documents\\Project g-labs\\web-oven\\package.json"
2026-02-20T23:09:22.546832Z  INFO scan_sources: tailwindcss_oxide::scanner: Discovering "C:\\Users\\Administrator\\Documents\\Project g-labs\\web-oven\\postcss.config.mjs"
2026-02-20T23:09:22.546947Z  INFO scan_sources: tailwindcss_oxide::scanner: Discovering "C:\\Users\\Administrator\\Documents\\Project g-labs\\web-oven\\prisma"
2026-02-20T23:09:22.547092Z  INFO scan_sources: tailwindcss_oxide::scanner: Discovering "C:\\Users\\Administrator\\Documents\\Project g-labs\\web-oven\\prisma\\schema.prisma"
2026-02-20T23:09:22.547156Z  INFO scan_sources: tailwindcss_oxide::scanner: Discovering "C:\\Users\\Administrator\\Documents\\Project g-labs\\web-oven\\prisma\\seed.ts"
2026-02-20T23:09:22.547241Z  INFO scan_sources: tailwindcss_oxide::scanner: Discovering "C:\\Users\\Administrator\\Documents\\Project g-labs\\web-oven\\prisma.config.ts"
2026-02-20T23:09:22.547353Z  INFO scan_sources: tailwindcss_oxide::scanner: Discovering "C:\\Users\\Administrator\\Documents\\Project g-labs\\web-oven\\public"
2026-02-20T23:09:22.547490Z  INFO scan_sources: tailwindcss_oxide::scanner: Discovering "C:\\Users\\Administrator\\Documents\\Project g-labs\\web-oven\\public\\file.svg"
2026-02-20T23:09:22.547558Z  INFO scan_sources: tailwindcss_oxide::scanner: Discovering "C:\\Users\\Administrator\\Documents\\Project g-labs\\web-oven\\public\\globe.svg"
2026-02-20T23:09:22.547628Z  INFO scan_sources: tailwindcss_oxide::scanner: Discovering "C:\\Users\\Administrator\\Documents\\Project g-labs\\web-oven\\public\\next.svg"
2026-02-20T23:09:22.547692Z  INFO scan_sources: tailwindcss_oxide::scanner: Discovering "C:\\Users\\Administrator\\Documents\\Project g-labs\\web-oven\\public\\vercel.svg"
2026-02-20T23:09:22.547753Z  INFO scan_sources: tailwindcss_oxide::scanner: Discovering "C:\\Users\\Administrator\\Documents\\Project g-labs\\web-oven\\public\\window.svg"
2026-02-20T23:09:22.547837Z  INFO scan_sources: tailwindcss_oxide::scanner: Discovering "C:\\Users\\Administrator\\Documents\\Project g-labs\\web-oven\\README.md"
2026-02-20T23:09:22.547951Z  INFO scan_sources: tailwindcss_oxide::scanner: Discovering "C:\\Users\\Administrator\\Documents\\Project g-labs\\web-oven\\src"
2026-02-20T23:09:22.548179Z  INFO scan_sources: tailwindcss_oxide::scanner: Discovering "C:\\Users\\Administrator\\Documents\\Project g-labs\\web-oven\\src\\app"
2026-02-20T23:09:22.548355Z  INFO scan_sources: tailwindcss_oxide::scanner: Discovering "C:\\Users\\Administrator\\Documents\\Project g-labs\\web-oven\\src\\app\\(auth)"
2026-02-20T23:09:22.548531Z  INFO scan_sources: tailwindcss_oxide::scanner: Discovering "C:\\Users\\Administrator\\Documents\\Project g-labs\\web-oven\\src\\app\\(auth)\\login"
2026-02-20T23:09:22.548669Z  INFO scan_sources: tailwindcss_oxide::scanner: Discovering "C:\\Users\\Administrator\\Documents\\Project g-labs\\web-oven\\src\\app\\(auth)\\login\\page.tsx"
2026-02-20T23:09:22.548804Z  INFO scan_sources: tailwindcss_oxide::scanner: Discovering "C:\\Users\\Administrator\\Documents\\Project g-labs\\web-oven\\src\\app\\(auth)\\pending"
2026-02-20T23:09:22.548933Z  INFO scan_sources: tailwindcss_oxide::scanner: Discovering "C:\\Users\\Administrator\\Documents\\Project g-labs\\web-oven\\src\\app\\(auth)\\pending\\page.tsx"
2026-02-20T23:09:22.549057Z  INFO scan_sources: tailwindcss_oxide::scanner: Discovering "C:\\Users\\Administrator\\Documents\\Project g-labs\\web-oven\\src\\app\\(auth)\\register"
2026-02-20T23:09:22.549199Z  INFO scan_sources: tailwindcss_oxide::scanner: Discovering "C:\\Users\\Administrator\\Documents\\Project g-labs\\web-oven\\src\\app\\(auth)\\register\\page.tsx"
2026-02-20T23:09:22.549342Z  INFO scan_sources: tailwindcss_oxide::scanner: Discovering "C:\\Users\\Administrator\\Documents\\Project g-labs\\web-oven\\src\\app\\(dashboard)"
2026-02-20T23:09:22.549523Z  INFO scan_sources: tailwindcss_oxide::scanner: Discovering "C:\\Users\\Administrator\\Documents\\Project g-labs\\web-oven\\src\\app\\(dashboard)\\admin"
2026-02-20T23:09:22.549695Z  INFO scan_sources: tailwindcss_oxide::scanner: Discovering "C:\\Users\\Administrator\\Documents\\Project g-labs\\web-oven\\src\\app\\(dashboard)\\admin\\bookings"
2026-02-20T23:09:22.549843Z  INFO scan_sources: tailwindcss_oxide::scanner: Discovering "C:\\Users\\Administrator\\Documents\\Project g-labs\\web-oven\\src\\app\\(dashboard)\\admin\\bookings\\action-buttons.tsx"
2026-02-20T23:09:22.549910Z  INFO scan_sources: tailwindcss_oxide::scanner: Discovering "C:\\Users\\Administrator\\Documents\\Project g-labs\\web-oven\\src\\app\\(dashboard)\\admin\\bookings\\booking-management-form.tsx"
2026-02-20T23:09:22.549994Z  INFO scan_sources: tailwindcss_oxide::scanner: Discovering "C:\\Users\\Administrator\\Documents\\Project g-labs\\web-oven\\src\\app\\(dashboard)\\admin\\bookings\\page.tsx"
2026-02-20T23:09:22.550101Z  INFO scan_sources: tailwindcss_oxide::scanner: Discovering "C:\\Users\\Administrator\\Documents\\Project g-labs\\web-oven\\src\\app\\(dashboard)\\admin\\bookings\\[id]"
2026-02-20T23:09:22.550236Z  INFO scan_sources: tailwindcss_oxide::scanner: Discovering "C:\\Users\\Administrator\\Documents\\Project g-labs\\web-oven\\src\\app\\(dashboard)\\admin\\bookings\\[id]\\page.tsx"
2026-02-20T23:09:22.550380Z  INFO scan_sources: tailwindcss_oxide::scanner: Discovering "C:\\Users\\Administrator\\Documents\\Project g-labs\\web-oven\\src\\app\\(dashboard)\\admin\\ovens"
2026-02-20T23:09:22.550523Z  INFO scan_sources: tailwindcss_oxide::scanner: Discovering "C:\\Users\\Administrator\\Documents\\Project g-labs\\web-oven\\src\\app\\(dashboard)\\admin\\ovens\\action-buttons.tsx"
2026-02-20T23:09:22.550592Z  INFO scan_sources: tailwindcss_oxide::scanner: Discovering "C:\\Users\\Administrator\\Documents\\Project g-labs\\web-oven\\src\\app\\(dashboard)\\admin\\ovens\\add-oven-modal.tsx"
2026-02-20T23:09:22.550656Z  INFO scan_sources: tailwindcss_oxide::scanner: Discovering "C:\\Users\\Administrator\\Documents\\Project g-labs\\web-oven\\src\\app\\(dashboard)\\admin\\ovens\\edit-oven-modal.tsx"
2026-02-20T23:09:22.550724Z  INFO scan_sources: tailwindcss_oxide::scanner: Discovering "C:\\Users\\Administrator\\Documents\\Project g-labs\\web-oven\\src\\app\\(dashboard)\\admin\\ovens\\page.tsx"
2026-02-20T23:09:22.550853Z  INFO scan_sources: tailwindcss_oxide::scanner: Discovering "C:\\Users\\Administrator\\Documents\\Project g-labs\\web-oven\\src\\app\\(dashboard)\\admin\\users"
2026-02-20T23:09:22.551044Z  INFO scan_sources: tailwindcss_oxide::scanner: Discovering "C:\\Users\\Administrator\\Documents\\Project g-labs\\web-oven\\src\\app\\(dashboard)\\admin\\users\\action-buttons.tsx"
2026-02-20T23:09:22.551113Z  INFO scan_sources: tailwindcss_oxide::scanner: Discovering "C:\\Users\\Administrator\\Documents\\Project g-labs\\web-oven\\src\\app\\(dashboard)\\admin\\users\\add-user-modal.tsx"
2026-02-20T23:09:22.551175Z  INFO scan_sources: tailwindcss_oxide::scanner: Discovering "C:\\Users\\Administrator\\Documents\\Project g-labs\\web-oven\\src\\app\\(dashboard)\\admin\\users\\page.tsx"
2026-02-20T23:09:22.551283Z  INFO scan_sources: tailwindcss_oxide::scanner: Discovering "C:\\Users\\Administrator\\Documents\\Project g-labs\\web-oven\\src\\app\\(dashboard)\\admin\\users\\[id]"
2026-02-20T23:09:22.551413Z  INFO scan_sources: tailwindcss_oxide::scanner: Discovering "C:\\Users\\Administrator\\Documents\\Project g-labs\\web-oven\\src\\app\\(dashboard)\\admin\\users\\[id]\\page.tsx"
2026-02-20T23:09:22.551589Z  INFO scan_sources: tailwindcss_oxide::scanner: Discovering "C:\\Users\\Administrator\\Documents\\Project g-labs\\web-oven\\src\\app\\(dashboard)\\book"
2026-02-20T23:09:22.551721Z  INFO scan_sources: tailwindcss_oxide::scanner: Discovering "C:\\Users\\Administrator\\Documents\\Project g-labs\\web-oven\\src\\app\\(dashboard)\\book\\page.tsx"
2026-02-20T23:09:22.551805Z  INFO scan_sources: tailwindcss_oxide::scanner: Discovering "C:\\Users\\Administrator\\Documents\\Project g-labs\\web-oven\\src\\app\\(dashboard)\\layout.tsx"
2026-02-20T23:09:22.551911Z  INFO scan_sources: tailwindcss_oxide::scanner: Discovering "C:\\Users\\Administrator\\Documents\\Project g-labs\\web-oven\\src\\app\\(dashboard)\\my-bookings"
2026-02-20T23:09:22.552071Z  INFO scan_sources: tailwindcss_oxide::scanner: Discovering "C:\\Users\\Administrator\\Documents\\Project g-labs\\web-oven\\src\\app\\(dashboard)\\my-bookings\\cancel-button.tsx"
2026-02-20T23:09:22.552146Z  INFO scan_sources: tailwindcss_oxide::scanner: Discovering "C:\\Users\\Administrator\\Documents\\Project g-labs\\web-oven\\src\\app\\(dashboard)\\my-bookings\\page.tsx"
2026-02-20T23:09:22.552250Z  INFO scan_sources: tailwindcss_oxide::scanner: Discovering "C:\\Users\\Administrator\\Documents\\Project g-labs\\web-oven\\src\\app\\(dashboard)\\my-bookings\\[id]"
2026-02-20T23:09:22.552381Z  INFO scan_sources: tailwindcss_oxide::scanner: Discovering "C:\\Users\\Administrator\\Documents\\Project g-labs\\web-oven\\src\\app\\(dashboard)\\my-bookings\\[id]\\page.tsx"
2026-02-20T23:09:22.552484Z  INFO scan_sources: tailwindcss_oxide::scanner: Discovering "C:\\Users\\Administrator\\Documents\\Project g-labs\\web-oven\\src\\app\\(dashboard)\\page.tsx"
2026-02-20T23:09:22.552588Z  INFO scan_sources: tailwindcss_oxide::scanner: Discovering "C:\\Users\\Administrator\\Documents\\Project g-labs\\web-oven\\src\\app\\(dashboard)\\profile"
2026-02-20T23:09:22.552717Z  INFO scan_sources: tailwindcss_oxide::scanner: Discovering "C:\\Users\\Administrator\\Documents\\Project g-labs\\web-oven\\src\\app\\(dashboard)\\profile\\page.tsx"
2026-02-20T23:09:22.552860Z  INFO scan_sources: tailwindcss_oxide::scanner: Discovering "C:\\Users\\Administrator\\Documents\\Project g-labs\\web-oven\\src\\app\\actions"
2026-02-20T23:09:22.552989Z  INFO scan_sources: tailwindcss_oxide::scanner: Discovering "C:\\Users\\Administrator\\Documents\\Project g-labs\\web-oven\\src\\app\\actions\\admin.ts"
2026-02-20T23:09:22.553051Z  INFO scan_sources: tailwindcss_oxide::scanner: Discovering "C:\\Users\\Administrator\\Documents\\Project g-labs\\web-oven\\src\\app\\actions\\auth.ts"
2026-02-20T23:09:22.553112Z  INFO scan_sources: tailwindcss_oxide::scanner: Discovering "C:\\Users\\Administrator\\Documents\\Project g-labs\\web-oven\\src\\app\\actions\\booking.ts"
2026-02-20T23:09:22.553174Z  INFO scan_sources: tailwindcss_oxide::scanner: Discovering "C:\\Users\\Administrator\\Documents\\Project g-labs\\web-oven\\src\\app\\actions\\profile.ts"
2026-02-20T23:09:22.553301Z  INFO scan_sources: tailwindcss_oxide::scanner: Discovering "C:\\Users\\Administrator\\Documents\\Project g-labs\\web-oven\\src\\app\\api"
2026-02-20T23:09:22.553467Z  INFO scan_sources: tailwindcss_oxide::scanner: Discovering "C:\\Users\\Administrator\\Documents\\Project g-labs\\web-oven\\src\\app\\api\\auth"
2026-02-20T23:09:22.553631Z  INFO scan_sources: tailwindcss_oxide::scanner: Discovering "C:\\Users\\Administrator\\Documents\\Project g-labs\\web-oven\\src\\app\\api\\auth\\[...nextauth]"
2026-02-20T23:09:22.553763Z  INFO scan_sources: tailwindcss_oxide::scanner: Discovering "C:\\Users\\Administrator\\Documents\\Project g-labs\\web-oven\\src\\app\\api\\auth\\[...nextauth]\\route.ts"
2026-02-20T23:09:22.553905Z  INFO scan_sources: tailwindcss_oxide::scanner: Discovering "C:\\Users\\Administrator\\Documents\\Project g-labs\\web-oven\\src\\app\\api\\bookings"
2026-02-20T23:09:22.554043Z  INFO scan_sources: tailwindcss_oxide::scanner: Discovering "C:\\Users\\Administrator\\Documents\\Project g-labs\\web-oven\\src\\app\\api\\bookings\\route.ts"
2026-02-20T23:09:22.554171Z  INFO scan_sources: tailwindcss_oxide::scanner: Discovering "C:\\Users\\Administrator\\Documents\\Project g-labs\\web-oven\\src\\app\\api\\ovens"
2026-02-20T23:09:22.554301Z  INFO scan_sources: tailwindcss_oxide::scanner: Discovering "C:\\Users\\Administrator\\Documents\\Project g-labs\\web-oven\\src\\app\\api\\ovens\\route.ts"
2026-02-20T23:09:22.554410Z  INFO scan_sources: tailwindcss_oxide::scanner: Discovering "C:\\Users\\Administrator\\Documents\\Project g-labs\\web-oven\\src\\app\\globals.css"
2026-02-20T23:09:22.554472Z  INFO scan_sources: tailwindcss_oxide::scanner: Discovering "C:\\Users\\Administrator\\Documents\\Project g-labs\\web-oven\\src\\app\\layout.tsx"
2026-02-20T23:09:22.554602Z  INFO scan_sources: tailwindcss_oxide::scanner: Discovering "C:\\Users\\Administrator\\Documents\\Project g-labs\\web-oven\\src\\components"
2026-02-20T23:09:22.554738Z  INFO scan_sources: tailwindcss_oxide::scanner: Discovering "C:\\Users\\Administrator\\Documents\\Project g-labs\\web-oven\\src\\components\\booking-calendar.tsx"
2026-02-20T23:09:22.554803Z  INFO scan_sources: tailwindcss_oxide::scanner: Discovering "C:\\Users\\Administrator\\Documents\\Project g-labs\\web-oven\\src\\components\\confirm-dialog.tsx"
2026-02-20T23:09:22.554865Z  INFO scan_sources: tailwindcss_oxide::scanner: Discovering "C:\\Users\\Administrator\\Documents\\Project g-labs\\web-oven\\src\\components\\dashboard-calendar.tsx"
2026-02-20T23:09:22.554932Z  INFO scan_sources: tailwindcss_oxide::scanner: Discovering "C:\\Users\\Administrator\\Documents\\Project g-labs\\web-oven\\src\\components\\date-time-picker.tsx"
2026-02-20T23:09:22.554997Z  INFO scan_sources: tailwindcss_oxide::scanner: Discovering "C:\\Users\\Administrator\\Documents\\Project g-labs\\web-oven\\src\\components\\flap-slider.tsx"
2026-02-20T23:09:22.555059Z  INFO scan_sources: tailwindcss_oxide::scanner: Discovering "C:\\Users\\Administrator\\Documents\\Project g-labs\\web-oven\\src\\components\\profile-editor.tsx"
2026-02-20T23:09:22.555121Z  INFO scan_sources: tailwindcss_oxide::scanner: Discovering "C:\\Users\\Administrator\\Documents\\Project g-labs\\web-oven\\src\\components\\providers.tsx"
2026-02-20T23:09:22.555194Z  INFO scan_sources: tailwindcss_oxide::scanner: Discovering "C:\\Users\\Administrator\\Documents\\Project g-labs\\web-oven\\src\\components\\sidebar.tsx"
2026-02-20T23:09:22.555265Z  INFO scan_sources: tailwindcss_oxide::scanner: Discovering "C:\\Users\\Administrator\\Documents\\Project g-labs\\web-oven\\src\\components\\time-picker.tsx"
2026-02-20T23:09:22.555326Z  INFO scan_sources: tailwindcss_oxide::scanner: Discovering "C:\\Users\\Administrator\\Documents\\Project g-labs\\web-oven\\src\\components\\toast.tsx"
2026-02-20T23:09:22.555579Z  INFO scan_sources: tailwindcss_oxide::scanner: Discovering "C:\\Users\\Administrator\\Documents\\Project g-labs\\web-oven\\src\\lib"
2026-02-20T23:09:22.555707Z  INFO scan_sources: tailwindcss_oxide::scanner: Discovering "C:\\Users\\Administrator\\Documents\\Project g-labs\\web-oven\\src\\lib\\auth.ts"
2026-02-20T23:09:22.555824Z  INFO scan_sources: tailwindcss_oxide::scanner: Discovering "C:\\Users\\Administrator\\Documents\\Project g-labs\\web-oven\\src\\lib\\prisma.ts"
2026-02-20T23:09:22.555888Z  INFO scan_sources: tailwindcss_oxide::scanner: Discovering "C:\\Users\\Administrator\\Documents\\Project g-labs\\web-oven\\src\\lib\\utils.ts"
2026-02-20T23:09:22.555989Z  INFO scan_sources: tailwindcss_oxide::scanner: Discovering "C:\\Users\\Administrator\\Documents\\Project g-labs\\web-oven\\src\\middleware.ts"
2026-02-20T23:09:22.556095Z  INFO scan_sources: tailwindcss_oxide::scanner: Discovering "C:\\Users\\Administrator\\Documents\\Project g-labs\\web-oven\\src\\types"
2026-02-20T23:09:22.556233Z  INFO scan_sources: tailwindcss_oxide::scanner: Discovering "C:\\Users\\Administrator\\Documents\\Project g-labs\\web-oven\\src\\types\\next-auth.d.ts"
2026-02-20T23:09:22.556367Z  INFO scan_sources: tailwindcss_oxide::scanner: Discovering "C:\\Users\\Administrator\\Documents\\Project g-labs\\web-oven\\tsconfig.json"
2026-02-20T23:09:22.556499Z  INFO scan_sources: tailwindcss_oxide::scanner: exit
2026-02-20T23:09:22.556511Z  INFO extract_candidates: tailwindcss_oxide::scanner: enter
2026-02-20T23:09:22.556519Z  INFO extract_candidates:read_all_files: tailwindcss_oxide::scanner: enter
2026-02-20T23:09:22.556526Z  INFO extract_candidates:read_all_files: tailwindcss_oxide::scanner: Reading 64 file(s)
2026-02-20T23:09:22.557340Z  INFO tailwindcss_oxide::scanner: Reading "C:\\Users\\Administrator\\Documents\\Project g-labs\\web-oven\\public\\window.svg"
2026-02-20T23:09:22.557372Z  INFO tailwindcss_oxide::scanner: Reading "C:\\Users\\Administrator\\Documents\\Project g-labs\\web-oven\\postcss.config.mjs"
2026-02-20T23:09:22.557366Z  INFO tailwindcss_oxide::scanner: Reading "C:\\Users\\Administrator\\Documents\\Project g-labs\\web-oven\\.dockerignore"
2026-02-20T23:09:22.557419Z  INFO tailwindcss_oxide::scanner: Reading "C:\\Users\\Administrator\\Documents\\Project g-labs\\web-oven\\src\\app\\(dashboard)\\admin\\users\\[id]\\page.tsx"
2026-02-20T23:09:22.557440Z  INFO tailwindcss_oxide::scanner: Reading "C:\\Users\\Administrator\\Documents\\Project g-labs\\web-oven\\Dockerfile"
2026-02-20T23:09:22.557487Z  INFO tailwindcss_oxide::scanner: Reading "C:\\Users\\Administrator\\Documents\\Project g-labs\\web-oven\\prisma\\schema.prisma"
2026-02-20T23:09:22.557528Z  INFO tailwindcss_oxide::scanner: Reading "C:\\Users\\Administrator\\Documents\\Project g-labs\\web-oven\\.env.example"
2026-02-20T23:09:22.557548Z  INFO tailwindcss_oxide::scanner: Reading "C:\\Users\\Administrator\\Documents\\Project g-labs\\web-oven\\src\\components\\time-picker.tsx"
2026-02-20T23:09:22.557579Z  INFO tailwindcss_oxide::scanner: Reading "C:\\Users\\Administrator\\Documents\\Project g-labs\\web-oven\\README.md"
2026-02-20T23:09:22.557588Z  INFO tailwindcss_oxide::scanner: Reading "C:\\Users\\Administrator\\Documents\\Project g-labs\\web-oven\\src\\app\\(dashboard)\\book\\page.tsx"
2026-02-20T23:09:22.557602Z  INFO tailwindcss_oxide::scanner: Reading "C:\\Users\\Administrator\\Documents\\Project g-labs\\web-oven\\infra.md"
2026-02-20T23:09:22.557634Z  INFO tailwindcss_oxide::scanner: Reading "C:\\Users\\Administrator\\Documents\\Project g-labs\\web-oven\\prisma\\seed.ts"
2026-02-20T23:09:22.557662Z  INFO tailwindcss_oxide::scanner: Reading "C:\\Users\\Administrator\\Documents\\Project g-labs\\web-oven\\docker-compose.yml"
2026-02-20T23:09:22.557688Z  INFO tailwindcss_oxide::scanner: Reading "C:\\Users\\Administrator\\Documents\\Project g-labs\\web-oven\\src\\components\\toast.tsx"
2026-02-20T23:09:22.557744Z  INFO tailwindcss_oxide::scanner: Reading "C:\\Users\\Administrator\\Documents\\Project g-labs\\web-oven\\next.config.ts"
2026-02-20T23:09:22.557757Z  INFO tailwindcss_oxide::scanner: Reading "C:\\Users\\Administrator\\Documents\\Project g-labs\\web-oven\\src\\app\\(dashboard)\\layout.tsx"
2026-02-20T23:09:22.557770Z  INFO tailwindcss_oxide::scanner: Reading "C:\\Users\\Administrator\\Documents\\Project g-labs\\web-oven\\prisma.config.ts"
2026-02-20T23:09:22.557771Z  INFO tailwindcss_oxide::scanner: Reading "C:\\Users\\Administrator\\Documents\\Project g-labs\\web-oven\\src\\app\\(auth)\\login\\page.tsx"
2026-02-20T23:09:22.557781Z  INFO tailwindcss_oxide::scanner: Reading "C:\\Users\\Administrator\\Documents\\Project g-labs\\web-oven\\docker-entrypoint.sh"
2026-02-20T23:09:22.557807Z  INFO tailwindcss_oxide::scanner: Reading "C:\\Users\\Administrator\\Documents\\Project g-labs\\web-oven\\src\\components\\booking-calendar.tsx"
2026-02-20T23:09:22.557800Z  INFO tailwindcss_oxide::scanner: Reading "C:\\Users\\Administrator\\Documents\\Project g-labs\\web-oven\\src\\lib\\auth.ts"
2026-02-20T23:09:22.557839Z  INFO tailwindcss_oxide::scanner: Reading "C:\\Users\\Administrator\\Documents\\Project g-labs\\web-oven\\package.json"
2026-02-20T23:09:22.557877Z  INFO tailwindcss_oxide::scanner: Reading "C:\\Users\\Administrator\\Documents\\Project g-labs\\web-oven\\src\\app\\(dashboard)\\my-bookings\\cancel-button.tsx"
2026-02-20T23:09:22.557793Z  INFO tailwindcss_oxide::scanner: Reading "C:\\Users\\Administrator\\Documents\\Project g-labs\\web-oven\\src\\lib\\utils.ts"
2026-02-20T23:09:22.557896Z  INFO tailwindcss_oxide::scanner: Reading "C:\\Users\\Administrator\\Documents\\Project g-labs\\web-oven\\public\\file.svg"
2026-02-20T23:09:22.557931Z  INFO tailwindcss_oxide::scanner: Reading "C:\\Users\\Administrator\\Documents\\Project g-labs\\web-oven\\src\\app\\(auth)\\pending\\page.tsx"
2026-02-20T23:09:22.557946Z  INFO tailwindcss_oxide::scanner: Reading "C:\\Users\\Administrator\\Documents\\Project g-labs\\web-oven\\public\\next.svg"
2026-02-20T23:09:22.557993Z  INFO tailwindcss_oxide::scanner: Reading "C:\\Users\\Administrator\\Documents\\Project g-labs\\web-oven\\public\\globe.svg"
2026-02-20T23:09:22.558006Z  INFO tailwindcss_oxide::scanner: Reading "C:\\Users\\Administrator\\Documents\\Project g-labs\\web-oven\\src\\app\\(dashboard)\\my-bookings\\page.tsx"
2026-02-20T23:09:22.558007Z  INFO tailwindcss_oxide::scanner: Reading "C:\\Users\\Administrator\\Documents\\Project g-labs\\web-oven\\public\\vercel.svg"
2026-02-20T23:09:22.558026Z  INFO tailwindcss_oxide::scanner: Reading "C:\\Users\\Administrator\\Documents\\Project g-labs\\web-oven\\src\\middleware.ts"
2026-02-20T23:09:22.558031Z  INFO tailwindcss_oxide::scanner: Reading "C:\\Users\\Administrator\\Documents\\Project g-labs\\web-oven\\src\\components\\flap-slider.tsx"
2026-02-20T23:09:22.558052Z  INFO tailwindcss_oxide::scanner: Reading "C:\\Users\\Administrator\\Documents\\Project g-labs\\web-oven\\src\\app\\(auth)\\register\\page.tsx"
2026-02-20T23:09:22.558070Z  INFO tailwindcss_oxide::scanner: Reading "C:\\Users\\Administrator\\Documents\\Project g-labs\\web-oven\\src\\lib\\prisma.ts"
2026-02-20T23:09:22.558102Z  INFO tailwindcss_oxide::scanner: Reading "C:\\Users\\Administrator\\Documents\\Project g-labs\\web-oven\\src\\types\\next-auth.d.ts"
2026-02-20T23:09:22.558131Z  INFO tailwindcss_oxide::scanner: Reading "C:\\Users\\Administrator\\Documents\\Project g-labs\\web-oven\\src\\app\\(dashboard)\\my-bookings\\[id]\\page.tsx"
2026-02-20T23:09:22.558088Z  INFO tailwindcss_oxide::scanner: Reading "C:\\Users\\Administrator\\Documents\\Project g-labs\\web-oven\\src\\components\\dashboard-calendar.tsx"
2026-02-20T23:09:22.558206Z  INFO tailwindcss_oxide::scanner: Reading "C:\\Users\\Administrator\\Documents\\Project g-labs\\web-oven\\src\\app\\api\\auth\\[...nextauth]\\route.ts"
2026-02-20T23:09:22.558166Z  INFO tailwindcss_oxide::scanner: Reading "C:\\Users\\Administrator\\Documents\\Project g-labs\\web-oven\\src\\components\\profile-editor.tsx"
2026-02-20T23:09:22.558236Z  INFO tailwindcss_oxide::scanner: Reading "C:\\Users\\Administrator\\Documents\\Project g-labs\\web-oven\\src\\components\\date-time-picker.tsx"
2026-02-20T23:09:22.558224Z  INFO tailwindcss_oxide::scanner: Reading "C:\\Users\\Administrator\\Documents\\Project g-labs\\web-oven\\src\\app\\actions\\admin.ts"
2026-02-20T23:09:22.558298Z  INFO tailwindcss_oxide::scanner: Reading "C:\\Users\\Administrator\\Documents\\Project g-labs\\web-oven\\src\\app\\(dashboard)\\page.tsx"
2026-02-20T23:09:22.558230Z  INFO tailwindcss_oxide::scanner: Reading "C:\\Users\\Administrator\\Documents\\Project g-labs\\web-oven\\tsconfig.json"
2026-02-20T23:09:22.558180Z  INFO tailwindcss_oxide::scanner: Reading "C:\\Users\\Administrator\\Documents\\Project g-labs\\web-oven\\src\\app\\(dashboard)\\admin\\bookings\\action-buttons.tsx"
2026-02-20T23:09:22.558385Z  INFO tailwindcss_oxide::scanner: Reading "C:\\Users\\Administrator\\Documents\\Project g-labs\\web-oven\\src\\app\\(dashboard)\\profile\\page.tsx"
2026-02-20T23:09:22.558348Z  INFO tailwindcss_oxide::scanner: Reading "C:\\Users\\Administrator\\Documents\\Project g-labs\\web-oven\\src\\components\\providers.tsx"
2026-02-20T23:09:22.558428Z  INFO tailwindcss_oxide::scanner: Reading "C:\\Users\\Administrator\\Documents\\Project g-labs\\web-oven\\src\\app\\api\\bookings\\route.ts"
2026-02-20T23:09:22.558449Z  INFO tailwindcss_oxide::scanner: Reading "C:\\Users\\Administrator\\Documents\\Project g-labs\\web-oven\\src\\app\\actions\\profile.ts"
2026-02-20T23:09:22.558478Z  INFO tailwindcss_oxide::scanner: Reading "C:\\Users\\Administrator\\Documents\\Project g-labs\\web-oven\\src\\app\\(dashboard)\\admin\\bookings\\booking-management-form.tsx"
2026-02-20T23:09:22.558526Z  INFO tailwindcss_oxide::scanner: Reading "C:\\Users\\Administrator\\Documents\\Project g-labs\\web-oven\\src\\app\\(dashboard)\\admin\\bookings\\page.tsx"
2026-02-20T23:09:22.558573Z  INFO tailwindcss_oxide::scanner: Reading "C:\\Users\\Administrator\\Documents\\Project g-labs\\web-oven\\src\\app\\api\\ovens\\route.ts"
2026-02-20T23:09:22.558590Z  INFO tailwindcss_oxide::scanner: Reading "C:\\Users\\Administrator\\Documents\\Project g-labs\\web-oven\\src\\components\\sidebar.tsx"
2026-02-20T23:09:22.558574Z  INFO tailwindcss_oxide::scanner: Reading "C:\\Users\\Administrator\\Documents\\Project g-labs\\web-oven\\src\\app\\(dashboard)\\admin\\bookings\\[id]\\page.tsx"
2026-02-20T23:09:22.558616Z  INFO tailwindcss_oxide::scanner: Reading "C:\\Users\\Administrator\\Documents\\Project g-labs\\web-oven\\src\\app\\(dashboard)\\admin\\ovens\\page.tsx"
2026-02-20T23:09:22.558399Z  INFO tailwindcss_oxide::scanner: Reading "C:\\Users\\Administrator\\Documents\\Project g-labs\\web-oven\\src\\app\\actions\\booking.ts"
2026-02-20T23:09:22.558625Z  INFO tailwindcss_oxide::scanner: Reading "C:\\Users\\Administrator\\Documents\\Project g-labs\\web-oven\\src\\app\\layout.tsx"
2026-02-20T23:09:22.558323Z  INFO tailwindcss_oxide::scanner: Reading "C:\\Users\\Administrator\\Documents\\Project g-labs\\web-oven\\src\\components\\confirm-dialog.tsx"
2026-02-20T23:09:22.558684Z  INFO tailwindcss_oxide::scanner: Reading "C:\\Users\\Administrator\\Documents\\Project g-labs\\web-oven\\src\\app\\actions\\auth.ts"
2026-02-20T23:09:22.558712Z  INFO tailwindcss_oxide::scanner: Reading "C:\\Users\\Administrator\\Documents\\Project g-labs\\web-oven\\src\\app\\(dashboard)\\admin\\ovens\\add-oven-modal.tsx"
2026-02-20T23:09:22.558725Z  INFO tailwindcss_oxide::scanner: Reading "C:\\Users\\Administrator\\Documents\\Project g-labs\\web-oven\\src\\app\\(dashboard)\\admin\\users\\add-user-modal.tsx"
2026-02-20T23:09:22.558710Z  INFO tailwindcss_oxide::scanner: Reading "C:\\Users\\Administrator\\Documents\\Project g-labs\\web-oven\\src\\app\\(dashboard)\\admin\\ovens\\edit-oven-modal.tsx"
2026-02-20T23:09:22.558739Z  INFO tailwindcss_oxide::scanner: Reading "C:\\Users\\Administrator\\Documents\\Project g-labs\\web-oven\\src\\app\\(dashboard)\\admin\\users\\action-buttons.tsx"
2026-02-20T23:09:22.558754Z  INFO tailwindcss_oxide::scanner: Reading "C:\\Users\\Administrator\\Documents\\Project g-labs\\web-oven\\src\\app\\(dashboard)\\admin\\ovens\\action-buttons.tsx"
2026-02-20T23:09:22.558843Z  INFO tailwindcss_oxide::scanner: Reading "C:\\Users\\Administrator\\Documents\\Project g-labs\\web-oven\\src\\app\\(dashboard)\\admin\\users\\page.tsx"
2026-02-20T23:09:22.559384Z  INFO extract_candidates:read_all_files: tailwindcss_oxide::scanner: exit
2026-02-20T23:09:22.559413Z  INFO extract_candidates:parse_all_blobs: tailwindcss_oxide::scanner: enter
2026-02-20T23:09:22.559422Z  INFO extract_candidates:parse_all_blobs:extract: tailwindcss_oxide::scanner: enter
2026-02-20T23:09:22.562349Z  INFO extract_candidates:parse_all_blobs:extract: tailwindcss_oxide::scanner: exit
2026-02-20T23:09:22.562529Z  INFO extract_candidates:parse_all_blobs: tailwindcss_oxide::scanner: exit
2026-02-20T23:09:22.562554Z  INFO extract_candidates:read_all_files: tailwindcss_oxide::scanner: enter
2026-02-20T23:09:22.562561Z  INFO extract_candidates:read_all_files: tailwindcss_oxide::scanner: Reading 1 file(s)
2026-02-20T23:09:22.562754Z  INFO extract_candidates:read_all_files: tailwindcss_oxide::scanner: Reading "C:\\Users\\Administrator\\Documents\\Project g-labs\\web-oven\\src\\app\\globals.css"
2026-02-20T23:09:22.562768Z  INFO extract_candidates:read_all_files: tailwindcss_oxide::scanner: exit
2026-02-20T23:09:22.562777Z  INFO extract_candidates:extract_css_variables: tailwindcss_oxide::scanner: enter
2026-02-20T23:09:22.562782Z  INFO extract_candidates:extract_css_variables:extract: tailwindcss_oxide::scanner: enter
2026-02-20T23:09:22.562909Z  INFO extract_candidates:extract_css_variables:extract: tailwindcss_oxide::scanner: exit
2026-02-20T23:09:22.562929Z  INFO extract_candidates:extract_css_variables: tailwindcss_oxide::scanner: exit
2026-02-20T23:09:22.563548Z  INFO extract_candidates: tailwindcss_oxide::scanner: exit
2026-02-20T23:09:22.564698Z  INFO get_files: tailwindcss_oxide::scanner: enter
2026-02-20T23:09:22.564715Z  INFO get_files:scan_sources: tailwindcss_oxide::scanner: enter
2026-02-20T23:09:22.567880Z  INFO get_files:scan_sources: tailwindcss_oxide::scanner: Discovering "C:\\Users\\Administrator\\Documents\\Project g-labs\\web-oven\\prisma"
2026-02-20T23:09:22.568354Z  INFO get_files:scan_sources: tailwindcss_oxide::scanner: Discovering "C:\\Users\\Administrator\\Documents\\Project g-labs\\web-oven\\public"
2026-02-20T23:09:22.568966Z  INFO get_files:scan_sources: tailwindcss_oxide::scanner: Discovering "C:\\Users\\Administrator\\Documents\\Project g-labs\\web-oven\\src"
2026-02-20T23:09:22.569174Z  INFO get_files:scan_sources: tailwindcss_oxide::scanner: Discovering "C:\\Users\\Administrator\\Documents\\Project g-labs\\web-oven\\src\\app"
2026-02-20T23:09:22.569350Z  INFO get_files:scan_sources: tailwindcss_oxide::scanner: Discovering "C:\\Users\\Administrator\\Documents\\Project g-labs\\web-oven\\src\\app\\(auth)"
2026-02-20T23:09:22.569526Z  INFO get_files:scan_sources: tailwindcss_oxide::scanner: Discovering "C:\\Users\\Administrator\\Documents\\Project g-labs\\web-oven\\src\\app\\(auth)\\login"
2026-02-20T23:09:22.569754Z  INFO get_files:scan_sources: tailwindcss_oxide::scanner: Discovering "C:\\Users\\Administrator\\Documents\\Project g-labs\\web-oven\\src\\app\\(auth)\\pending"
2026-02-20T23:09:22.569976Z  INFO get_files:scan_sources: tailwindcss_oxide::scanner: Discovering "C:\\Users\\Administrator\\Documents\\Project g-labs\\web-oven\\src\\app\\(auth)\\register"
2026-02-20T23:09:22.570213Z  INFO get_files:scan_sources: tailwindcss_oxide::scanner: Discovering "C:\\Users\\Administrator\\Documents\\Project g-labs\\web-oven\\src\\app\\(dashboard)"
2026-02-20T23:09:22.570382Z  INFO get_files:scan_sources: tailwindcss_oxide::scanner: Discovering "C:\\Users\\Administrator\\Documents\\Project g-labs\\web-oven\\src\\app\\(dashboard)\\admin"
2026-02-20T23:09:22.570554Z  INFO get_files:scan_sources: tailwindcss_oxide::scanner: Discovering "C:\\Users\\Administrator\\Documents\\Project g-labs\\web-oven\\src\\app\\(dashboard)\\admin\\bookings"
2026-02-20T23:09:22.570863Z  INFO get_files:scan_sources: tailwindcss_oxide::scanner: Discovering "C:\\Users\\Administrator\\Documents\\Project g-labs\\web-oven\\src\\app\\(dashboard)\\admin\\bookings\\[id]"
2026-02-20T23:09:22.571125Z  INFO get_files:scan_sources: tailwindcss_oxide::scanner: Discovering "C:\\Users\\Administrator\\Documents\\Project g-labs\\web-oven\\src\\app\\(dashboard)\\admin\\ovens"
2026-02-20T23:09:22.571505Z  INFO get_files:scan_sources: tailwindcss_oxide::scanner: Discovering "C:\\Users\\Administrator\\Documents\\Project g-labs\\web-oven\\src\\app\\(dashboard)\\admin\\users"
2026-02-20T23:09:22.571777Z  INFO get_files:scan_sources: tailwindcss_oxide::scanner: Discovering "C:\\Users\\Administrator\\Documents\\Project g-labs\\web-oven\\src\\app\\(dashboard)\\admin\\users\\[id]"
2026-02-20T23:09:22.572044Z  INFO get_files:scan_sources: tailwindcss_oxide::scanner: Discovering "C:\\Users\\Administrator\\Documents\\Project g-labs\\web-oven\\src\\app\\(dashboard)\\book"
2026-02-20T23:09:22.572368Z  INFO get_files:scan_sources: tailwindcss_oxide::scanner: Discovering "C:\\Users\\Administrator\\Documents\\Project g-labs\\web-oven\\src\\app\\(dashboard)\\my-bookings"
2026-02-20T23:09:22.572652Z  INFO get_files:scan_sources: tailwindcss_oxide::scanner: Discovering "C:\\Users\\Administrator\\Documents\\Project g-labs\\web-oven\\src\\app\\(dashboard)\\my-bookings\\[id]"
2026-02-20T23:09:22.573045Z  INFO get_files:scan_sources: tailwindcss_oxide::scanner: Discovering "C:\\Users\\Administrator\\Documents\\Project g-labs\\web-oven\\src\\app\\(dashboard)\\profile"
2026-02-20T23:09:22.573294Z  INFO get_files:scan_sources: tailwindcss_oxide::scanner: Discovering "C:\\Users\\Administrator\\Documents\\Project g-labs\\web-oven\\src\\app\\actions"
2026-02-20T23:09:22.573607Z  INFO get_files:scan_sources: tailwindcss_oxide::scanner: Discovering "C:\\Users\\Administrator\\Documents\\Project g-labs\\web-oven\\src\\app\\api"
2026-02-20T23:09:22.573825Z  INFO get_files:scan_sources: tailwindcss_oxide::scanner: Discovering "C:\\Users\\Administrator\\Documents\\Project g-labs\\web-oven\\src\\app\\api\\auth"
2026-02-20T23:09:22.574036Z  INFO get_files:scan_sources: tailwindcss_oxide::scanner: Discovering "C:\\Users\\Administrator\\Documents\\Project g-labs\\web-oven\\src\\app\\api\\auth\\[...nextauth]"
2026-02-20T23:09:22.574340Z  INFO get_files:scan_sources: tailwindcss_oxide::scanner: Discovering "C:\\Users\\Administrator\\Documents\\Project g-labs\\web-oven\\src\\app\\api\\bookings"
2026-02-20T23:09:22.574618Z  INFO get_files:scan_sources: tailwindcss_oxide::scanner: Discovering "C:\\Users\\Administrator\\Documents\\Project g-labs\\web-oven\\src\\app\\api\\ovens"
2026-02-20T23:09:22.575015Z  INFO get_files:scan_sources: tailwindcss_oxide::scanner: Discovering "C:\\Users\\Administrator\\Documents\\Project g-labs\\web-oven\\src\\components"
2026-02-20T23:09:22.575690Z  INFO get_files:scan_sources: tailwindcss_oxide::scanner: Discovering "C:\\Users\\Administrator\\Documents\\Project g-labs\\web-oven\\src\\lib"
2026-02-20T23:09:22.576291Z  INFO get_files:scan_sources: tailwindcss_oxide::scanner: Discovering "C:\\Users\\Administrator\\Documents\\Project g-labs\\web-oven\\src\\types"
2026-02-20T23:09:22.576772Z  INFO get_files:scan_sources: tailwindcss_oxide::scanner: exit
2026-02-20T23:09:22.576941Z  INFO get_files: tailwindcss_oxide::scanner: exit
2026-02-20T23:09:22.578047Z  INFO get_globs: tailwindcss_oxide::scanner: enter
2026-02-20T23:09:22.578066Z  INFO get_globs:scan_sources: tailwindcss_oxide::scanner: enter
2026-02-20T23:09:22.580871Z  INFO get_globs:scan_sources: tailwindcss_oxide::scanner: Discovering "C:\\Users\\Administrator\\Documents\\Project g-labs\\web-oven\\prisma"
2026-02-20T23:09:22.581183Z  INFO get_globs:scan_sources: tailwindcss_oxide::scanner: Discovering "C:\\Users\\Administrator\\Documents\\Project g-labs\\web-oven\\public"
2026-02-20T23:09:22.581617Z  INFO get_globs:scan_sources: tailwindcss_oxide::scanner: Discovering "C:\\Users\\Administrator\\Documents\\Project g-labs\\web-oven\\src"
2026-02-20T23:09:22.581814Z  INFO get_globs:scan_sources: tailwindcss_oxide::scanner: Discovering "C:\\Users\\Administrator\\Documents\\Project g-labs\\web-oven\\src\\app"
2026-02-20T23:09:22.582054Z  INFO get_globs:scan_sources: tailwindcss_oxide::scanner: Discovering "C:\\Users\\Administrator\\Documents\\Project g-labs\\web-oven\\src\\app\\(auth)"
2026-02-20T23:09:22.582307Z  INFO get_globs:scan_sources: tailwindcss_oxide::scanner: Discovering "C:\\Users\\Administrator\\Documents\\Project g-labs\\web-oven\\src\\app\\(auth)\\login"
2026-02-20T23:09:22.582677Z  INFO get_globs:scan_sources: tailwindcss_oxide::scanner: Discovering "C:\\Users\\Administrator\\Documents\\Project g-labs\\web-oven\\src\\app\\(auth)\\pending"
2026-02-20T23:09:22.582990Z  INFO get_globs:scan_sources: tailwindcss_oxide::scanner: Discovering "C:\\Users\\Administrator\\Documents\\Project g-labs\\web-oven\\src\\app\\(auth)\\register"
2026-02-20T23:09:22.583331Z  INFO get_globs:scan_sources: tailwindcss_oxide::scanner: Discovering "C:\\Users\\Administrator\\Documents\\Project g-labs\\web-oven\\src\\app\\(dashboard)"
2026-02-20T23:09:22.583567Z  INFO get_globs:scan_sources: tailwindcss_oxide::scanner: Discovering "C:\\Users\\Administrator\\Documents\\Project g-labs\\web-oven\\src\\app\\(dashboard)\\admin"
2026-02-20T23:09:22.583759Z  INFO get_globs:scan_sources: tailwindcss_oxide::scanner: Discovering "C:\\Users\\Administrator\\Documents\\Project g-labs\\web-oven\\src\\app\\(dashboard)\\admin\\bookings"
2026-02-20T23:09:22.584029Z  INFO get_globs:scan_sources: tailwindcss_oxide::scanner: Discovering "C:\\Users\\Administrator\\Documents\\Project g-labs\\web-oven\\src\\app\\(dashboard)\\admin\\bookings\\[id]"
2026-02-20T23:09:22.584279Z  INFO get_globs:scan_sources: tailwindcss_oxide::scanner: Discovering "C:\\Users\\Administrator\\Documents\\Project g-labs\\web-oven\\src\\app\\(dashboard)\\admin\\ovens"
2026-02-20T23:09:22.584603Z  INFO get_globs:scan_sources: tailwindcss_oxide::scanner: Discovering "C:\\Users\\Administrator\\Documents\\Project g-labs\\web-oven\\src\\app\\(dashboard)\\admin\\users"
2026-02-20T23:09:22.584902Z  INFO get_globs:scan_sources: tailwindcss_oxide::scanner: Discovering "C:\\Users\\Administrator\\Documents\\Project g-labs\\web-oven\\src\\app\\(dashboard)\\admin\\users\\[id]"
2026-02-20T23:09:22.585155Z  INFO get_globs:scan_sources: tailwindcss_oxide::scanner: Discovering "C:\\Users\\Administrator\\Documents\\Project g-labs\\web-oven\\src\\app\\(dashboard)\\book"
2026-02-20T23:09:22.585412Z  INFO get_globs:scan_sources: tailwindcss_oxide::scanner: Discovering "C:\\Users\\Administrator\\Documents\\Project g-labs\\web-oven\\src\\app\\(dashboard)\\my-bookings"
2026-02-20T23:09:22.585653Z  INFO get_globs:scan_sources: tailwindcss_oxide::scanner: Discovering "C:\\Users\\Administrator\\Documents\\Project g-labs\\web-oven\\src\\app\\(dashboard)\\my-bookings\\[id]"
2026-02-20T23:09:22.585924Z  INFO get_globs:scan_sources: tailwindcss_oxide::scanner: Discovering "C:\\Users\\Administrator\\Documents\\Project g-labs\\web-oven\\src\\app\\(dashboard)\\profile"
2026-02-20T23:09:22.586155Z  INFO get_globs:scan_sources: tailwindcss_oxide::scanner: Discovering "C:\\Users\\Administrator\\Documents\\Project g-labs\\web-oven\\src\\app\\actions"
2026-02-20T23:09:22.586463Z  INFO get_globs:scan_sources: tailwindcss_oxide::scanner: Discovering "C:\\Users\\Administrator\\Documents\\Project g-labs\\web-oven\\src\\app\\api"
2026-02-20T23:09:22.586630Z  INFO get_globs:scan_sources: tailwindcss_oxide::scanner: Discovering "C:\\Users\\Administrator\\Documents\\Project g-labs\\web-oven\\src\\app\\api\\auth"
2026-02-20T23:09:22.586795Z  INFO get_globs:scan_sources: tailwindcss_oxide::scanner: Discovering "C:\\Users\\Administrator\\Documents\\Project g-labs\\web-oven\\src\\app\\api\\auth\\[...nextauth]"
2026-02-20T23:09:22.587028Z  INFO get_globs:scan_sources: tailwindcss_oxide::scanner: Discovering "C:\\Users\\Administrator\\Documents\\Project g-labs\\web-oven\\src\\app\\api\\bookings"
2026-02-20T23:09:22.587241Z  INFO get_globs:scan_sources: tailwindcss_oxide::scanner: Discovering "C:\\Users\\Administrator\\Documents\\Project g-labs\\web-oven\\src\\app\\api\\ovens"
2026-02-20T23:09:22.587560Z  INFO get_globs:scan_sources: tailwindcss_oxide::scanner: Discovering "C:\\Users\\Administrator\\Documents\\Project g-labs\\web-oven\\src\\components"
2026-02-20T23:09:22.588181Z  INFO get_globs:scan_sources: tailwindcss_oxide::scanner: Discovering "C:\\Users\\Administrator\\Documents\\Project g-labs\\web-oven\\src\\lib"
2026-02-20T23:09:22.588498Z  INFO get_globs:scan_sources: tailwindcss_oxide::scanner: Discovering "C:\\Users\\Administrator\\Documents\\Project g-labs\\web-oven\\src\\types"
2026-02-20T23:09:22.588795Z  INFO get_globs:scan_sources: tailwindcss_oxide::scanner: exit
2026-02-20T23:09:22.596470Z  INFO get_globs: tailwindcss_oxide::scanner: exit
